{"C:\\Users\\joane\\sosracismo\\server\\server.js": {"path":"C:\\Users\\joane\\sosracismo\\server\\server.js","statementMap":{"0":{"start":{"line":1,"column":16},"end":{"line":1,"column":34}},"1":{"start":{"line":2,"column":13},"end":{"line":2,"column":28}},"2":{"start":{"line":3,"column":15},"end":{"line":3,"column":24}},"3":{"start":{"line":4,"column":11},"end":{"line":4,"column":30}},"4":{"start":{"line":6,"column":21},"end":{"line":8,"column":1}},"5":{"start":{"line":10,"column":0},"end":{"line":10,"column":27}},"6":{"start":{"line":11,"column":0},"end":{"line":11,"column":33}},"7":{"start":{"line":13,"column":12},"end":{"line":13,"column":37}},"8":{"start":{"line":15,"column":0},"end":{"line":15,"column":31}},"9":{"start":{"line":16,"column":0},"end":{"line":16,"column":21}},"10":{"start":{"line":17,"column":0},"end":{"line":23,"column":3}},"11":{"start":{"line":18,"column":2},"end":{"line":18,"column":49}},"12":{"start":{"line":19,"column":2},"end":{"line":19,"column":158}},"13":{"start":{"line":20,"column":2},"end":{"line":20,"column":80}},"14":{"start":{"line":21,"column":2},"end":{"line":21,"column":57}},"15":{"start":{"line":22,"column":2},"end":{"line":22,"column":9}},"16":{"start":{"line":27,"column":0},"end":{"line":29,"column":3}},"17":{"start":{"line":28,"column":2},"end":{"line":28,"column":60}},"18":{"start":{"line":32,"column":13},"end":{"line":32,"column":37}},"19":{"start":{"line":34,"column":0},"end":{"line":34,"column":23}},"20":{"start":{"line":42,"column":0},"end":{"line":42,"column":23}}},"fnMap":{"0":{"name":"(anonymous_0)","decl":{"start":{"line":17,"column":11},"end":{"line":17,"column":12}},"loc":{"start":{"line":17,"column":31},"end":{"line":23,"column":1}},"line":17},"1":{"name":"(anonymous_1)","decl":{"start":{"line":27,"column":16},"end":{"line":27,"column":17}},"loc":{"start":{"line":27,"column":30},"end":{"line":29,"column":1}},"line":27}},"branchMap":{"0":{"loc":{"start":{"line":32,"column":13},"end":{"line":32,"column":37}},"type":"binary-expr","locations":[{"start":{"line":32,"column":13},"end":{"line":32,"column":29}},{"start":{"line":32,"column":33},"end":{"line":32,"column":37}}],"line":32}},"s":{"0":1,"1":1,"2":1,"3":1,"4":1,"5":1,"6":1,"7":1,"8":1,"9":1,"10":1,"11":0,"12":0,"13":0,"14":0,"15":0,"16":1,"17":0,"18":1,"19":1,"20":1},"f":{"0":0,"1":0},"b":{"0":[1,1]},"_coverageSchema":"1a1c01bbd47fc00a2c39e90264f33305004495a9","hash":"6c1d3aff8c82059308d6c85011ddeeb72bb2f41e"}
,"C:\\Users\\joane\\sosracismo\\server\\config\\auth.config.js": {"path":"C:\\Users\\joane\\sosracismo\\server\\config\\auth.config.js","statementMap":{"0":{"start":{"line":1,"column":0},"end":{"line":3,"column":4}}},"fnMap":{},"branchMap":{},"s":{"0":1},"f":{},"b":{},"_coverageSchema":"1a1c01bbd47fc00a2c39e90264f33305004495a9","hash":"21c774ab0b3dc65bbf9b95de7b5bbe322d6d4066"}
,"C:\\Users\\joane\\sosracismo\\server\\config\\db.config.js": {"path":"C:\\Users\\joane\\sosracismo\\server\\config\\db.config.js","statementMap":{"0":{"start":{"line":1,"column":0},"end":{"line":13,"column":4}}},"fnMap":{},"branchMap":{},"s":{"0":1},"f":{},"b":{},"_coverageSchema":"1a1c01bbd47fc00a2c39e90264f33305004495a9","hash":"8f7750b623f49879950b4d95c074332e65fdfa0f"}
,"C:\\Users\\joane\\sosracismo\\server\\controllers\\caso.js": {"path":"C:\\Users\\joane\\sosracismo\\server\\controllers\\caso.js","statementMap":{"0":{"start":{"line":1,"column":11},"end":{"line":1,"column":31}},"1":{"start":{"line":2,"column":13},"end":{"line":2,"column":21}},"2":{"start":{"line":3,"column":23},"end":{"line":3,"column":42}},"3":{"start":{"line":4,"column":20},"end":{"line":4,"column":35}},"4":{"start":{"line":5,"column":16},"end":{"line":5,"column":27}},"5":{"start":{"line":6,"column":16},"end":{"line":6,"column":27}},"6":{"start":{"line":7,"column":29},"end":{"line":7,"column":52}},"7":{"start":{"line":8,"column":28},"end":{"line":8,"column":50}},"8":{"start":{"line":9,"column":25},"end":{"line":9,"column":46}},"9":{"start":{"line":10,"column":18},"end":{"line":10,"column":38}},"10":{"start":{"line":11,"column":18},"end":{"line":11,"column":38}},"11":{"start":{"line":12,"column":12},"end":{"line":12,"column":35}},"12":{"start":{"line":13,"column":15},"end":{"line":13,"column":50}},"13":{"start":{"line":16,"column":0},"end":{"line":72,"column":2}},"14":{"start":{"line":18,"column":2},"end":{"line":23,"column":3}},"15":{"start":{"line":19,"column":4},"end":{"line":21,"column":7}},"16":{"start":{"line":22,"column":4},"end":{"line":22,"column":11}},"17":{"start":{"line":25,"column":15},"end":{"line":29,"column":3}},"18":{"start":{"line":32,"column":2},"end":{"line":70,"column":7}},"19":{"start":{"line":34,"column":32},"end":{"line":55,"column":7}},"20":{"start":{"line":56,"column":6},"end":{"line":63,"column":9}},"21":{"start":{"line":57,"column":8},"end":{"line":57,"column":90}},"22":{"start":{"line":59,"column":8},"end":{"line":62,"column":11}},"23":{"start":{"line":66,"column":6},"end":{"line":69,"column":9}},"24":{"start":{"line":75,"column":0},"end":{"line":126,"column":2}},"25":{"start":{"line":77,"column":2},"end":{"line":82,"column":3}},"26":{"start":{"line":78,"column":4},"end":{"line":80,"column":7}},"27":{"start":{"line":81,"column":4},"end":{"line":81,"column":11}},"28":{"start":{"line":84,"column":13},"end":{"line":84,"column":26}},"29":{"start":{"line":85,"column":28},"end":{"line":105,"column":3}},"30":{"start":{"line":107,"column":2},"end":{"line":124,"column":7}},"31":{"start":{"line":110,"column":4},"end":{"line":118,"column":5}},"32":{"start":{"line":111,"column":6},"end":{"line":113,"column":9}},"33":{"start":{"line":115,"column":6},"end":{"line":117,"column":9}},"34":{"start":{"line":121,"column":6},"end":{"line":123,"column":9}},"35":{"start":{"line":129,"column":0},"end":{"line":220,"column":2}},"36":{"start":{"line":131,"column":2},"end":{"line":136,"column":3}},"37":{"start":{"line":132,"column":4},"end":{"line":134,"column":7}},"38":{"start":{"line":135,"column":4},"end":{"line":135,"column":11}},"39":{"start":{"line":138,"column":15},"end":{"line":142,"column":3}},"40":{"start":{"line":145,"column":2},"end":{"line":218,"column":7}},"41":{"start":{"line":147,"column":6},"end":{"line":147,"column":29}},"42":{"start":{"line":148,"column":31},"end":{"line":177,"column":7}},"43":{"start":{"line":178,"column":6},"end":{"line":211,"column":9}},"44":{"start":{"line":179,"column":8},"end":{"line":205,"column":9}},"45":{"start":{"line":180,"column":29},"end":{"line":184,"column":11}},"46":{"start":{"line":185,"column":10},"end":{"line":192,"column":13}},"47":{"start":{"line":186,"column":12},"end":{"line":186,"column":97}},"48":{"start":{"line":188,"column":12},"end":{"line":191,"column":15}},"49":{"start":{"line":194,"column":26},"end":{"line":196,"column":11}},"50":{"start":{"line":197,"column":10},"end":{"line":204,"column":13}},"51":{"start":{"line":198,"column":12},"end":{"line":198,"column":97}},"52":{"start":{"line":200,"column":12},"end":{"line":203,"column":15}},"53":{"start":{"line":207,"column":8},"end":{"line":210,"column":11}},"54":{"start":{"line":214,"column":6},"end":{"line":217,"column":9}},"55":{"start":{"line":223,"column":0},"end":{"line":275,"column":2}},"56":{"start":{"line":224,"column":13},"end":{"line":224,"column":26}},"57":{"start":{"line":226,"column":27},"end":{"line":254,"column":3}},"58":{"start":{"line":256,"column":2},"end":{"line":273,"column":5}},"59":{"start":{"line":259,"column":4},"end":{"line":259,"column":20}},"60":{"start":{"line":260,"column":4},"end":{"line":268,"column":5}},"61":{"start":{"line":261,"column":6},"end":{"line":263,"column":9}},"62":{"start":{"line":265,"column":6},"end":{"line":267,"column":9}},"63":{"start":{"line":270,"column":4},"end":{"line":272,"column":7}},"64":{"start":{"line":278,"column":0},"end":{"line":323,"column":2}},"65":{"start":{"line":280,"column":2},"end":{"line":285,"column":3}},"66":{"start":{"line":281,"column":4},"end":{"line":283,"column":7}},"67":{"start":{"line":284,"column":4},"end":{"line":284,"column":11}},"68":{"start":{"line":286,"column":15},"end":{"line":290,"column":3}},"69":{"start":{"line":293,"column":2},"end":{"line":322,"column":7}},"70":{"start":{"line":295,"column":6},"end":{"line":295,"column":18}},"71":{"start":{"line":296,"column":29},"end":{"line":298,"column":7}},"72":{"start":{"line":299,"column":6},"end":{"line":315,"column":8}},"73":{"start":{"line":300,"column":8},"end":{"line":306,"column":10}},"74":{"start":{"line":301,"column":10},"end":{"line":304,"column":12}},"75":{"start":{"line":307,"column":8},"end":{"line":313,"column":10}},"76":{"start":{"line":308,"column":10},"end":{"line":311,"column":12}},"77":{"start":{"line":316,"column":6},"end":{"line":316,"column":84}},"78":{"start":{"line":318,"column":6},"end":{"line":321,"column":9}},"79":{"start":{"line":326,"column":0},"end":{"line":374,"column":2}},"80":{"start":{"line":327,"column":13},"end":{"line":327,"column":26}},"81":{"start":{"line":329,"column":25},"end":{"line":331,"column":3}},"82":{"start":{"line":332,"column":2},"end":{"line":372,"column":7}},"83":{"start":{"line":335,"column":4},"end":{"line":366,"column":5}},"84":{"start":{"line":336,"column":6},"end":{"line":338,"column":8}},"85":{"start":{"line":339,"column":6},"end":{"line":344,"column":8}},"86":{"start":{"line":340,"column":8},"end":{"line":343,"column":10}},"87":{"start":{"line":345,"column":6},"end":{"line":347,"column":8}},"88":{"start":{"line":348,"column":6},"end":{"line":353,"column":8}},"89":{"start":{"line":349,"column":8},"end":{"line":352,"column":10}},"90":{"start":{"line":354,"column":6},"end":{"line":361,"column":11}},"91":{"start":{"line":358,"column":10},"end":{"line":360,"column":13}},"92":{"start":{"line":363,"column":6},"end":{"line":365,"column":9}},"93":{"start":{"line":369,"column":6},"end":{"line":371,"column":9}},"94":{"start":{"line":377,"column":0},"end":{"line":396,"column":2}},"95":{"start":{"line":378,"column":16},"end":{"line":378,"column":32}},"96":{"start":{"line":379,"column":2},"end":{"line":394,"column":4}},"97":{"start":{"line":380,"column":4},"end":{"line":393,"column":5}},"98":{"start":{"line":381,"column":6},"end":{"line":381,"column":94}},"99":{"start":{"line":383,"column":6},"end":{"line":392,"column":10}},"100":{"start":{"line":389,"column":10},"end":{"line":389,"column":28}},"101":{"start":{"line":391,"column":10},"end":{"line":391,"column":40}},"102":{"start":{"line":400,"column":0},"end":{"line":411,"column":2}},"103":{"start":{"line":401,"column":13},"end":{"line":401,"column":26}},"104":{"start":{"line":402,"column":2},"end":{"line":410,"column":4}},"105":{"start":{"line":407,"column":4},"end":{"line":407,"column":22}},"106":{"start":{"line":409,"column":4},"end":{"line":409,"column":34}},"107":{"start":{"line":414,"column":0},"end":{"line":425,"column":2}},"108":{"start":{"line":415,"column":13},"end":{"line":415,"column":26}},"109":{"start":{"line":416,"column":2},"end":{"line":424,"column":4}},"110":{"start":{"line":421,"column":4},"end":{"line":421,"column":22}},"111":{"start":{"line":423,"column":4},"end":{"line":423,"column":34}},"112":{"start":{"line":427,"column":0},"end":{"line":437,"column":2}},"113":{"start":{"line":428,"column":13},"end":{"line":428,"column":26}},"114":{"start":{"line":429,"column":2},"end":{"line":436,"column":5}},"115":{"start":{"line":430,"column":4},"end":{"line":430,"column":27}},"116":{"start":{"line":432,"column":4},"end":{"line":435,"column":7}},"117":{"start":{"line":439,"column":0},"end":{"line":449,"column":2}},"118":{"start":{"line":440,"column":13},"end":{"line":440,"column":26}},"119":{"start":{"line":441,"column":2},"end":{"line":448,"column":5}},"120":{"start":{"line":442,"column":4},"end":{"line":442,"column":27}},"121":{"start":{"line":444,"column":4},"end":{"line":447,"column":7}},"122":{"start":{"line":452,"column":0},"end":{"line":464,"column":2}},"123":{"start":{"line":453,"column":13},"end":{"line":453,"column":26}},"124":{"start":{"line":454,"column":2},"end":{"line":463,"column":6}},"125":{"start":{"line":460,"column":6},"end":{"line":460,"column":24}},"126":{"start":{"line":462,"column":6},"end":{"line":462,"column":36}},"127":{"start":{"line":467,"column":0},"end":{"line":479,"column":2}},"128":{"start":{"line":468,"column":13},"end":{"line":468,"column":26}},"129":{"start":{"line":469,"column":2},"end":{"line":478,"column":6}},"130":{"start":{"line":475,"column":6},"end":{"line":475,"column":24}},"131":{"start":{"line":477,"column":6},"end":{"line":477,"column":36}},"132":{"start":{"line":482,"column":0},"end":{"line":492,"column":1}},"133":{"start":{"line":483,"column":13},"end":{"line":483,"column":26}},"134":{"start":{"line":484,"column":2},"end":{"line":491,"column":5}},"135":{"start":{"line":485,"column":4},"end":{"line":485,"column":27}},"136":{"start":{"line":487,"column":4},"end":{"line":490,"column":7}},"137":{"start":{"line":495,"column":0},"end":{"line":505,"column":2}},"138":{"start":{"line":496,"column":13},"end":{"line":496,"column":26}},"139":{"start":{"line":497,"column":2},"end":{"line":504,"column":3}},"140":{"start":{"line":501,"column":4},"end":{"line":501,"column":81}},"141":{"start":{"line":503,"column":4},"end":{"line":503,"column":97}},"142":{"start":{"line":508,"column":0},"end":{"line":522,"column":2}},"143":{"start":{"line":509,"column":16},"end":{"line":509,"column":32}},"144":{"start":{"line":510,"column":2},"end":{"line":520,"column":4}},"145":{"start":{"line":511,"column":4},"end":{"line":519,"column":5}},"146":{"start":{"line":512,"column":6},"end":{"line":512,"column":94}},"147":{"start":{"line":514,"column":6},"end":{"line":518,"column":8}},"148":{"start":{"line":515,"column":8},"end":{"line":515,"column":31}},"149":{"start":{"line":517,"column":8},"end":{"line":517,"column":38}},"150":{"start":{"line":525,"column":0},"end":{"line":546,"column":1}},"151":{"start":{"line":526,"column":11},"end":{"line":526,"column":24}},"152":{"start":{"line":527,"column":2},"end":{"line":545,"column":5}},"153":{"start":{"line":532,"column":4},"end":{"line":540,"column":5}},"154":{"start":{"line":533,"column":6},"end":{"line":535,"column":9}},"155":{"start":{"line":537,"column":6},"end":{"line":539,"column":9}},"156":{"start":{"line":542,"column":4},"end":{"line":544,"column":7}},"157":{"start":{"line":548,"column":0},"end":{"line":559,"column":1}},"158":{"start":{"line":549,"column":2},"end":{"line":549,"column":28}},"159":{"start":{"line":550,"column":2},"end":{"line":550,"column":24}},"160":{"start":{"line":551,"column":2},"end":{"line":558,"column":5}},"161":{"start":{"line":552,"column":4},"end":{"line":552,"column":24}},"162":{"start":{"line":554,"column":4},"end":{"line":557,"column":7}}},"fnMap":{"0":{"name":"(anonymous_0)","decl":{"start":{"line":16,"column":31},"end":{"line":16,"column":32}},"loc":{"start":{"line":16,"column":45},"end":{"line":72,"column":1}},"line":16},"1":{"name":"(anonymous_1)","decl":{"start":{"line":33,"column":10},"end":{"line":33,"column":11}},"loc":{"start":{"line":33,"column":18},"end":{"line":64,"column":5}},"line":33},"2":{"name":"(anonymous_2)","decl":{"start":{"line":56,"column":52},"end":{"line":56,"column":53}},"loc":{"start":{"line":56,"column":60},"end":{"line":58,"column":7}},"line":56},"3":{"name":"(anonymous_3)","decl":{"start":{"line":58,"column":15},"end":{"line":58,"column":16}},"loc":{"start":{"line":58,"column":22},"end":{"line":63,"column":7}},"line":58},"4":{"name":"(anonymous_4)","decl":{"start":{"line":65,"column":11},"end":{"line":65,"column":12}},"loc":{"start":{"line":65,"column":18},"end":{"line":70,"column":5}},"line":65},"5":{"name":"(anonymous_5)","decl":{"start":{"line":75,"column":31},"end":{"line":75,"column":32}},"loc":{"start":{"line":75,"column":45},"end":{"line":126,"column":1}},"line":75},"6":{"name":"(anonymous_6)","decl":{"start":{"line":109,"column":10},"end":{"line":109,"column":11}},"loc":{"start":{"line":109,"column":17},"end":{"line":119,"column":3}},"line":109},"7":{"name":"(anonymous_7)","decl":{"start":{"line":120,"column":11},"end":{"line":120,"column":12}},"loc":{"start":{"line":120,"column":18},"end":{"line":124,"column":5}},"line":120},"8":{"name":"(anonymous_8)","decl":{"start":{"line":129,"column":33},"end":{"line":129,"column":34}},"loc":{"start":{"line":129,"column":47},"end":{"line":220,"column":1}},"line":129},"9":{"name":"(anonymous_9)","decl":{"start":{"line":146,"column":10},"end":{"line":146,"column":11}},"loc":{"start":{"line":146,"column":18},"end":{"line":212,"column":5}},"line":146},"10":{"name":"(anonymous_10)","decl":{"start":{"line":178,"column":53},"end":{"line":178,"column":54}},"loc":{"start":{"line":178,"column":61},"end":{"line":206,"column":7}},"line":178},"11":{"name":"(anonymous_11)","decl":{"start":{"line":185,"column":42},"end":{"line":185,"column":43}},"loc":{"start":{"line":185,"column":50},"end":{"line":187,"column":11}},"line":185},"12":{"name":"(anonymous_12)","decl":{"start":{"line":187,"column":19},"end":{"line":187,"column":20}},"loc":{"start":{"line":187,"column":26},"end":{"line":192,"column":11}},"line":187},"13":{"name":"(anonymous_13)","decl":{"start":{"line":197,"column":39},"end":{"line":197,"column":40}},"loc":{"start":{"line":197,"column":47},"end":{"line":199,"column":11}},"line":197},"14":{"name":"(anonymous_14)","decl":{"start":{"line":199,"column":19},"end":{"line":199,"column":20}},"loc":{"start":{"line":199,"column":26},"end":{"line":204,"column":11}},"line":199},"15":{"name":"(anonymous_15)","decl":{"start":{"line":206,"column":15},"end":{"line":206,"column":16}},"loc":{"start":{"line":206,"column":22},"end":{"line":211,"column":7}},"line":206},"16":{"name":"(anonymous_16)","decl":{"start":{"line":213,"column":11},"end":{"line":213,"column":12}},"loc":{"start":{"line":213,"column":18},"end":{"line":218,"column":5}},"line":213},"17":{"name":"(anonymous_17)","decl":{"start":{"line":223,"column":33},"end":{"line":223,"column":34}},"loc":{"start":{"line":223,"column":47},"end":{"line":275,"column":1}},"line":223},"18":{"name":"(anonymous_18)","decl":{"start":{"line":258,"column":10},"end":{"line":258,"column":11}},"loc":{"start":{"line":258,"column":17},"end":{"line":269,"column":3}},"line":258},"19":{"name":"(anonymous_19)","decl":{"start":{"line":269,"column":11},"end":{"line":269,"column":12}},"loc":{"start":{"line":269,"column":18},"end":{"line":273,"column":3}},"line":269},"20":{"name":"(anonymous_20)","decl":{"start":{"line":278,"column":28},"end":{"line":278,"column":29}},"loc":{"start":{"line":278,"column":42},"end":{"line":323,"column":1}},"line":278},"21":{"name":"(anonymous_21)","decl":{"start":{"line":294,"column":10},"end":{"line":294,"column":11}},"loc":{"start":{"line":294,"column":18},"end":{"line":317,"column":5}},"line":294},"22":{"name":"(anonymous_22)","decl":{"start":{"line":299,"column":46},"end":{"line":299,"column":47}},"loc":{"start":{"line":299,"column":54},"end":{"line":315,"column":7}},"line":299},"23":{"name":"(anonymous_23)","decl":{"start":{"line":300,"column":36},"end":{"line":300,"column":37}},"loc":{"start":{"line":300,"column":52},"end":{"line":306,"column":9}},"line":300},"24":{"name":"(anonymous_24)","decl":{"start":{"line":307,"column":36},"end":{"line":307,"column":37}},"loc":{"start":{"line":307,"column":51},"end":{"line":313,"column":9}},"line":307},"25":{"name":"(anonymous_25)","decl":{"start":{"line":317,"column":13},"end":{"line":317,"column":14}},"loc":{"start":{"line":317,"column":20},"end":{"line":322,"column":5}},"line":317},"26":{"name":"(anonymous_26)","decl":{"start":{"line":326,"column":28},"end":{"line":326,"column":29}},"loc":{"start":{"line":326,"column":42},"end":{"line":374,"column":1}},"line":326},"27":{"name":"(anonymous_27)","decl":{"start":{"line":334,"column":10},"end":{"line":334,"column":11}},"loc":{"start":{"line":334,"column":17},"end":{"line":367,"column":3}},"line":334},"28":{"name":"(anonymous_28)","decl":{"start":{"line":339,"column":34},"end":{"line":339,"column":35}},"loc":{"start":{"line":339,"column":50},"end":{"line":344,"column":7}},"line":339},"29":{"name":"(anonymous_29)","decl":{"start":{"line":348,"column":34},"end":{"line":348,"column":35}},"loc":{"start":{"line":348,"column":49},"end":{"line":353,"column":7}},"line":348},"30":{"name":"(anonymous_30)","decl":{"start":{"line":357,"column":15},"end":{"line":357,"column":16}},"loc":{"start":{"line":357,"column":22},"end":{"line":361,"column":9}},"line":357},"31":{"name":"(anonymous_31)","decl":{"start":{"line":368,"column":11},"end":{"line":368,"column":12}},"loc":{"start":{"line":368,"column":18},"end":{"line":372,"column":5}},"line":368},"32":{"name":"(anonymous_32)","decl":{"start":{"line":377,"column":22},"end":{"line":377,"column":23}},"loc":{"start":{"line":377,"column":39},"end":{"line":396,"column":1}},"line":377},"33":{"name":"(anonymous_33)","decl":{"start":{"line":379,"column":35},"end":{"line":379,"column":36}},"loc":{"start":{"line":379,"column":53},"end":{"line":394,"column":3}},"line":379},"34":{"name":"(anonymous_34)","decl":{"start":{"line":388,"column":14},"end":{"line":388,"column":15}},"loc":{"start":{"line":388,"column":22},"end":{"line":390,"column":9}},"line":388},"35":{"name":"(anonymous_35)","decl":{"start":{"line":390,"column":17},"end":{"line":390,"column":18}},"loc":{"start":{"line":390,"column":26},"end":{"line":392,"column":9}},"line":390},"36":{"name":"(anonymous_36)","decl":{"start":{"line":400,"column":22},"end":{"line":400,"column":23}},"loc":{"start":{"line":400,"column":39},"end":{"line":411,"column":1}},"line":400},"37":{"name":"(anonymous_37)","decl":{"start":{"line":406,"column":10},"end":{"line":406,"column":11}},"loc":{"start":{"line":406,"column":18},"end":{"line":408,"column":3}},"line":406},"38":{"name":"(anonymous_38)","decl":{"start":{"line":408,"column":11},"end":{"line":408,"column":12}},"loc":{"start":{"line":408,"column":20},"end":{"line":410,"column":3}},"line":408},"39":{"name":"(anonymous_39)","decl":{"start":{"line":414,"column":44},"end":{"line":414,"column":45}},"loc":{"start":{"line":414,"column":61},"end":{"line":425,"column":1}},"line":414},"40":{"name":"(anonymous_40)","decl":{"start":{"line":420,"column":10},"end":{"line":420,"column":11}},"loc":{"start":{"line":420,"column":18},"end":{"line":422,"column":3}},"line":420},"41":{"name":"(anonymous_41)","decl":{"start":{"line":422,"column":11},"end":{"line":422,"column":12}},"loc":{"start":{"line":422,"column":20},"end":{"line":424,"column":3}},"line":422},"42":{"name":"(anonymous_42)","decl":{"start":{"line":427,"column":41},"end":{"line":427,"column":42}},"loc":{"start":{"line":427,"column":58},"end":{"line":437,"column":1}},"line":427},"43":{"name":"(anonymous_43)","decl":{"start":{"line":429,"column":163},"end":{"line":429,"column":164}},"loc":{"start":{"line":429,"column":174},"end":{"line":431,"column":3}},"line":429},"44":{"name":"(anonymous_44)","decl":{"start":{"line":431,"column":11},"end":{"line":431,"column":12}},"loc":{"start":{"line":431,"column":18},"end":{"line":436,"column":3}},"line":431},"45":{"name":"(anonymous_45)","decl":{"start":{"line":439,"column":41},"end":{"line":439,"column":42}},"loc":{"start":{"line":439,"column":58},"end":{"line":449,"column":1}},"line":439},"46":{"name":"(anonymous_46)","decl":{"start":{"line":441,"column":91},"end":{"line":441,"column":92}},"loc":{"start":{"line":441,"column":102},"end":{"line":443,"column":3}},"line":441},"47":{"name":"(anonymous_47)","decl":{"start":{"line":443,"column":11},"end":{"line":443,"column":12}},"loc":{"start":{"line":443,"column":18},"end":{"line":448,"column":3}},"line":443},"48":{"name":"(anonymous_48)","decl":{"start":{"line":452,"column":36},"end":{"line":452,"column":37}},"loc":{"start":{"line":452,"column":53},"end":{"line":464,"column":1}},"line":452},"49":{"name":"(anonymous_49)","decl":{"start":{"line":459,"column":10},"end":{"line":459,"column":11}},"loc":{"start":{"line":459,"column":18},"end":{"line":461,"column":5}},"line":459},"50":{"name":"(anonymous_50)","decl":{"start":{"line":461,"column":13},"end":{"line":461,"column":14}},"loc":{"start":{"line":461,"column":22},"end":{"line":463,"column":5}},"line":461},"51":{"name":"(anonymous_51)","decl":{"start":{"line":467,"column":35},"end":{"line":467,"column":36}},"loc":{"start":{"line":467,"column":52},"end":{"line":479,"column":1}},"line":467},"52":{"name":"(anonymous_52)","decl":{"start":{"line":474,"column":10},"end":{"line":474,"column":11}},"loc":{"start":{"line":474,"column":18},"end":{"line":476,"column":5}},"line":474},"53":{"name":"(anonymous_53)","decl":{"start":{"line":476,"column":13},"end":{"line":476,"column":14}},"loc":{"start":{"line":476,"column":22},"end":{"line":478,"column":5}},"line":476},"54":{"name":"(anonymous_54)","decl":{"start":{"line":482,"column":22},"end":{"line":482,"column":23}},"loc":{"start":{"line":482,"column":39},"end":{"line":492,"column":1}},"line":482},"55":{"name":"(anonymous_55)","decl":{"start":{"line":484,"column":359},"end":{"line":484,"column":360}},"loc":{"start":{"line":484,"column":370},"end":{"line":486,"column":3}},"line":484},"56":{"name":"(anonymous_56)","decl":{"start":{"line":486,"column":11},"end":{"line":486,"column":12}},"loc":{"start":{"line":486,"column":18},"end":{"line":491,"column":3}},"line":486},"57":{"name":"(anonymous_57)","decl":{"start":{"line":495,"column":24},"end":{"line":495,"column":25}},"loc":{"start":{"line":495,"column":38},"end":{"line":505,"column":1}},"line":495},"58":{"name":"(anonymous_58)","decl":{"start":{"line":500,"column":9},"end":{"line":500,"column":10}},"loc":{"start":{"line":500,"column":19},"end":{"line":502,"column":3}},"line":500},"59":{"name":"(anonymous_59)","decl":{"start":{"line":502,"column":11},"end":{"line":502,"column":12}},"loc":{"start":{"line":503,"column":4},"end":{"line":503,"column":97}},"line":503},"60":{"name":"(anonymous_60)","decl":{"start":{"line":508,"column":35},"end":{"line":508,"column":36}},"loc":{"start":{"line":508,"column":52},"end":{"line":522,"column":1}},"line":508},"61":{"name":"(anonymous_61)","decl":{"start":{"line":510,"column":35},"end":{"line":510,"column":36}},"loc":{"start":{"line":510,"column":53},"end":{"line":520,"column":3}},"line":510},"62":{"name":"(anonymous_62)","decl":{"start":{"line":514,"column":267},"end":{"line":514,"column":268}},"loc":{"start":{"line":514,"column":278},"end":{"line":516,"column":7}},"line":514},"63":{"name":"(anonymous_63)","decl":{"start":{"line":516,"column":15},"end":{"line":516,"column":16}},"loc":{"start":{"line":516,"column":24},"end":{"line":518,"column":7}},"line":516},"64":{"name":"(anonymous_64)","decl":{"start":{"line":525,"column":21},"end":{"line":525,"column":22}},"loc":{"start":{"line":525,"column":38},"end":{"line":546,"column":1}},"line":525},"65":{"name":"(anonymous_65)","decl":{"start":{"line":531,"column":10},"end":{"line":531,"column":11}},"loc":{"start":{"line":531,"column":17},"end":{"line":541,"column":3}},"line":531},"66":{"name":"(anonymous_66)","decl":{"start":{"line":541,"column":11},"end":{"line":541,"column":12}},"loc":{"start":{"line":541,"column":18},"end":{"line":545,"column":3}},"line":541},"67":{"name":"(anonymous_67)","decl":{"start":{"line":548,"column":31},"end":{"line":548,"column":32}},"loc":{"start":{"line":548,"column":45},"end":{"line":559,"column":1}},"line":548},"68":{"name":"(anonymous_68)","decl":{"start":{"line":551,"column":492},"end":{"line":551,"column":493}},"loc":{"start":{"line":551,"column":503},"end":{"line":553,"column":3}},"line":551},"69":{"name":"(anonymous_69)","decl":{"start":{"line":553,"column":11},"end":{"line":553,"column":12}},"loc":{"start":{"line":553,"column":18},"end":{"line":558,"column":3}},"line":553}},"branchMap":{"0":{"loc":{"start":{"line":18,"column":2},"end":{"line":23,"column":3}},"type":"if","locations":[{"start":{"line":18,"column":2},"end":{"line":23,"column":3}},{"start":{"line":18,"column":2},"end":{"line":23,"column":3}}],"line":18},"1":{"loc":{"start":{"line":42,"column":28},"end":{"line":42,"column":100}},"type":"cond-expr","locations":[{"start":{"line":42,"column":63},"end":{"line":42,"column":95}},{"start":{"line":42,"column":98},"end":{"line":42,"column":100}}],"line":42},"2":{"loc":{"start":{"line":61,"column":12},"end":{"line":61,"column":67}},"type":"binary-expr","locations":[{"start":{"line":61,"column":12},"end":{"line":61,"column":23}},{"start":{"line":61,"column":27},"end":{"line":61,"column":67}}],"line":61},"3":{"loc":{"start":{"line":68,"column":10},"end":{"line":68,"column":65}},"type":"binary-expr","locations":[{"start":{"line":68,"column":10},"end":{"line":68,"column":21}},{"start":{"line":68,"column":25},"end":{"line":68,"column":65}}],"line":68},"4":{"loc":{"start":{"line":77,"column":2},"end":{"line":82,"column":3}},"type":"if","locations":[{"start":{"line":77,"column":2},"end":{"line":82,"column":3}},{"start":{"line":77,"column":2},"end":{"line":82,"column":3}}],"line":77},"5":{"loc":{"start":{"line":92,"column":24},"end":{"line":92,"column":96}},"type":"cond-expr","locations":[{"start":{"line":92,"column":59},"end":{"line":92,"column":91}},{"start":{"line":92,"column":94},"end":{"line":92,"column":96}}],"line":92},"6":{"loc":{"start":{"line":110,"column":4},"end":{"line":118,"column":5}},"type":"if","locations":[{"start":{"line":110,"column":4},"end":{"line":118,"column":5}},{"start":{"line":110,"column":4},"end":{"line":118,"column":5}}],"line":110},"7":{"loc":{"start":{"line":131,"column":2},"end":{"line":136,"column":3}},"type":"if","locations":[{"start":{"line":131,"column":2},"end":{"line":136,"column":3}},{"start":{"line":131,"column":2},"end":{"line":136,"column":3}}],"line":131},"8":{"loc":{"start":{"line":152,"column":22},"end":{"line":152,"column":74}},"type":"cond-expr","locations":[{"start":{"line":152,"column":62},"end":{"line":152,"column":66}},{"start":{"line":152,"column":69},"end":{"line":152,"column":74}}],"line":152},"9":{"loc":{"start":{"line":159,"column":27},"end":{"line":159,"column":84}},"type":"cond-expr","locations":[{"start":{"line":159,"column":72},"end":{"line":159,"column":76}},{"start":{"line":159,"column":79},"end":{"line":159,"column":84}}],"line":159},"10":{"loc":{"start":{"line":167,"column":18},"end":{"line":167,"column":66}},"type":"cond-expr","locations":[{"start":{"line":167,"column":54},"end":{"line":167,"column":58}},{"start":{"line":167,"column":61},"end":{"line":167,"column":66}}],"line":167},"11":{"loc":{"start":{"line":168,"column":16},"end":{"line":168,"column":62}},"type":"cond-expr","locations":[{"start":{"line":168,"column":50},"end":{"line":168,"column":54}},{"start":{"line":168,"column":57},"end":{"line":168,"column":62}}],"line":168},"12":{"loc":{"start":{"line":169,"column":26},"end":{"line":169,"column":82}},"type":"cond-expr","locations":[{"start":{"line":169,"column":70},"end":{"line":169,"column":74}},{"start":{"line":169,"column":77},"end":{"line":169,"column":82}}],"line":169},"13":{"loc":{"start":{"line":176,"column":21},"end":{"line":176,"column":72}},"type":"cond-expr","locations":[{"start":{"line":176,"column":60},"end":{"line":176,"column":64}},{"start":{"line":176,"column":67},"end":{"line":176,"column":72}}],"line":176},"14":{"loc":{"start":{"line":179,"column":8},"end":{"line":205,"column":9}},"type":"if","locations":[{"start":{"line":179,"column":8},"end":{"line":205,"column":9}},{"start":{"line":179,"column":8},"end":{"line":205,"column":9}}],"line":179},"15":{"loc":{"start":{"line":190,"column":16},"end":{"line":190,"column":71}},"type":"binary-expr","locations":[{"start":{"line":190,"column":16},"end":{"line":190,"column":27}},{"start":{"line":190,"column":31},"end":{"line":190,"column":71}}],"line":190},"16":{"loc":{"start":{"line":202,"column":16},"end":{"line":202,"column":71}},"type":"binary-expr","locations":[{"start":{"line":202,"column":16},"end":{"line":202,"column":27}},{"start":{"line":202,"column":31},"end":{"line":202,"column":71}}],"line":202},"17":{"loc":{"start":{"line":209,"column":12},"end":{"line":209,"column":70}},"type":"binary-expr","locations":[{"start":{"line":209,"column":12},"end":{"line":209,"column":23}},{"start":{"line":209,"column":27},"end":{"line":209,"column":70}}],"line":209},"18":{"loc":{"start":{"line":216,"column":10},"end":{"line":216,"column":65}},"type":"binary-expr","locations":[{"start":{"line":216,"column":10},"end":{"line":216,"column":21}},{"start":{"line":216,"column":25},"end":{"line":216,"column":65}}],"line":216},"19":{"loc":{"start":{"line":229,"column":18},"end":{"line":229,"column":70}},"type":"cond-expr","locations":[{"start":{"line":229,"column":58},"end":{"line":229,"column":62}},{"start":{"line":229,"column":65},"end":{"line":229,"column":70}}],"line":229},"20":{"loc":{"start":{"line":236,"column":23},"end":{"line":236,"column":80}},"type":"cond-expr","locations":[{"start":{"line":236,"column":68},"end":{"line":236,"column":72}},{"start":{"line":236,"column":75},"end":{"line":236,"column":80}}],"line":236},"21":{"loc":{"start":{"line":244,"column":14},"end":{"line":244,"column":62}},"type":"cond-expr","locations":[{"start":{"line":244,"column":50},"end":{"line":244,"column":54}},{"start":{"line":244,"column":57},"end":{"line":244,"column":62}}],"line":244},"22":{"loc":{"start":{"line":245,"column":12},"end":{"line":245,"column":58}},"type":"cond-expr","locations":[{"start":{"line":245,"column":46},"end":{"line":245,"column":50}},{"start":{"line":245,"column":53},"end":{"line":245,"column":58}}],"line":245},"23":{"loc":{"start":{"line":246,"column":22},"end":{"line":246,"column":78}},"type":"cond-expr","locations":[{"start":{"line":246,"column":66},"end":{"line":246,"column":70}},{"start":{"line":246,"column":73},"end":{"line":246,"column":78}}],"line":246},"24":{"loc":{"start":{"line":253,"column":17},"end":{"line":253,"column":68}},"type":"cond-expr","locations":[{"start":{"line":253,"column":56},"end":{"line":253,"column":60}},{"start":{"line":253,"column":63},"end":{"line":253,"column":68}}],"line":253},"25":{"loc":{"start":{"line":260,"column":4},"end":{"line":268,"column":5}},"type":"if","locations":[{"start":{"line":260,"column":4},"end":{"line":268,"column":5}},{"start":{"line":260,"column":4},"end":{"line":268,"column":5}}],"line":260},"26":{"loc":{"start":{"line":280,"column":2},"end":{"line":285,"column":3}},"type":"if","locations":[{"start":{"line":280,"column":2},"end":{"line":285,"column":3}},{"start":{"line":280,"column":2},"end":{"line":285,"column":3}}],"line":280},"27":{"loc":{"start":{"line":320,"column":10},"end":{"line":320,"column":65}},"type":"binary-expr","locations":[{"start":{"line":320,"column":10},"end":{"line":320,"column":21}},{"start":{"line":320,"column":25},"end":{"line":320,"column":65}}],"line":320},"28":{"loc":{"start":{"line":335,"column":4},"end":{"line":366,"column":5}},"type":"if","locations":[{"start":{"line":335,"column":4},"end":{"line":366,"column":5}},{"start":{"line":335,"column":4},"end":{"line":366,"column":5}}],"line":335},"29":{"loc":{"start":{"line":380,"column":4},"end":{"line":393,"column":5}},"type":"if","locations":[{"start":{"line":380,"column":4},"end":{"line":393,"column":5}},{"start":{"line":380,"column":4},"end":{"line":393,"column":5}}],"line":380},"30":{"loc":{"start":{"line":434,"column":8},"end":{"line":434,"column":66}},"type":"binary-expr","locations":[{"start":{"line":434,"column":8},"end":{"line":434,"column":19}},{"start":{"line":434,"column":23},"end":{"line":434,"column":66}}],"line":434},"31":{"loc":{"start":{"line":446,"column":8},"end":{"line":446,"column":66}},"type":"binary-expr","locations":[{"start":{"line":446,"column":8},"end":{"line":446,"column":19}},{"start":{"line":446,"column":23},"end":{"line":446,"column":66}}],"line":446},"32":{"loc":{"start":{"line":489,"column":8},"end":{"line":489,"column":63}},"type":"binary-expr","locations":[{"start":{"line":489,"column":8},"end":{"line":489,"column":19}},{"start":{"line":489,"column":23},"end":{"line":489,"column":63}}],"line":489},"33":{"loc":{"start":{"line":511,"column":4},"end":{"line":519,"column":5}},"type":"if","locations":[{"start":{"line":511,"column":4},"end":{"line":519,"column":5}},{"start":{"line":511,"column":4},"end":{"line":519,"column":5}}],"line":511},"34":{"loc":{"start":{"line":532,"column":4},"end":{"line":540,"column":5}},"type":"if","locations":[{"start":{"line":532,"column":4},"end":{"line":540,"column":5}},{"start":{"line":532,"column":4},"end":{"line":540,"column":5}}],"line":532},"35":{"loc":{"start":{"line":543,"column":15},"end":{"line":543,"column":86}},"type":"binary-expr","locations":[{"start":{"line":543,"column":15},"end":{"line":543,"column":26}},{"start":{"line":543,"column":30},"end":{"line":543,"column":86}}],"line":543},"36":{"loc":{"start":{"line":556,"column":8},"end":{"line":556,"column":72}},"type":"binary-expr","locations":[{"start":{"line":556,"column":8},"end":{"line":556,"column":19}},{"start":{"line":556,"column":23},"end":{"line":556,"column":72}}],"line":556}},"s":{"0":1,"1":1,"2":1,"3":1,"4":1,"5":1,"6":1,"7":1,"8":1,"9":1,"10":1,"11":1,"12":1,"13":1,"14":1,"15":0,"16":0,"17":1,"18":1,"19":1,"20":1,"21":1,"22":0,"23":0,"24":1,"25":1,"26":0,"27":0,"28":1,"29":1,"30":1,"31":1,"32":1,"33":0,"34":0,"35":1,"36":1,"37":0,"38":0,"39":1,"40":1,"41":1,"42":1,"43":1,"44":1,"45":0,"46":0,"47":0,"48":0,"49":1,"50":1,"51":1,"52":0,"53":0,"54":0,"55":1,"56":1,"57":1,"58":1,"59":1,"60":1,"61":1,"62":0,"63":0,"64":1,"65":1,"66":0,"67":0,"68":1,"69":1,"70":1,"71":1,"72":1,"73":1,"74":2,"75":1,"76":2,"77":1,"78":0,"79":1,"80":0,"81":0,"82":0,"83":0,"84":0,"85":0,"86":0,"87":0,"88":0,"89":0,"90":0,"91":0,"92":0,"93":0,"94":1,"95":1,"96":1,"97":1,"98":0,"99":1,"100":1,"101":0,"102":1,"103":1,"104":1,"105":1,"106":0,"107":1,"108":1,"109":1,"110":1,"111":0,"112":1,"113":1,"114":1,"115":1,"116":0,"117":1,"118":1,"119":1,"120":1,"121":0,"122":1,"123":1,"124":1,"125":1,"126":0,"127":1,"128":1,"129":1,"130":1,"131":0,"132":1,"133":1,"134":1,"135":1,"136":0,"137":1,"138":3,"139":3,"140":3,"141":0,"142":1,"143":1,"144":1,"145":1,"146":0,"147":1,"148":1,"149":0,"150":1,"151":3,"152":3,"153":3,"154":3,"155":0,"156":0,"157":1,"158":0,"159":0,"160":0,"161":0,"162":0},"f":{"0":1,"1":1,"2":1,"3":0,"4":0,"5":1,"6":1,"7":0,"8":1,"9":1,"10":1,"11":0,"12":0,"13":1,"14":0,"15":0,"16":0,"17":1,"18":1,"19":0,"20":1,"21":1,"22":1,"23":2,"24":2,"25":0,"26":0,"27":0,"28":0,"29":0,"30":0,"31":0,"32":1,"33":1,"34":1,"35":0,"36":1,"37":1,"38":0,"39":1,"40":1,"41":0,"42":1,"43":1,"44":0,"45":1,"46":1,"47":0,"48":1,"49":1,"50":0,"51":1,"52":1,"53":0,"54":1,"55":1,"56":0,"57":3,"58":3,"59":0,"60":1,"61":1,"62":1,"63":0,"64":3,"65":3,"66":0,"67":0,"68":0,"69":0},"b":{"0":[0,1],"1":[0,1],"2":[0,0],"3":[0,0],"4":[0,1],"5":[0,1],"6":[1,0],"7":[0,1],"8":[0,1],"9":[0,1],"10":[0,1],"11":[0,1],"12":[0,1],"13":[0,1],"14":[0,1],"15":[0,0],"16":[0,0],"17":[0,0],"18":[0,0],"19":[0,1],"20":[0,1],"21":[0,1],"22":[0,1],"23":[0,1],"24":[0,1],"25":[1,0],"26":[0,1],"27":[0,0],"28":[0,0],"29":[0,1],"30":[0,0],"31":[0,0],"32":[0,0],"33":[0,1],"34":[3,0],"35":[0,0],"36":[0,0]},"_coverageSchema":"1a1c01bbd47fc00a2c39e90264f33305004495a9","hash":"2ac788be680872f73052f89f6c521f9ca55cfa8f"}
,"C:\\Users\\joane\\sosracismo\\server\\controllers\\cita.js": {"path":"C:\\Users\\joane\\sosracismo\\server\\controllers\\cita.js","statementMap":{"0":{"start":{"line":1,"column":11},"end":{"line":1,"column":31}},"1":{"start":{"line":2,"column":13},"end":{"line":2,"column":21}},"2":{"start":{"line":3,"column":32},"end":{"line":3,"column":58}},"3":{"start":{"line":4,"column":18},"end":{"line":4,"column":38}},"4":{"start":{"line":5,"column":18},"end":{"line":5,"column":38}},"5":{"start":{"line":6,"column":36},"end":{"line":6,"column":56}},"6":{"start":{"line":9,"column":0},"end":{"line":51,"column":2}},"7":{"start":{"line":11,"column":2},"end":{"line":16,"column":3}},"8":{"start":{"line":12,"column":4},"end":{"line":14,"column":7}},"9":{"start":{"line":15,"column":4},"end":{"line":15,"column":11}},"10":{"start":{"line":18,"column":15},"end":{"line":23,"column":3}},"11":{"start":{"line":26,"column":2},"end":{"line":49,"column":7}},"12":{"start":{"line":28,"column":18},"end":{"line":32,"column":7}},"13":{"start":{"line":33,"column":6},"end":{"line":42,"column":9}},"14":{"start":{"line":35,"column":8},"end":{"line":35,"column":23}},"15":{"start":{"line":38,"column":8},"end":{"line":41,"column":11}},"16":{"start":{"line":45,"column":6},"end":{"line":48,"column":9}},"17":{"start":{"line":54,"column":0},"end":{"line":63,"column":2}},"18":{"start":{"line":55,"column":2},"end":{"line":62,"column":5}},"19":{"start":{"line":56,"column":4},"end":{"line":56,"column":24}},"20":{"start":{"line":58,"column":4},"end":{"line":61,"column":7}},"21":{"start":{"line":66,"column":0},"end":{"line":87,"column":2}},"22":{"start":{"line":67,"column":17},"end":{"line":67,"column":34}},"23":{"start":{"line":68,"column":6},"end":{"line":86,"column":5}},"24":{"start":{"line":73,"column":8},"end":{"line":81,"column":9}},"25":{"start":{"line":74,"column":10},"end":{"line":76,"column":13}},"26":{"start":{"line":78,"column":10},"end":{"line":80,"column":13}},"27":{"start":{"line":83,"column":4},"end":{"line":85,"column":7}}},"fnMap":{"0":{"name":"(anonymous_0)","decl":{"start":{"line":9,"column":17},"end":{"line":9,"column":18}},"loc":{"start":{"line":9,"column":31},"end":{"line":51,"column":1}},"line":9},"1":{"name":"(anonymous_1)","decl":{"start":{"line":27,"column":10},"end":{"line":27,"column":11}},"loc":{"start":{"line":27,"column":18},"end":{"line":43,"column":5}},"line":27},"2":{"name":"(anonymous_2)","decl":{"start":{"line":34,"column":12},"end":{"line":34,"column":13}},"loc":{"start":{"line":34,"column":21},"end":{"line":36,"column":7}},"line":34},"3":{"name":"(anonymous_3)","decl":{"start":{"line":37,"column":13},"end":{"line":37,"column":14}},"loc":{"start":{"line":37,"column":20},"end":{"line":42,"column":7}},"line":37},"4":{"name":"(anonymous_4)","decl":{"start":{"line":44,"column":11},"end":{"line":44,"column":12}},"loc":{"start":{"line":44,"column":18},"end":{"line":49,"column":5}},"line":44},"5":{"name":"(anonymous_5)","decl":{"start":{"line":54,"column":22},"end":{"line":54,"column":23}},"loc":{"start":{"line":54,"column":39},"end":{"line":63,"column":1}},"line":54},"6":{"name":"(anonymous_6)","decl":{"start":{"line":55,"column":316},"end":{"line":55,"column":317}},"loc":{"start":{"line":55,"column":327},"end":{"line":57,"column":3}},"line":55},"7":{"name":"(anonymous_7)","decl":{"start":{"line":57,"column":11},"end":{"line":57,"column":12}},"loc":{"start":{"line":57,"column":18},"end":{"line":62,"column":3}},"line":57},"8":{"name":"(anonymous_8)","decl":{"start":{"line":66,"column":21},"end":{"line":66,"column":22}},"loc":{"start":{"line":66,"column":42},"end":{"line":87,"column":1}},"line":66},"9":{"name":"(anonymous_9)","decl":{"start":{"line":72,"column":14},"end":{"line":72,"column":15}},"loc":{"start":{"line":72,"column":21},"end":{"line":82,"column":7}},"line":72},"10":{"name":"(anonymous_10)","decl":{"start":{"line":82,"column":15},"end":{"line":82,"column":16}},"loc":{"start":{"line":82,"column":22},"end":{"line":86,"column":3}},"line":82}},"branchMap":{"0":{"loc":{"start":{"line":11,"column":2},"end":{"line":16,"column":3}},"type":"if","locations":[{"start":{"line":11,"column":2},"end":{"line":16,"column":3}},{"start":{"line":11,"column":2},"end":{"line":16,"column":3}}],"line":11},"1":{"loc":{"start":{"line":31,"column":25},"end":{"line":31,"column":94}},"type":"cond-expr","locations":[{"start":{"line":31,"column":62},"end":{"line":31,"column":66}},{"start":{"line":31,"column":69},"end":{"line":31,"column":94}}],"line":31},"2":{"loc":{"start":{"line":40,"column":12},"end":{"line":40,"column":67}},"type":"binary-expr","locations":[{"start":{"line":40,"column":12},"end":{"line":40,"column":23}},{"start":{"line":40,"column":27},"end":{"line":40,"column":67}}],"line":40},"3":{"loc":{"start":{"line":47,"column":10},"end":{"line":47,"column":65}},"type":"binary-expr","locations":[{"start":{"line":47,"column":10},"end":{"line":47,"column":21}},{"start":{"line":47,"column":25},"end":{"line":47,"column":65}}],"line":47},"4":{"loc":{"start":{"line":60,"column":8},"end":{"line":60,"column":66}},"type":"binary-expr","locations":[{"start":{"line":60,"column":8},"end":{"line":60,"column":19}},{"start":{"line":60,"column":23},"end":{"line":60,"column":66}}],"line":60},"5":{"loc":{"start":{"line":73,"column":8},"end":{"line":81,"column":9}},"type":"if","locations":[{"start":{"line":73,"column":8},"end":{"line":81,"column":9}},{"start":{"line":73,"column":8},"end":{"line":81,"column":9}}],"line":73},"6":{"loc":{"start":{"line":84,"column":15},"end":{"line":84,"column":90}},"type":"binary-expr","locations":[{"start":{"line":84,"column":15},"end":{"line":84,"column":26}},{"start":{"line":84,"column":30},"end":{"line":84,"column":90}}],"line":84}},"s":{"0":1,"1":1,"2":1,"3":1,"4":1,"5":1,"6":1,"7":5,"8":1,"9":1,"10":4,"11":4,"12":4,"13":4,"14":3,"15":1,"16":0,"17":1,"18":1,"19":1,"20":0,"21":1,"22":3,"23":3,"24":3,"25":1,"26":2,"27":0},"f":{"0":5,"1":4,"2":3,"3":1,"4":0,"5":1,"6":1,"7":0,"8":3,"9":3,"10":0},"b":{"0":[1,4],"1":[1,3],"2":[1,0],"3":[0,0],"4":[0,0],"5":[1,2],"6":[0,0]},"_coverageSchema":"1a1c01bbd47fc00a2c39e90264f33305004495a9","hash":"3268f4a846208c8ba50f10e4ddb87c8dba4a0515"}
,"C:\\Users\\joane\\sosracismo\\server\\controllers\\intervencion.js": {"path":"C:\\Users\\joane\\sosracismo\\server\\controllers\\intervencion.js","statementMap":{"0":{"start":{"line":1,"column":11},"end":{"line":1,"column":31}},"1":{"start":{"line":2,"column":21},"end":{"line":2,"column":38}},"2":{"start":{"line":3,"column":18},"end":{"line":3,"column":31}},"3":{"start":{"line":4,"column":18},"end":{"line":4,"column":38}},"4":{"start":{"line":5,"column":18},"end":{"line":5,"column":38}},"5":{"start":{"line":6,"column":11},"end":{"line":6,"column":26}},"6":{"start":{"line":8,"column":13},"end":{"line":8,"column":30}},"7":{"start":{"line":9,"column":16},"end":{"line":14,"column":2}},"8":{"start":{"line":12,"column":8},"end":{"line":12,"column":58}},"9":{"start":{"line":16,"column":13},"end":{"line":19,"column":17}},"10":{"start":{"line":22,"column":0},"end":{"line":67,"column":1}},"11":{"start":{"line":24,"column":8},"end":{"line":29,"column":11}},"12":{"start":{"line":25,"column":12},"end":{"line":27,"column":15}},"13":{"start":{"line":28,"column":12},"end":{"line":28,"column":19}},"14":{"start":{"line":31,"column":8},"end":{"line":64,"column":10}},"15":{"start":{"line":32,"column":12},"end":{"line":34,"column":13}},"16":{"start":{"line":33,"column":16},"end":{"line":33,"column":62}},"17":{"start":{"line":35,"column":33},"end":{"line":39,"column":13}},"18":{"start":{"line":40,"column":12},"end":{"line":40,"column":34}},"19":{"start":{"line":41,"column":12},"end":{"line":63,"column":19}},"20":{"start":{"line":43,"column":20},"end":{"line":54,"column":21}},"21":{"start":{"line":44,"column":24},"end":{"line":53,"column":22}},"22":{"start":{"line":45,"column":34},"end":{"line":50,"column":25}},"23":{"start":{"line":51,"column":24},"end":{"line":52,"column":26}},"24":{"start":{"line":56,"column":20},"end":{"line":56,"column":86}},"25":{"start":{"line":59,"column":20},"end":{"line":62,"column":23}},"26":{"start":{"line":70,"column":0},"end":{"line":90,"column":2}},"27":{"start":{"line":71,"column":4},"end":{"line":89,"column":5}},"28":{"start":{"line":72,"column":17},"end":{"line":72,"column":30}},"29":{"start":{"line":73,"column":8},"end":{"line":85,"column":10}},"30":{"start":{"line":82,"column":12},"end":{"line":82,"column":78}},"31":{"start":{"line":84,"column":12},"end":{"line":84,"column":39}},"32":{"start":{"line":88,"column":8},"end":{"line":88,"column":79}},"33":{"start":{"line":93,"column":0},"end":{"line":103,"column":2}},"34":{"start":{"line":94,"column":13},"end":{"line":94,"column":30}},"35":{"start":{"line":95,"column":4},"end":{"line":102,"column":9}},"36":{"start":{"line":96,"column":8},"end":{"line":96,"column":28}},"37":{"start":{"line":98,"column":8},"end":{"line":101,"column":11}},"38":{"start":{"line":106,"column":0},"end":{"line":140,"column":1}},"39":{"start":{"line":107,"column":13},"end":{"line":107,"column":26}},"40":{"start":{"line":108,"column":4},"end":{"line":139,"column":7}},"41":{"start":{"line":113,"column":8},"end":{"line":134,"column":9}},"42":{"start":{"line":114,"column":12},"end":{"line":126,"column":14}},"43":{"start":{"line":117,"column":16},"end":{"line":125,"column":17}},"44":{"start":{"line":118,"column":20},"end":{"line":120,"column":23}},"45":{"start":{"line":122,"column":20},"end":{"line":124,"column":23}},"46":{"start":{"line":127,"column":12},"end":{"line":129,"column":15}},"47":{"start":{"line":131,"column":12},"end":{"line":133,"column":15}},"48":{"start":{"line":136,"column":8},"end":{"line":138,"column":11}}},"fnMap":{"0":{"name":"(anonymous_0)","decl":{"start":{"line":11,"column":14},"end":{"line":11,"column":15}},"loc":{"start":{"line":11,"column":39},"end":{"line":13,"column":5}},"line":11},"1":{"name":"(anonymous_1)","decl":{"start":{"line":22,"column":20},"end":{"line":22,"column":21}},"loc":{"start":{"line":22,"column":34},"end":{"line":67,"column":1}},"line":22},"2":{"name":"(anonymous_2)","decl":{"start":{"line":31,"column":25},"end":{"line":31,"column":26}},"loc":{"start":{"line":31,"column":34},"end":{"line":64,"column":9}},"line":31},"3":{"name":"(anonymous_3)","decl":{"start":{"line":42,"column":22},"end":{"line":42,"column":23}},"loc":{"start":{"line":42,"column":30},"end":{"line":57,"column":17}},"line":42},"4":{"name":"(anonymous_4)","decl":{"start":{"line":44,"column":38},"end":{"line":44,"column":39}},"loc":{"start":{"line":44,"column":46},"end":{"line":53,"column":21}},"line":44},"5":{"name":"(anonymous_5)","decl":{"start":{"line":51,"column":51},"end":{"line":51,"column":52}},"loc":{"start":{"line":51,"column":59},"end":{"line":52,"column":25}},"line":51},"6":{"name":"(anonymous_6)","decl":{"start":{"line":58,"column":23},"end":{"line":58,"column":24}},"loc":{"start":{"line":58,"column":30},"end":{"line":63,"column":17}},"line":58},"7":{"name":"(anonymous_7)","decl":{"start":{"line":70,"column":29},"end":{"line":70,"column":30}},"loc":{"start":{"line":70,"column":43},"end":{"line":90,"column":1}},"line":70},"8":{"name":"(anonymous_8)","decl":{"start":{"line":78,"column":16},"end":{"line":78,"column":17}},"loc":{"start":{"line":78,"column":24},"end":{"line":83,"column":9}},"line":78},"9":{"name":"(anonymous_9)","decl":{"start":{"line":83,"column":17},"end":{"line":83,"column":18}},"loc":{"start":{"line":83,"column":26},"end":{"line":85,"column":9}},"line":83},"10":{"name":"(anonymous_10)","decl":{"start":{"line":93,"column":23},"end":{"line":93,"column":24}},"loc":{"start":{"line":93,"column":37},"end":{"line":103,"column":1}},"line":93},"11":{"name":"(anonymous_11)","decl":{"start":{"line":95,"column":250},"end":{"line":95,"column":251}},"loc":{"start":{"line":95,"column":261},"end":{"line":97,"column":5}},"line":95},"12":{"name":"(anonymous_12)","decl":{"start":{"line":97,"column":13},"end":{"line":97,"column":14}},"loc":{"start":{"line":97,"column":20},"end":{"line":102,"column":7}},"line":97},"13":{"name":"(anonymous_13)","decl":{"start":{"line":106,"column":21},"end":{"line":106,"column":22}},"loc":{"start":{"line":106,"column":38},"end":{"line":140,"column":1}},"line":106},"14":{"name":"(anonymous_14)","decl":{"start":{"line":112,"column":12},"end":{"line":112,"column":13}},"loc":{"start":{"line":112,"column":19},"end":{"line":135,"column":5}},"line":112},"15":{"name":"(anonymous_15)","decl":{"start":{"line":116,"column":20},"end":{"line":116,"column":21}},"loc":{"start":{"line":116,"column":27},"end":{"line":126,"column":13}},"line":116},"16":{"name":"(anonymous_16)","decl":{"start":{"line":135,"column":13},"end":{"line":135,"column":14}},"loc":{"start":{"line":135,"column":20},"end":{"line":139,"column":5}},"line":135}},"branchMap":{"0":{"loc":{"start":{"line":24,"column":8},"end":{"line":29,"column":11}},"type":"if","locations":[{"start":{"line":24,"column":8},"end":{"line":29,"column":11}},{"start":{"line":24,"column":8},"end":{"line":29,"column":11}}],"line":24},"1":{"loc":{"start":{"line":32,"column":12},"end":{"line":34,"column":13}},"type":"if","locations":[{"start":{"line":32,"column":12},"end":{"line":34,"column":13}},{"start":{"line":32,"column":12},"end":{"line":34,"column":13}}],"line":32},"2":{"loc":{"start":{"line":43,"column":20},"end":{"line":54,"column":21}},"type":"if","locations":[{"start":{"line":43,"column":20},"end":{"line":54,"column":21}},{"start":{"line":43,"column":20},"end":{"line":54,"column":21}}],"line":43},"3":{"loc":{"start":{"line":61,"column":28},"end":{"line":61,"column":91}},"type":"binary-expr","locations":[{"start":{"line":61,"column":28},"end":{"line":61,"column":39}},{"start":{"line":61,"column":43},"end":{"line":61,"column":91}}],"line":61},"4":{"loc":{"start":{"line":100,"column":12},"end":{"line":100,"column":81}},"type":"binary-expr","locations":[{"start":{"line":100,"column":12},"end":{"line":100,"column":23}},{"start":{"line":100,"column":27},"end":{"line":100,"column":81}}],"line":100},"5":{"loc":{"start":{"line":113,"column":8},"end":{"line":134,"column":9}},"type":"if","locations":[{"start":{"line":113,"column":8},"end":{"line":134,"column":9}},{"start":{"line":113,"column":8},"end":{"line":134,"column":9}}],"line":113},"6":{"loc":{"start":{"line":117,"column":16},"end":{"line":125,"column":17}},"type":"if","locations":[{"start":{"line":117,"column":16},"end":{"line":125,"column":17}},{"start":{"line":117,"column":16},"end":{"line":125,"column":17}}],"line":117},"7":{"loc":{"start":{"line":137,"column":21},"end":{"line":137,"column":100}},"type":"binary-expr","locations":[{"start":{"line":137,"column":21},"end":{"line":137,"column":32}},{"start":{"line":137,"column":36},"end":{"line":137,"column":100}}],"line":137}},"s":{"0":1,"1":1,"2":1,"3":1,"4":1,"5":1,"6":1,"7":1,"8":0,"9":1,"10":1,"11":2,"12":1,"13":1,"14":1,"15":1,"16":0,"17":1,"18":1,"19":1,"20":1,"21":0,"22":0,"23":0,"24":1,"25":0,"26":1,"27":0,"28":0,"29":0,"30":0,"31":0,"32":0,"33":1,"34":1,"35":1,"36":1,"37":0,"38":1,"39":1,"40":1,"41":1,"42":1,"43":0,"44":0,"45":0,"46":1,"47":0,"48":0},"f":{"0":0,"1":2,"2":1,"3":1,"4":0,"5":0,"6":0,"7":0,"8":0,"9":0,"10":1,"11":1,"12":0,"13":1,"14":1,"15":0,"16":0},"b":{"0":[1,1],"1":[0,1],"2":[0,1],"3":[0,0],"4":[0,0],"5":[1,0],"6":[0,0],"7":[0,0]},"_coverageSchema":"1a1c01bbd47fc00a2c39e90264f33305004495a9","hash":"d84e2b3cd09218a63c372ea13f1603be967c9944"}
,"C:\\Users\\joane\\sosracismo\\server\\controllers\\sede.js": {"path":"C:\\Users\\joane\\sosracismo\\server\\controllers\\sede.js","statementMap":{"0":{"start":{"line":1,"column":11},"end":{"line":1,"column":31}},"1":{"start":{"line":2,"column":13},"end":{"line":2,"column":21}},"2":{"start":{"line":3,"column":18},"end":{"line":3,"column":38}},"3":{"start":{"line":4,"column":18},"end":{"line":4,"column":38}},"4":{"start":{"line":7,"column":0},"end":{"line":33,"column":2}},"5":{"start":{"line":9,"column":4},"end":{"line":14,"column":5}},"6":{"start":{"line":10,"column":8},"end":{"line":12,"column":11}},"7":{"start":{"line":13,"column":8},"end":{"line":13,"column":15}},"8":{"start":{"line":17,"column":17},"end":{"line":20,"column":5}},"9":{"start":{"line":23,"column":4},"end":{"line":32,"column":11}},"10":{"start":{"line":25,"column":8},"end":{"line":25,"column":35}},"11":{"start":{"line":28,"column":8},"end":{"line":31,"column":11}},"12":{"start":{"line":36,"column":0},"end":{"line":45,"column":2}},"13":{"start":{"line":37,"column":4},"end":{"line":44,"column":7}},"14":{"start":{"line":39,"column":6},"end":{"line":39,"column":24}},"15":{"start":{"line":41,"column":6},"end":{"line":43,"column":9}}},"fnMap":{"0":{"name":"(anonymous_0)","decl":{"start":{"line":7,"column":17},"end":{"line":7,"column":18}},"loc":{"start":{"line":7,"column":31},"end":{"line":33,"column":1}},"line":7},"1":{"name":"(anonymous_1)","decl":{"start":{"line":24,"column":14},"end":{"line":24,"column":15}},"loc":{"start":{"line":24,"column":22},"end":{"line":26,"column":9}},"line":24},"2":{"name":"(anonymous_2)","decl":{"start":{"line":27,"column":15},"end":{"line":27,"column":16}},"loc":{"start":{"line":27,"column":22},"end":{"line":32,"column":9}},"line":27},"3":{"name":"(anonymous_3)","decl":{"start":{"line":36,"column":22},"end":{"line":36,"column":23}},"loc":{"start":{"line":36,"column":37},"end":{"line":45,"column":1}},"line":36},"4":{"name":"(anonymous_4)","decl":{"start":{"line":38,"column":10},"end":{"line":38,"column":11}},"loc":{"start":{"line":38,"column":18},"end":{"line":40,"column":5}},"line":38},"5":{"name":"(anonymous_5)","decl":{"start":{"line":40,"column":13},"end":{"line":40,"column":14}},"loc":{"start":{"line":40,"column":20},"end":{"line":44,"column":5}},"line":40}},"branchMap":{"0":{"loc":{"start":{"line":9,"column":4},"end":{"line":14,"column":5}},"type":"if","locations":[{"start":{"line":9,"column":4},"end":{"line":14,"column":5}},{"start":{"line":9,"column":4},"end":{"line":14,"column":5}}],"line":9},"1":{"loc":{"start":{"line":30,"column":12},"end":{"line":30,"column":67}},"type":"binary-expr","locations":[{"start":{"line":30,"column":12},"end":{"line":30,"column":23}},{"start":{"line":30,"column":27},"end":{"line":30,"column":67}}],"line":30},"2":{"loc":{"start":{"line":42,"column":17},"end":{"line":42,"column":78}},"type":"binary-expr","locations":[{"start":{"line":42,"column":17},"end":{"line":42,"column":28}},{"start":{"line":42,"column":32},"end":{"line":42,"column":78}}],"line":42}},"s":{"0":1,"1":1,"2":1,"3":1,"4":1,"5":2,"6":1,"7":1,"8":1,"9":1,"10":1,"11":0,"12":1,"13":1,"14":1,"15":0},"f":{"0":2,"1":1,"2":0,"3":1,"4":1,"5":0},"b":{"0":[1,1],"1":[0,0],"2":[0,0]},"_coverageSchema":"1a1c01bbd47fc00a2c39e90264f33305004495a9","hash":"7cdaf6090ff9a769ad21774d6ca6f99905e19fc4"}
,"C:\\Users\\joane\\sosracismo\\server\\controllers\\trabajador.js": {"path":"C:\\Users\\joane\\sosracismo\\server\\controllers\\trabajador.js","statementMap":{"0":{"start":{"line":1,"column":11},"end":{"line":1,"column":31}},"1":{"start":{"line":2,"column":19},"end":{"line":2,"column":34}},"2":{"start":{"line":3,"column":18},"end":{"line":3,"column":38}},"3":{"start":{"line":4,"column":18},"end":{"line":4,"column":38}},"4":{"start":{"line":5,"column":15},"end":{"line":5,"column":34}},"5":{"start":{"line":6,"column":27},"end":{"line":6,"column":29}},"6":{"start":{"line":7,"column":12},"end":{"line":7,"column":35}},"7":{"start":{"line":8,"column":15},"end":{"line":8,"column":50}},"8":{"start":{"line":9,"column":25},"end":{"line":9,"column":62}},"9":{"start":{"line":12,"column":0},"end":{"line":47,"column":2}},"10":{"start":{"line":14,"column":2},"end":{"line":19,"column":3}},"11":{"start":{"line":15,"column":4},"end":{"line":17,"column":7}},"12":{"start":{"line":18,"column":4},"end":{"line":18,"column":11}},"13":{"start":{"line":21,"column":21},"end":{"line":27,"column":3}},"14":{"start":{"line":29,"column":2},"end":{"line":42,"column":6}},"15":{"start":{"line":31,"column":6},"end":{"line":31,"column":47}},"16":{"start":{"line":32,"column":6},"end":{"line":41,"column":9}},"17":{"start":{"line":34,"column":8},"end":{"line":34,"column":35}},"18":{"start":{"line":37,"column":8},"end":{"line":40,"column":11}},"19":{"start":{"line":50,"column":0},"end":{"line":59,"column":2}},"20":{"start":{"line":51,"column":2},"end":{"line":58,"column":7}},"21":{"start":{"line":53,"column":6},"end":{"line":53,"column":24}},"22":{"start":{"line":55,"column":6},"end":{"line":57,"column":9}},"23":{"start":{"line":62,"column":0},"end":{"line":77,"column":2}},"24":{"start":{"line":63,"column":21},"end":{"line":63,"column":41}},"25":{"start":{"line":64,"column":2},"end":{"line":76,"column":5}},"26":{"start":{"line":67,"column":4},"end":{"line":71,"column":5}},"27":{"start":{"line":68,"column":6},"end":{"line":68,"column":68}},"28":{"start":{"line":70,"column":6},"end":{"line":70,"column":24}},"29":{"start":{"line":73,"column":4},"end":{"line":75,"column":7}},"30":{"start":{"line":79,"column":0},"end":{"line":113,"column":1}},"31":{"start":{"line":80,"column":2},"end":{"line":112,"column":5}},"32":{"start":{"line":85,"column":4},"end":{"line":111,"column":5}},"33":{"start":{"line":86,"column":6},"end":{"line":86,"column":86}},"34":{"start":{"line":87,"column":11},"end":{"line":111,"column":5}},"35":{"start":{"line":88,"column":28},"end":{"line":91,"column":7}},"36":{"start":{"line":93,"column":6},"end":{"line":98,"column":7}},"37":{"start":{"line":94,"column":8},"end":{"line":97,"column":11}},"38":{"start":{"line":100,"column":6},"end":{"line":109,"column":11}},"39":{"start":{"line":103,"column":10},"end":{"line":105,"column":13}},"40":{"start":{"line":108,"column":10},"end":{"line":108,"column":73}},"41":{"start":{"line":117,"column":0},"end":{"line":147,"column":1}},"42":{"start":{"line":118,"column":2},"end":{"line":146,"column":5}},"43":{"start":{"line":123,"column":4},"end":{"line":125,"column":5}},"44":{"start":{"line":124,"column":6},"end":{"line":124,"column":69}},"45":{"start":{"line":127,"column":26},"end":{"line":130,"column":5}},"46":{"start":{"line":132,"column":4},"end":{"line":137,"column":5}},"47":{"start":{"line":133,"column":6},"end":{"line":136,"column":9}},"48":{"start":{"line":139,"column":16},"end":{"line":141,"column":6}},"49":{"start":{"line":143,"column":4},"end":{"line":143,"column":139}},"50":{"start":{"line":145,"column":4},"end":{"line":145,"column":54}},"51":{"start":{"line":150,"column":0},"end":{"line":169,"column":2}},"52":{"start":{"line":151,"column":21},"end":{"line":151,"column":41}},"53":{"start":{"line":152,"column":2},"end":{"line":168,"column":5}},"54":{"start":{"line":155,"column":4},"end":{"line":163,"column":5}},"55":{"start":{"line":156,"column":6},"end":{"line":158,"column":9}},"56":{"start":{"line":160,"column":6},"end":{"line":162,"column":9}},"57":{"start":{"line":165,"column":4},"end":{"line":167,"column":7}}},"fnMap":{"0":{"name":"(anonymous_0)","decl":{"start":{"line":12,"column":17},"end":{"line":12,"column":18}},"loc":{"start":{"line":12,"column":31},"end":{"line":47,"column":1}},"line":12},"1":{"name":"(anonymous_1)","decl":{"start":{"line":30,"column":10},"end":{"line":30,"column":11}},"loc":{"start":{"line":30,"column":28},"end":{"line":42,"column":5}},"line":30},"2":{"name":"(anonymous_2)","decl":{"start":{"line":33,"column":12},"end":{"line":33,"column":13}},"loc":{"start":{"line":33,"column":20},"end":{"line":35,"column":7}},"line":33},"3":{"name":"(anonymous_3)","decl":{"start":{"line":36,"column":13},"end":{"line":36,"column":14}},"loc":{"start":{"line":36,"column":20},"end":{"line":41,"column":7}},"line":36},"4":{"name":"(anonymous_4)","decl":{"start":{"line":50,"column":29},"end":{"line":50,"column":30}},"loc":{"start":{"line":50,"column":44},"end":{"line":59,"column":1}},"line":50},"5":{"name":"(anonymous_5)","decl":{"start":{"line":52,"column":10},"end":{"line":52,"column":11}},"loc":{"start":{"line":52,"column":18},"end":{"line":54,"column":5}},"line":52},"6":{"name":"(anonymous_6)","decl":{"start":{"line":54,"column":13},"end":{"line":54,"column":14}},"loc":{"start":{"line":54,"column":20},"end":{"line":58,"column":5}},"line":54},"7":{"name":"(anonymous_7)","decl":{"start":{"line":62,"column":31},"end":{"line":62,"column":32}},"loc":{"start":{"line":62,"column":52},"end":{"line":77,"column":1}},"line":62},"8":{"name":"(anonymous_8)","decl":{"start":{"line":66,"column":10},"end":{"line":66,"column":11}},"loc":{"start":{"line":66,"column":18},"end":{"line":72,"column":3}},"line":66},"9":{"name":"(anonymous_9)","decl":{"start":{"line":72,"column":11},"end":{"line":72,"column":12}},"loc":{"start":{"line":72,"column":18},"end":{"line":76,"column":3}},"line":72},"10":{"name":"(anonymous_10)","decl":{"start":{"line":79,"column":32},"end":{"line":79,"column":33}},"loc":{"start":{"line":79,"column":53},"end":{"line":113,"column":1}},"line":79},"11":{"name":"(anonymous_11)","decl":{"start":{"line":84,"column":10},"end":{"line":84,"column":11}},"loc":{"start":{"line":84,"column":24},"end":{"line":112,"column":3}},"line":84},"12":{"name":"(anonymous_12)","decl":{"start":{"line":102,"column":14},"end":{"line":102,"column":15}},"loc":{"start":{"line":102,"column":32},"end":{"line":106,"column":9}},"line":102},"13":{"name":"(anonymous_13)","decl":{"start":{"line":107,"column":14},"end":{"line":107,"column":15}},"loc":{"start":{"line":107,"column":20},"end":{"line":109,"column":9}},"line":107},"14":{"name":"(anonymous_14)","decl":{"start":{"line":117,"column":16},"end":{"line":117,"column":17}},"loc":{"start":{"line":117,"column":37},"end":{"line":147,"column":1}},"line":117},"15":{"name":"(anonymous_15)","decl":{"start":{"line":122,"column":10},"end":{"line":122,"column":11}},"loc":{"start":{"line":122,"column":18},"end":{"line":144,"column":3}},"line":122},"16":{"name":"(anonymous_16)","decl":{"start":{"line":144,"column":11},"end":{"line":144,"column":12}},"loc":{"start":{"line":144,"column":18},"end":{"line":146,"column":3}},"line":144},"17":{"name":"(anonymous_17)","decl":{"start":{"line":150,"column":34},"end":{"line":150,"column":35}},"loc":{"start":{"line":150,"column":55},"end":{"line":169,"column":1}},"line":150},"18":{"name":"(anonymous_18)","decl":{"start":{"line":154,"column":10},"end":{"line":154,"column":11}},"loc":{"start":{"line":154,"column":17},"end":{"line":164,"column":3}},"line":154},"19":{"name":"(anonymous_19)","decl":{"start":{"line":164,"column":11},"end":{"line":164,"column":12}},"loc":{"start":{"line":164,"column":18},"end":{"line":168,"column":3}},"line":164}},"branchMap":{"0":{"loc":{"start":{"line":14,"column":2},"end":{"line":19,"column":3}},"type":"if","locations":[{"start":{"line":14,"column":2},"end":{"line":19,"column":3}},{"start":{"line":14,"column":2},"end":{"line":19,"column":3}}],"line":14},"1":{"loc":{"start":{"line":24,"column":11},"end":{"line":24,"column":38}},"type":"cond-expr","locations":[{"start":{"line":24,"column":33},"end":{"line":24,"column":34}},{"start":{"line":24,"column":37},"end":{"line":24,"column":38}}],"line":24},"2":{"loc":{"start":{"line":39,"column":12},"end":{"line":39,"column":70}},"type":"binary-expr","locations":[{"start":{"line":39,"column":12},"end":{"line":39,"column":23}},{"start":{"line":39,"column":27},"end":{"line":39,"column":70}}],"line":39},"3":{"loc":{"start":{"line":56,"column":17},"end":{"line":56,"column":78}},"type":"binary-expr","locations":[{"start":{"line":56,"column":17},"end":{"line":56,"column":28}},{"start":{"line":56,"column":32},"end":{"line":56,"column":78}}],"line":56},"4":{"loc":{"start":{"line":67,"column":4},"end":{"line":71,"column":5}},"type":"if","locations":[{"start":{"line":67,"column":4},"end":{"line":71,"column":5}},{"start":{"line":67,"column":4},"end":{"line":71,"column":5}}],"line":67},"5":{"loc":{"start":{"line":74,"column":15},"end":{"line":74,"column":106}},"type":"binary-expr","locations":[{"start":{"line":74,"column":15},"end":{"line":74,"column":26}},{"start":{"line":74,"column":30},"end":{"line":74,"column":106}}],"line":74},"6":{"loc":{"start":{"line":85,"column":4},"end":{"line":111,"column":5}},"type":"if","locations":[{"start":{"line":85,"column":4},"end":{"line":111,"column":5}},{"start":{"line":85,"column":4},"end":{"line":111,"column":5}}],"line":85},"7":{"loc":{"start":{"line":87,"column":11},"end":{"line":111,"column":5}},"type":"if","locations":[{"start":{"line":87,"column":11},"end":{"line":111,"column":5}},{"start":{"line":87,"column":11},"end":{"line":111,"column":5}}],"line":87},"8":{"loc":{"start":{"line":93,"column":6},"end":{"line":98,"column":7}},"type":"if","locations":[{"start":{"line":93,"column":6},"end":{"line":98,"column":7}},{"start":{"line":93,"column":6},"end":{"line":98,"column":7}}],"line":93},"9":{"loc":{"start":{"line":123,"column":4},"end":{"line":125,"column":5}},"type":"if","locations":[{"start":{"line":123,"column":4},"end":{"line":125,"column":5}},{"start":{"line":123,"column":4},"end":{"line":125,"column":5}}],"line":123},"10":{"loc":{"start":{"line":132,"column":4},"end":{"line":137,"column":5}},"type":"if","locations":[{"start":{"line":132,"column":4},"end":{"line":137,"column":5}},{"start":{"line":132,"column":4},"end":{"line":137,"column":5}}],"line":132},"11":{"loc":{"start":{"line":155,"column":4},"end":{"line":163,"column":5}},"type":"if","locations":[{"start":{"line":155,"column":4},"end":{"line":163,"column":5}},{"start":{"line":155,"column":4},"end":{"line":163,"column":5}}],"line":155},"12":{"loc":{"start":{"line":166,"column":15},"end":{"line":166,"column":100}},"type":"binary-expr","locations":[{"start":{"line":166,"column":15},"end":{"line":166,"column":26}},{"start":{"line":166,"column":30},"end":{"line":166,"column":100}}],"line":166}},"s":{"0":1,"1":1,"2":1,"3":1,"4":1,"5":1,"6":1,"7":1,"8":1,"9":1,"10":3,"11":1,"12":1,"13":2,"14":2,"15":2,"16":2,"17":1,"18":1,"19":1,"20":1,"21":1,"22":0,"23":1,"24":2,"25":2,"26":2,"27":1,"28":1,"29":0,"30":1,"31":3,"32":3,"33":1,"34":2,"35":2,"36":2,"37":1,"38":1,"39":1,"40":1,"41":1,"42":4,"43":4,"44":1,"45":3,"46":3,"47":1,"48":2,"49":2,"50":0,"51":1,"52":1,"53":1,"54":1,"55":0,"56":1,"57":0},"f":{"0":3,"1":2,"2":1,"3":1,"4":1,"5":1,"6":0,"7":2,"8":2,"9":0,"10":3,"11":3,"12":1,"13":1,"14":4,"15":4,"16":0,"17":1,"18":1,"19":0},"b":{"0":[1,2],"1":[2,0],"2":[1,0],"3":[0,0],"4":[1,1],"5":[0,0],"6":[1,2],"7":[2,0],"8":[1,1],"9":[1,3],"10":[1,2],"11":[0,1],"12":[0,0]},"_coverageSchema":"1a1c01bbd47fc00a2c39e90264f33305004495a9","hash":"7e6e06061d6cd429b9222ae356cfe8a309cb8c8f"}
,"C:\\Users\\joane\\sosracismo\\server\\controllers\\usuario.js": {"path":"C:\\Users\\joane\\sosracismo\\server\\controllers\\usuario.js","statementMap":{"0":{"start":{"line":1,"column":11},"end":{"line":1,"column":31}},"1":{"start":{"line":2,"column":16},"end":{"line":2,"column":27}},"2":{"start":{"line":3,"column":21},"end":{"line":3,"column":38}},"3":{"start":{"line":4,"column":18},"end":{"line":4,"column":38}},"4":{"start":{"line":5,"column":12},"end":{"line":5,"column":35}},"5":{"start":{"line":6,"column":15},"end":{"line":6,"column":50}},"6":{"start":{"line":9,"column":0},"end":{"line":50,"column":2}},"7":{"start":{"line":11,"column":2},"end":{"line":16,"column":3}},"8":{"start":{"line":12,"column":4},"end":{"line":14,"column":7}},"9":{"start":{"line":15,"column":4},"end":{"line":15,"column":11}},"10":{"start":{"line":19,"column":18},"end":{"line":35,"column":3}},"11":{"start":{"line":37,"column":2},"end":{"line":49,"column":7}},"12":{"start":{"line":39,"column":6},"end":{"line":41,"column":8}},"13":{"start":{"line":40,"column":8},"end":{"line":40,"column":104}},"14":{"start":{"line":42,"column":6},"end":{"line":42,"column":21}},"15":{"start":{"line":45,"column":6},"end":{"line":48,"column":9}},"16":{"start":{"line":53,"column":0},"end":{"line":66,"column":2}},"17":{"start":{"line":54,"column":16},"end":{"line":54,"column":32}},"18":{"start":{"line":55,"column":2},"end":{"line":65,"column":4}},"19":{"start":{"line":56,"column":4},"end":{"line":64,"column":5}},"20":{"start":{"line":57,"column":6},"end":{"line":57,"column":94}},"21":{"start":{"line":59,"column":6},"end":{"line":63,"column":8}},"22":{"start":{"line":60,"column":8},"end":{"line":60,"column":31}},"23":{"start":{"line":62,"column":8},"end":{"line":62,"column":38}},"24":{"start":{"line":69,"column":0},"end":{"line":80,"column":2}},"25":{"start":{"line":70,"column":15},"end":{"line":70,"column":30}},"26":{"start":{"line":71,"column":2},"end":{"line":79,"column":4}},"27":{"start":{"line":72,"column":4},"end":{"line":76,"column":5}},"28":{"start":{"line":73,"column":6},"end":{"line":73,"column":66}},"29":{"start":{"line":75,"column":6},"end":{"line":75,"column":29}},"30":{"start":{"line":78,"column":4},"end":{"line":78,"column":34}},"31":{"start":{"line":83,"column":0},"end":{"line":97,"column":2}},"32":{"start":{"line":84,"column":16},"end":{"line":84,"column":32}},"33":{"start":{"line":85,"column":2},"end":{"line":95,"column":4}},"34":{"start":{"line":86,"column":4},"end":{"line":94,"column":5}},"35":{"start":{"line":87,"column":6},"end":{"line":87,"column":94}},"36":{"start":{"line":89,"column":6},"end":{"line":93,"column":8}},"37":{"start":{"line":90,"column":8},"end":{"line":90,"column":31}},"38":{"start":{"line":92,"column":8},"end":{"line":92,"column":38}},"39":{"start":{"line":100,"column":0},"end":{"line":120,"column":2}},"40":{"start":{"line":101,"column":16},"end":{"line":101,"column":32}},"41":{"start":{"line":102,"column":2},"end":{"line":118,"column":4}},"42":{"start":{"line":103,"column":4},"end":{"line":117,"column":5}},"43":{"start":{"line":104,"column":6},"end":{"line":104,"column":94}},"44":{"start":{"line":106,"column":6},"end":{"line":116,"column":10}},"45":{"start":{"line":113,"column":10},"end":{"line":113,"column":28}},"46":{"start":{"line":115,"column":10},"end":{"line":115,"column":40}},"47":{"start":{"line":123,"column":0},"end":{"line":132,"column":1}},"48":{"start":{"line":124,"column":2},"end":{"line":131,"column":5}},"49":{"start":{"line":125,"column":4},"end":{"line":125,"column":24}},"50":{"start":{"line":127,"column":4},"end":{"line":130,"column":7}},"51":{"start":{"line":135,"column":0},"end":{"line":144,"column":1}},"52":{"start":{"line":136,"column":2},"end":{"line":143,"column":5}},"53":{"start":{"line":137,"column":4},"end":{"line":137,"column":24}},"54":{"start":{"line":139,"column":4},"end":{"line":142,"column":7}},"55":{"start":{"line":148,"column":0},"end":{"line":197,"column":2}},"56":{"start":{"line":149,"column":13},"end":{"line":149,"column":26}},"57":{"start":{"line":151,"column":18},"end":{"line":167,"column":3}},"58":{"start":{"line":169,"column":2},"end":{"line":196,"column":7}},"59":{"start":{"line":173,"column":6},"end":{"line":189,"column":7}},"60":{"start":{"line":174,"column":8},"end":{"line":178,"column":10}},"61":{"start":{"line":179,"column":8},"end":{"line":181,"column":10}},"62":{"start":{"line":180,"column":10},"end":{"line":180,"column":88}},"63":{"start":{"line":182,"column":8},"end":{"line":184,"column":11}},"64":{"start":{"line":186,"column":8},"end":{"line":188,"column":11}},"65":{"start":{"line":192,"column":6},"end":{"line":195,"column":9}},"66":{"start":{"line":199,"column":0},"end":{"line":221,"column":1}},"67":{"start":{"line":200,"column":13},"end":{"line":200,"column":28}},"68":{"start":{"line":202,"column":2},"end":{"line":220,"column":5}},"69":{"start":{"line":207,"column":4},"end":{"line":215,"column":5}},"70":{"start":{"line":208,"column":6},"end":{"line":210,"column":9}},"71":{"start":{"line":212,"column":6},"end":{"line":214,"column":9}},"72":{"start":{"line":217,"column":4},"end":{"line":219,"column":7}},"73":{"start":{"line":223,"column":0},"end":{"line":242,"column":1}},"74":{"start":{"line":224,"column":14},"end":{"line":224,"column":33}},"75":{"start":{"line":225,"column":2},"end":{"line":241,"column":6}},"76":{"start":{"line":232,"column":6},"end":{"line":237,"column":7}},"77":{"start":{"line":233,"column":8},"end":{"line":233,"column":39}},"78":{"start":{"line":236,"column":8},"end":{"line":236,"column":40}},"79":{"start":{"line":240,"column":6},"end":{"line":240,"column":33}}},"fnMap":{"0":{"name":"(anonymous_0)","decl":{"start":{"line":9,"column":17},"end":{"line":9,"column":18}},"loc":{"start":{"line":9,"column":31},"end":{"line":50,"column":1}},"line":9},"1":{"name":"(anonymous_1)","decl":{"start":{"line":38,"column":10},"end":{"line":38,"column":11}},"loc":{"start":{"line":38,"column":18},"end":{"line":43,"column":5}},"line":38},"2":{"name":"(anonymous_2)","decl":{"start":{"line":39,"column":37},"end":{"line":39,"column":38}},"loc":{"start":{"line":39,"column":53},"end":{"line":41,"column":7}},"line":39},"3":{"name":"(anonymous_3)","decl":{"start":{"line":44,"column":11},"end":{"line":44,"column":12}},"loc":{"start":{"line":44,"column":18},"end":{"line":49,"column":5}},"line":44},"4":{"name":"(anonymous_4)","decl":{"start":{"line":53,"column":25},"end":{"line":53,"column":26}},"loc":{"start":{"line":53,"column":42},"end":{"line":66,"column":1}},"line":53},"5":{"name":"(anonymous_5)","decl":{"start":{"line":55,"column":35},"end":{"line":55,"column":36}},"loc":{"start":{"line":55,"column":53},"end":{"line":65,"column":3}},"line":55},"6":{"name":"(anonymous_6)","decl":{"start":{"line":59,"column":233},"end":{"line":59,"column":234}},"loc":{"start":{"line":59,"column":244},"end":{"line":61,"column":7}},"line":59},"7":{"name":"(anonymous_7)","decl":{"start":{"line":61,"column":15},"end":{"line":61,"column":16}},"loc":{"start":{"line":61,"column":24},"end":{"line":63,"column":7}},"line":61},"8":{"name":"(anonymous_8)","decl":{"start":{"line":69,"column":38},"end":{"line":69,"column":39}},"loc":{"start":{"line":69,"column":55},"end":{"line":80,"column":1}},"line":69},"9":{"name":"(anonymous_9)","decl":{"start":{"line":71,"column":223},"end":{"line":71,"column":224}},"loc":{"start":{"line":71,"column":234},"end":{"line":77,"column":3}},"line":71},"10":{"name":"(anonymous_10)","decl":{"start":{"line":77,"column":11},"end":{"line":77,"column":12}},"loc":{"start":{"line":77,"column":20},"end":{"line":79,"column":3}},"line":77},"11":{"name":"(anonymous_11)","decl":{"start":{"line":83,"column":30},"end":{"line":83,"column":31}},"loc":{"start":{"line":83,"column":47},"end":{"line":97,"column":1}},"line":83},"12":{"name":"(anonymous_12)","decl":{"start":{"line":85,"column":35},"end":{"line":85,"column":36}},"loc":{"start":{"line":85,"column":53},"end":{"line":95,"column":3}},"line":85},"13":{"name":"(anonymous_13)","decl":{"start":{"line":89,"column":273},"end":{"line":89,"column":274}},"loc":{"start":{"line":89,"column":284},"end":{"line":91,"column":7}},"line":89},"14":{"name":"(anonymous_14)","decl":{"start":{"line":91,"column":15},"end":{"line":91,"column":16}},"loc":{"start":{"line":91,"column":24},"end":{"line":93,"column":7}},"line":91},"15":{"name":"(anonymous_15)","decl":{"start":{"line":100,"column":22},"end":{"line":100,"column":23}},"loc":{"start":{"line":100,"column":39},"end":{"line":120,"column":1}},"line":100},"16":{"name":"(anonymous_16)","decl":{"start":{"line":102,"column":35},"end":{"line":102,"column":36}},"loc":{"start":{"line":102,"column":53},"end":{"line":118,"column":3}},"line":102},"17":{"name":"(anonymous_17)","decl":{"start":{"line":112,"column":14},"end":{"line":112,"column":15}},"loc":{"start":{"line":112,"column":22},"end":{"line":114,"column":9}},"line":112},"18":{"name":"(anonymous_18)","decl":{"start":{"line":114,"column":17},"end":{"line":114,"column":18}},"loc":{"start":{"line":114,"column":26},"end":{"line":116,"column":9}},"line":114},"19":{"name":"(anonymous_19)","decl":{"start":{"line":123,"column":38},"end":{"line":123,"column":39}},"loc":{"start":{"line":123,"column":52},"end":{"line":132,"column":1}},"line":123},"20":{"name":"(anonymous_20)","decl":{"start":{"line":124,"column":359},"end":{"line":124,"column":360}},"loc":{"start":{"line":124,"column":370},"end":{"line":126,"column":3}},"line":124},"21":{"name":"(anonymous_21)","decl":{"start":{"line":126,"column":11},"end":{"line":126,"column":12}},"loc":{"start":{"line":126,"column":18},"end":{"line":131,"column":3}},"line":126},"22":{"name":"(anonymous_22)","decl":{"start":{"line":135,"column":34},"end":{"line":135,"column":35}},"loc":{"start":{"line":135,"column":48},"end":{"line":144,"column":1}},"line":135},"23":{"name":"(anonymous_23)","decl":{"start":{"line":136,"column":383},"end":{"line":136,"column":384}},"loc":{"start":{"line":136,"column":394},"end":{"line":138,"column":3}},"line":136},"24":{"name":"(anonymous_24)","decl":{"start":{"line":138,"column":11},"end":{"line":138,"column":12}},"loc":{"start":{"line":138,"column":18},"end":{"line":143,"column":3}},"line":138},"25":{"name":"(anonymous_25)","decl":{"start":{"line":148,"column":17},"end":{"line":148,"column":18}},"loc":{"sta
[...]
,"C:\\Users\\joane\\sosracismo\\server\\models\\index.js": {"path":"C:\\Users\\joane\\sosracismo\\server\\models\\index.js","statementMap":{"0":{"start":{"line":1,"column":17},"end":{"line":1,"column":47}},"1":{"start":{"line":2,"column":18},"end":{"line":2,"column":38}},"2":{"start":{"line":3,"column":17},"end":{"line":13,"column":2}},"3":{"start":{"line":15,"column":11},"end":{"line":15,"column":13}},"4":{"start":{"line":16,"column":0},"end":{"line":16,"column":25}},"5":{"start":{"line":17,"column":0},"end":{"line":17,"column":27}},"6":{"start":{"line":24,"column":0},"end":{"line":24,"column":63}},"7":{"start":{"line":25,"column":0},"end":{"line":25,"column":50}},"8":{"start":{"line":26,"column":0},"end":{"line":26,"column":56}},"9":{"start":{"line":27,"column":0},"end":{"line":27,"column":67}},"10":{"start":{"line":28,"column":0},"end":{"line":28,"column":50}},"11":{"start":{"line":29,"column":0},"end":{"line":29,"column":87}},"12":{"start":{"line":30,"column":0},"end":{"line":30,"column":50}},"13":{"start":{"line":31,"column":0},"end":{"line":31,"column":71}},"14":{"start":{"line":32,"column":0},"end":{"line":32,"column":75}},"15":{"start":{"line":33,"column":0},"end":{"line":33,"column":56}},"16":{"start":{"line":34,"column":0},"end":{"line":34,"column":56}},"17":{"start":{"line":35,"column":0},"end":{"line":35,"column":64}},"18":{"start":{"line":36,"column":0},"end":{"line":36,"column":81}},"19":{"start":{"line":37,"column":0},"end":{"line":37,"column":79}},"20":{"start":{"line":38,"column":0},"end":{"line":38,"column":67}},"21":{"start":{"line":39,"column":0},"end":{"line":39,"column":60}},"22":{"start":{"line":41,"column":0},"end":{"line":41,"column":91}},"23":{"start":{"line":42,"column":0},"end":{"line":42,"column":96}},"24":{"start":{"line":44,"column":0},"end":{"line":44,"column":53}},"25":{"start":{"line":45,"column":0},"end":{"line":45,"column":66}},"26":{"start":{"line":47,"column":0},"end":{"line":47,"column":55}},"27":{"start":{"line":48,"column":0},"end":{"line":48,"column":68}},"28":{"start":{"line":50,"column":0},"end":{"line":50,"column":89}},"29":{"start":{"line":51,"column":0},"end":{"line":51,"column":101}},"30":{"start":{"line":52,"column":0},"end":{"line":52,"column":100}},"31":{"start":{"line":53,"column":0},"end":{"line":53,"column":70}},"32":{"start":{"line":54,"column":0},"end":{"line":54,"column":83}},"33":{"start":{"line":55,"column":0},"end":{"line":55,"column":82}},"34":{"start":{"line":57,"column":0},"end":{"line":57,"column":63}},"35":{"start":{"line":58,"column":0},"end":{"line":58,"column":65}},"36":{"start":{"line":60,"column":0},"end":{"line":60,"column":62}},"37":{"start":{"line":61,"column":0},"end":{"line":61,"column":81}},"38":{"start":{"line":63,"column":0},"end":{"line":63,"column":82}},"39":{"start":{"line":64,"column":0},"end":{"line":64,"column":84}},"40":{"start":{"line":65,"column":0},"end":{"line":65,"column":78}},"41":{"start":{"line":66,"column":0},"end":{"line":66,"column":85}},"42":{"start":{"line":67,"column":0},"end":{"line":67,"column":86}},"43":{"start":{"line":68,"column":0},"end":{"line":68,"column":74}},"44":{"start":{"line":69,"column":0},"end":{"line":69,"column":74}},"45":{"start":{"line":70,"column":0},"end":{"line":70,"column":63}},"46":{"start":{"line":71,"column":0},"end":{"line":71,"column":65}},"47":{"start":{"line":72,"column":0},"end":{"line":72,"column":58}},"48":{"start":{"line":74,"column":0},"end":{"line":74,"column":79}},"49":{"start":{"line":75,"column":0},"end":{"line":75,"column":59}},"50":{"start":{"line":77,"column":0},"end":{"line":77,"column":92}},"51":{"start":{"line":78,"column":0},"end":{"line":78,"column":72}},"52":{"start":{"line":80,"column":0},"end":{"line":80,"column":92}},"53":{"start":{"line":81,"column":0},"end":{"line":81,"column":73}},"54":{"start":{"line":82,"column":0},"end":{"line":82,"column":20}}},"fnMap":{},"branchMap":{},"s":{"0":1,"1":1,"2":1,"3":1,"4":1,"5":1,"6":1,"7":1,"8":1,"9":1,"10":1,"11":1,"12":1,"13":1,"14":1,"15":1,"16":1,"17":1,"18":1,"19":1,"20":1,"21":1,"22":1,"23":1,"24":1,"25":1,"26":1,"27":1,"28":1,"29":1,"30":1,"31":1,"32":1,"33":1,"34":1,"35":1,"36":1,"37":1,"38":1,"39":1,"40":1,"41":1,"42":1,"43":1,"44":1,"45":1,"46":1,"47":1,"48":1,"49":1,"50":1,"51":1,"52":1,"53":1,"54":1},"f":{},"b":{},"_coverageSchema":"1a1c01bbd47fc00a2c39e90264f33305004495a9","hash":"7ab3ef3f827486ab4a6435e6f854a67daa7fb572"}
,"C:\\Users\\joane\\sosracismo\\server\\models\\interna.js": {"path":"C:\\Users\\joane\\sosracismo\\server\\models\\interna.js","statementMap":{"0":{"start":{"line":4,"column":4},"end":{"line":4,"column":24}},"1":{"start":{"line":5,"column":0},"end":{"line":26,"column":2}},"2":{"start":{"line":16,"column":2},"end":{"line":23,"column":5}},"3":{"start":{"line":24,"column":2},"end":{"line":24,"column":32}},"4":{"start":{"line":25,"column":2},"end":{"line":25,"column":17}}},"fnMap":{"0":{"name":"(anonymous_0)","decl":{"start":{"line":5,"column":17},"end":{"line":5,"column":18}},"loc":{"start":{"line":5,"column":43},"end":{"line":26,"column":1}},"line":5},"1":{"name":"(anonymous_1)","decl":{"start":{"line":12,"column":4},"end":{"line":12,"column":5}},"loc":{"start":{"line":12,"column":29},"end":{"line":14,"column":5}},"line":12}},"branchMap":{},"s":{"0":1,"1":1,"2":1,"3":1,"4":1},"f":{"0":1,"1":0},"b":{},"_coverageSchema":"1a1c01bbd47fc00a2c39e90264f33305004495a9","hash":"0b05c45071297a3f1c4801b66a867d8941d4d601"}
,"C:\\Users\\joane\\sosracismo\\server\\models\\intervencion.js": {"path":"C:\\Users\\joane\\sosracismo\\server\\models\\intervencion.js","statementMap":{"0":{"start":{"line":4,"column":4},"end":{"line":4,"column":24}},"1":{"start":{"line":5,"column":0},"end":{"line":25,"column":2}},"2":{"start":{"line":16,"column":2},"end":{"line":23,"column":5}},"3":{"start":{"line":24,"column":2},"end":{"line":24,"column":22}}},"fnMap":{"0":{"name":"(anonymous_0)","decl":{"start":{"line":5,"column":17},"end":{"line":5,"column":18}},"loc":{"start":{"line":5,"column":43},"end":{"line":25,"column":1}},"line":5},"1":{"name":"(anonymous_1)","decl":{"start":{"line":12,"column":4},"end":{"line":12,"column":5}},"loc":{"start":{"line":12,"column":29},"end":{"line":14,"column":5}},"line":12}},"branchMap":{},"s":{"0":1,"1":1,"2":1,"3":1},"f":{"0":1,"1":0},"b":{},"_coverageSchema":"1a1c01bbd47fc00a2c39e90264f33305004495a9","hash":"242f0737481c5e6b40b00108bca2911189b061e0"}
,"C:\\Users\\joane\\sosracismo\\server\\models\\nacionalidad.js": {"path":"C:\\Users\\joane\\sosracismo\\server\\models\\nacionalidad.js","statementMap":{"0":{"start":{"line":4,"column":4},"end":{"line":4,"column":24}},"1":{"start":{"line":5,"column":0},"end":{"line":25,"column":2}},"2":{"start":{"line":16,"column":2},"end":{"line":22,"column":5}},"3":{"start":{"line":23,"column":2},"end":{"line":23,"column":37}},"4":{"start":{"line":24,"column":2},"end":{"line":24,"column":22}}},"fnMap":{"0":{"name":"(anonymous_0)","decl":{"start":{"line":5,"column":17},"end":{"line":5,"column":18}},"loc":{"start":{"line":5,"column":43},"end":{"line":25,"column":1}},"line":5},"1":{"name":"(anonymous_1)","decl":{"start":{"line":12,"column":4},"end":{"line":12,"column":5}},"loc":{"start":{"line":12,"column":29},"end":{"line":14,"column":5}},"line":12}},"branchMap":{},"s":{"0":1,"1":1,"2":1,"3":1,"4":1},"f":{"0":1,"1":0},"b":{},"_coverageSchema":"1a1c01bbd47fc00a2c39e90264f33305004495a9","hash":"eb60f4d5e3d9a830df25e95632d0d46fb0b4cd79"}
,"C:\\Users\\joane\\sosracismo\\server\\models\\necesidadextranjeria.js": {"path":"C:\\Users\\joane\\sosracismo\\server\\models\\necesidadextranjeria.js","statementMap":{"0":{"start":{"line":4,"column":4},"end":{"line":4,"column":24}},"1":{"start":{"line":5,"column":0},"end":{"line":25,"column":2}},"2":{"start":{"line":16,"column":2},"end":{"line":22,"column":5}},"3":{"start":{"line":23,"column":2},"end":{"line":23,"column":45}},"4":{"start":{"line":24,"column":2},"end":{"line":24,"column":30}}},"fnMap":{"0":{"name":"(anonymous_0)","decl":{"start":{"line":5,"column":17},"end":{"line":5,"column":18}},"loc":{"start":{"line":5,"column":43},"end":{"line":25,"column":1}},"line":5},"1":{"name":"(anonymous_1)","decl":{"start":{"line":12,"column":4},"end":{"line":12,"column":5}},"loc":{"start":{"line":12,"column":29},"end":{"line":14,"column":5}},"line":12}},"branchMap":{},"s":{"0":1,"1":1,"2":1,"3":1,"4":1},"f":{"0":1,"1":0},"b":{},"_coverageSchema":"1a1c01bbd47fc00a2c39e90264f33305004495a9","hash":"b1bad3c0671bc75ba01f138c8dfe04cb5c7e0553"}
,"C:\\Users\\joane\\sosracismo\\server\\models\\proyectoextranjeria.js": {"path":"C:\\Users\\joane\\sosracismo\\server\\models\\proyectoextranjeria.js","statementMap":{"0":{"start":{"line":4,"column":4},"end":{"line":4,"column":24}},"1":{"start":{"line":5,"column":0},"end":{"line":25,"column":2}},"2":{"start":{"line":16,"column":2},"end":{"line":22,"column":5}},"3":{"start":{"line":23,"column":2},"end":{"line":23,"column":44}},"4":{"start":{"line":24,"column":2},"end":{"line":24,"column":29}}},"fnMap":{"0":{"name":"(anonymous_0)","decl":{"start":{"line":5,"column":17},"end":{"line":5,"column":18}},"loc":{"start":{"line":5,"column":43},"end":{"line":25,"column":1}},"line":5},"1":{"name":"(anonymous_1)","decl":{"start":{"line":12,"column":4},"end":{"line":12,"column":5}},"loc":{"start":{"line":12,"column":29},"end":{"line":14,"column":5}},"line":12}},"branchMap":{},"s":{"0":1,"1":1,"2":1,"3":1,"4":1},"f":{"0":1,"1":0},"b":{},"_coverageSchema":"1a1c01bbd47fc00a2c39e90264f33305004495a9","hash":"f5bb94b26cf9f24c3a49c4bea393190c962f371e"}
,"C:\\Users\\joane\\sosracismo\\server\\models\\sede.js": {"path":"C:\\Users\\joane\\sosracismo\\server\\models\\sede.js","statementMap":{"0":{"start":{"line":4,"column":4},"end":{"line":4,"column":24}},"1":{"start":{"line":5,"column":0},"end":{"line":36,"column":2}},"2":{"start":{"line":16,"column":2},"end":{"line":34,"column":5}},"3":{"start":{"line":35,"column":2},"end":{"line":35,"column":14}}},"fnMap":{"0":{"name":"(anonymous_0)","decl":{"start":{"line":5,"column":17},"end":{"line":5,"column":18}},"loc":{"start":{"line":5,"column":43},"end":{"line":36,"column":1}},"line":5},"1":{"name":"(anonymous_1)","decl":{"start":{"line":12,"column":4},"end":{"line":12,"column":5}},"loc":{"start":{"line":12,"column":29},"end":{"line":14,"column":5}},"line":12}},"branchMap":{},"s":{"0":1,"1":1,"2":1,"3":1},"f":{"0":1,"1":0},"b":{},"_coverageSchema":"1a1c01bbd47fc00a2c39e90264f33305004495a9","hash":"d36070ef435be42bba705f1e16c55e9d8bba7339"}
,"C:\\Users\\joane\\sosracismo\\server\\models\\trabajador.js": {"path":"C:\\Users\\joane\\sosracismo\\server\\models\\trabajador.js","statementMap":{"0":{"start":{"line":4,"column":4},"end":{"line":4,"column":24}},"1":{"start":{"line":7,"column":0},"end":{"line":49,"column":2}},"2":{"start":{"line":18,"column":2},"end":{"line":45,"column":5}},"3":{"start":{"line":47,"column":2},"end":{"line":47,"column":20}}},"fnMap":{"0":{"name":"(anonymous_0)","decl":{"start":{"line":7,"column":17},"end":{"line":7,"column":18}},"loc":{"start":{"line":7,"column":43},"end":{"line":49,"column":1}},"line":7},"1":{"name":"(anonymous_1)","decl":{"start":{"line":14,"column":4},"end":{"line":14,"column":5}},"loc":{"start":{"line":14,"column":29},"end":{"line":16,"column":5}},"line":14}},"branchMap":{},"s":{"0":1,"1":1,"2":1,"3":1},"f":{"0":1,"1":0},"b":{},"_coverageSchema":"1a1c01bbd47fc00a2c39e90264f33305004495a9","hash":"62b95f91a711a7058359cb9401a2dde012157da5"}
,"C:\\Users\\joane\\sosracismo\\server\\models\\trabajadorahogar.js": {"path":"C:\\Users\\joane\\sosracismo\\server\\models\\trabajadorahogar.js","statementMap":{"0":{"start":{"line":4,"column":4},"end":{"line":4,"column":24}},"1":{"start":{"line":5,"column":0},"end":{"line":51,"column":2}},"2":{"start":{"line":16,"column":2},"end":{"line":48,"column":5}},"3":{"start":{"line":49,"column":2},"end":{"line":49,"column":41}},"4":{"start":{"line":50,"column":2},"end":{"line":50,"column":26}}},"fnMap":{"0":{"name":"(anonymous_0)","decl":{"start":{"line":5,"column":17},"end":{"line":5,"column":18}},"loc":{"start":{"line":5,"column":43},"end":{"line":51,"column":1}},"line":5},"1":{"name":"(anonymous_1)","decl":{"start":{"line":12,"column":4},"end":{"line":12,"column":5}},"loc":{"start":{"line":12,"column":29},"end":{"line":14,"column":5}},"line":12}},"branchMap":{},"s":{"0":1,"1":1,"2":1,"3":1,"4":1},"f":{"0":1,"1":0},"b":{},"_coverageSchema":"1a1c01bbd47fc00a2c39e90264f33305004495a9","hash":"019da8bbf055be7cbbbc90de357ea4f1a06470b0"}
,"C:\\Users\\joane\\sosracismo\\server\\models\\usuario.js": {"path":"C:\\Users\\joane\\sosracismo\\server\\models\\usuario.js","statementMap":{"0":{"start":{"line":4,"column":4},"end":{"line":4,"column":24}},"1":{"start":{"line":5,"column":0},"end":{"line":68,"column":2}},"2":{"start":{"line":16,"column":2},"end":{"line":66,"column":5}},"3":{"start":{"line":67,"column":2},"end":{"line":67,"column":17}}},"fnMap":{"0":{"name":"(anonymous_0)","decl":{"start":{"line":5,"column":17},"end":{"line":5,"column":18}},"loc":{"start":{"line":5,"column":43},"end":{"line":68,"column":1}},"line":5},"1":{"name":"(anonymous_1)","decl":{"start":{"line":12,"column":4},"end":{"line":12,"column":5}},"loc":{"start":{"line":12,"column":29},"end":{"line":14,"column":5}},"line":12}},"branchMap":{},"s":{"0":1,"1":1,"2":1,"3":1},"f":{"0":1,"1":0},"b":{},"_coverageSchema":"1a1c01bbd47fc00a2c39e90264f33305004495a9","hash":"9f9bb62ee15d43610aff02eae66c6467105465d7"}
,"C:\\Users\\joane\\sosracismo\\server\\routes\\index.js": {"path":"C:\\Users\\joane\\sosracismo\\server\\routes\\index.js","statementMap":{"0":{"start":{"line":2,"column":13},"end":{"line":2,"column":43}},"1":{"start":{"line":3,"column":16},"end":{"line":3,"column":49}},"2":{"start":{"line":4,"column":13},"end":{"line":4,"column":43}},"3":{"start":{"line":5,"column":13},"end":{"line":5,"column":43}},"4":{"start":{"line":6,"column":21},"end":{"line":6,"column":59}},"5":{"start":{"line":7,"column":16},"end":{"line":7,"column":34}},"6":{"start":{"line":8,"column":15},"end":{"line":8,"column":31}},"7":{"start":{"line":9,"column":12},"end":{"line":9,"column":35}},"8":{"start":{"line":10,"column":15},"end":{"line":10,"column":50}},"9":{"start":{"line":11,"column":19},"end":{"line":11,"column":55}},"10":{"start":{"line":13,"column":18},"end":{"line":27,"column":1}},"11":{"start":{"line":14,"column":18},"end":{"line":14,"column":47}},"12":{"start":{"line":16,"column":4},"end":{"line":26,"column":5}},"13":{"start":{"line":17,"column":8},"end":{"line":17,"column":72}},"14":{"start":{"line":19,"column":8},"end":{"line":25,"column":10}},"15":{"start":{"line":20,"column":12},"end":{"line":24,"column":13}},"16":{"start":{"line":21,"column":16},"end":{"line":21,"column":99}},"17":{"start":{"line":23,"column":16},"end":{"line":23,"column":141}},"18":{"start":{"line":29,"column":0},"end":{"line":29,"column":54}},"19":{"start":{"line":31,"column":0},"end":{"line":31,"column":63}},"20":{"start":{"line":33,"column":0},"end":{"line":33,"column":66}},"21":{"start":{"line":35,"column":0},"end":{"line":35,"column":67}},"22":{"start":{"line":37,"column":0},"end":{"line":37,"column":79}},"23":{"start":{"line":41,"column":0},"end":{"line":41,"column":51}},"24":{"start":{"line":43,"column":0},"end":{"line":43,"column":51}},"25":{"start":{"line":46,"column":0},"end":{"line":46,"column":41}},"26":{"start":{"line":48,"column":0},"end":{"line":48,"column":43}},"27":{"start":{"line":51,"column":0},"end":{"line":51,"column":47}},"28":{"start":{"line":53,"column":0},"end":{"line":53,"column":51}},"29":{"start":{"line":55,"column":0},"end":{"line":55,"column":59}},"30":{"start":{"line":57,"column":0},"end":{"line":57,"column":85}},"31":{"start":{"line":59,"column":0},"end":{"line":59,"column":70}},"32":{"start":{"line":61,"column":0},"end":{"line":61,"column":73}},"33":{"start":{"line":63,"column":0},"end":{"line":63,"column":57}},"34":{"start":{"line":65,"column":0},"end":{"line":65,"column":80}},"35":{"start":{"line":67,"column":0},"end":{"line":67,"column":73}},"36":{"start":{"line":69,"column":0},"end":{"line":69,"column":60}},"37":{"start":{"line":72,"column":0},"end":{"line":72,"column":42}},"38":{"start":{"line":74,"column":0},"end":{"line":74,"column":43}},"39":{"start":{"line":76,"column":0},"end":{"line":76,"column":51}},"40":{"start":{"line":79,"column":0},"end":{"line":79,"column":71}},"41":{"start":{"line":81,"column":0},"end":{"line":81,"column":75}},"42":{"start":{"line":83,"column":0},"end":{"line":83,"column":75}},"43":{"start":{"line":85,"column":0},"end":{"line":85,"column":79}},"44":{"start":{"line":87,"column":0},"end":{"line":87,"column":65}},"45":{"start":{"line":89,"column":0},"end":{"line":89,"column":69}},"46":{"start":{"line":91,"column":0},"end":{"line":91,"column":50}},"47":{"start":{"line":93,"column":0},"end":{"line":93,"column":69}},"48":{"start":{"line":95,"column":0},"end":{"line":95,"column":42}},"49":{"start":{"line":97,"column":0},"end":{"line":97,"column":89}},"50":{"start":{"line":99,"column":0},"end":{"line":99,"column":83}},"51":{"start":{"line":101,"column":0},"end":{"line":101,"column":83}},"52":{"start":{"line":103,"column":0},"end":{"line":103,"column":61}},"53":{"start":{"line":105,"column":0},"end":{"line":105,"column":59}},"54":{"start":{"line":107,"column":0},"end":{"line":107,"column":46}},"55":{"start":{"line":109,"column":0},"end":{"line":109,"column":61}},"56":{"start":{"line":111,"column":0},"end":{"line":111,"column":54}},"57":{"start":{"line":113,"column":0},"end":{"line":113,"column":50}},"58":{"start":{"line":116,"column":0},"end":{"line":116,"column":62}},"59":{"start":{"line":118,"column":0},"end":{"line":118,"column":66}},"60":{"start":{"line":120,"column":0},"end":{"line":120,"column":65}},"61":{"start":{"line":122,"column":0},"end":{"line":122,"column":69}},"62":{"start":{"line":124,"column":0},"end":{"line":124,"column":24}}},"fnMap":{"0":{"name":"(anonymous_0)","decl":{"start":{"line":13,"column":18},"end":{"line":13,"column":19}},"loc":{"start":{"line":13,"column":36},"end":{"line":27,"column":1}},"line":13},"1":{"name":"(anonymous_1)","decl":{"start":{"line":19,"column":42},"end":{"line":19,"column":43}},"loc":{"start":{"line":19,"column":60},"end":{"line":25,"column":9}},"line":19}},"branchMap":{"0":{"loc":{"start":{"line":16,"column":4},"end":{"line":26,"column":5}},"type":"if","locations":[{"start":{"line":16,"column":4},"end":{"line":26,"column":5}},{"start":{"line":16,"column":4},"end":{"line":26,"column":5}}],"line":16},"1":{"loc":{"start":{"line":20,"column":12},"end":{"line":24,"column":13}},"type":"if","locations":[{"start":{"line":20,"column":12},"end":{"line":24,"column":13}},{"start":{"line":20,"column":12},"end":{"line":24,"column":13}}],"line":20}},"s":{"0":1,"1":1,"2":1,"3":1,"4":1,"5":1,"6":1,"7":1,"8":1,"9":1,"10":1,"11":0,"12":0,"13":0,"14":0,"15":0,"16":0,"17":0,"18":1,"19":1,"20":1,"21":1,"22":1,"23":1,"24":1,"25":1,"26":1,"27":1,"28":1,"29":1,"30":1,"31":1,"32":1,"33":1,"34":1,"35":1,"36":1,"37":1,"38":1,"39":1,"40":1,"41":1,"42":1,"43":1,"44":1,"45":1,"46":1,"47":1,"48":1,"49":1,"50":1,"51":1,"52":1,"53":1,"54":1,"55":1,"56":1,"57":1,"58":1,"59":1,"60":1,"61":1,"62":1},"f":{"0":0,"1":0},"b":{"0":[0,0],"1":[0,0]},"_coverageSchema":"1a1c01bbd47fc00a2c39e90264f33305004495a9","hash":"b1a8e97357cf989adbb1beecb42df66ac25bad1a"}
}
