{"C:\\Users\\joane\\sosracismo\\server\\server.js": {"path":"C:\\Users\\joane\\sosracismo\\server\\server.js","statementMap":{"0":{"start":{"line":1,"column":16},"end":{"line":1,"column":34}},"1":{"start":{"line":2,"column":13},"end":{"line":2,"column":28}},"2":{"start":{"line":3,"column":15},"end":{"line":3,"column":24}},"3":{"start":{"line":4,"column":11},"end":{"line":4,"column":30}},"4":{"start":{"line":6,"column":21},"end":{"line":8,"column":1}},"5":{"start":{"line":10,"column":0},"end":{"line":10,"column":27}},"6":{"start":{"line":11,"column":0},"end":{"line":11,"column":33}},"7":{"start":{"line":13,"column":12},"end":{"line":13,"column":37}},"8":{"start":{"line":15,"column":0},"end":{"line":15,"column":31}},"9":{"start":{"line":16,"column":0},"end":{"line":16,"column":21}},"10":{"start":{"line":17,"column":0},"end":{"line":23,"column":3}},"11":{"start":{"line":18,"column":2},"end":{"line":18,"column":49}},"12":{"start":{"line":19,"column":2},"end":{"line":19,"column":158}},"13":{"start":{"line":20,"column":2},"end":{"line":20,"column":80}},"14":{"start":{"line":21,"column":2},"end":{"line":21,"column":57}},"15":{"start":{"line":22,"column":2},"end":{"line":22,"column":9}},"16":{"start":{"line":27,"column":0},"end":{"line":29,"column":3}},"17":{"start":{"line":28,"column":2},"end":{"line":28,"column":60}},"18":{"start":{"line":32,"column":13},"end":{"line":32,"column":37}},"19":{"start":{"line":34,"column":0},"end":{"line":34,"column":23}}},"fnMap":{"0":{"name":"(anonymous_0)","decl":{"start":{"line":17,"column":11},"end":{"line":17,"column":12}},"loc":{"start":{"line":17,"column":31},"end":{"line":23,"column":1}},"line":17},"1":{"name":"(anonymous_1)","decl":{"start":{"line":27,"column":16},"end":{"line":27,"column":17}},"loc":{"start":{"line":27,"column":30},"end":{"line":29,"column":1}},"line":27}},"branchMap":{"0":{"loc":{"start":{"line":32,"column":13},"end":{"line":32,"column":37}},"type":"binary-expr","locations":[{"start":{"line":32,"column":13},"end":{"line":32,"column":29}},{"start":{"line":32,"column":33},"end":{"line":32,"column":37}}],"line":32}},"s":{"0":1,"1":1,"2":1,"3":1,"4":1,"5":1,"6":1,"7":1,"8":1,"9":1,"10":1,"11":0,"12":0,"13":0,"14":0,"15":0,"16":1,"17":0,"18":1,"19":1},"f":{"0":0,"1":0},"b":{"0":[1,1]},"_coverageSchema":"1a1c01bbd47fc00a2c39e90264f33305004495a9","hash":"6ca6cbef85618a016af71167beecf0af566eaef4"}
,"C:\\Users\\joane\\sosracismo\\server\\config\\auth.config.js": {"path":"C:\\Users\\joane\\sosracismo\\server\\config\\auth.config.js","statementMap":{"0":{"start":{"line":1,"column":0},"end":{"line":3,"column":4}}},"fnMap":{},"branchMap":{},"s":{"0":1},"f":{},"b":{},"_coverageSchema":"1a1c01bbd47fc00a2c39e90264f33305004495a9","hash":"21c774ab0b3dc65bbf9b95de7b5bbe322d6d4066"}
,"C:\\Users\\joane\\sosracismo\\server\\config\\db.config.js": {"path":"C:\\Users\\joane\\sosracismo\\server\\config\\db.config.js","statementMap":{"0":{"start":{"line":1,"column":0},"end":{"line":13,"column":4}}},"fnMap":{},"branchMap":{},"s":{"0":1},"f":{},"b":{},"_coverageSchema":"1a1c01bbd47fc00a2c39e90264f33305004495a9","hash":"8f7750b623f49879950b4d95c074332e65fdfa0f"}
,"C:\\Users\\joane\\sosracismo\\server\\controllers\\caso.js": {"path":"C:\\Users\\joane\\sosracismo\\server\\controllers\\caso.js","statementMap":{"0":{"start":{"line":1,"column":11},"end":{"line":1,"column":31}},"1":{"start":{"line":2,"column":13},"end":{"line":2,"column":21}},"2":{"start":{"line":3,"column":23},"end":{"line":3,"column":42}},"3":{"start":{"line":4,"column":20},"end":{"line":4,"column":35}},"4":{"start":{"line":5,"column":16},"end":{"line":5,"column":27}},"5":{"start":{"line":6,"column":16},"end":{"line":6,"column":27}},"6":{"start":{"line":7,"column":29},"end":{"line":7,"column":52}},"7":{"start":{"line":8,"column":28},"end":{"line":8,"column":50}},"8":{"start":{"line":9,"column":25},"end":{"line":9,"column":46}},"9":{"start":{"line":10,"column":18},"end":{"line":10,"column":38}},"10":{"start":{"line":11,"column":18},"end":{"line":11,"column":38}},"11":{"start":{"line":12,"column":12},"end":{"line":12,"column":35}},"12":{"start":{"line":13,"column":15},"end":{"line":13,"column":50}},"13":{"start":{"line":16,"column":0},"end":{"line":73,"column":2}},"14":{"start":{"line":18,"column":2},"end":{"line":23,"column":3}},"15":{"start":{"line":19,"column":4},"end":{"line":21,"column":7}},"16":{"start":{"line":22,"column":4},"end":{"line":22,"column":11}},"17":{"start":{"line":25,"column":15},"end":{"line":29,"column":3}},"18":{"start":{"line":32,"column":2},"end":{"line":71,"column":7}},"19":{"start":{"line":34,"column":32},"end":{"line":55,"column":7}},"20":{"start":{"line":56,"column":6},"end":{"line":56,"column":36}},"21":{"start":{"line":57,"column":6},"end":{"line":64,"column":9}},"22":{"start":{"line":58,"column":8},"end":{"line":58,"column":86}},"23":{"start":{"line":60,"column":8},"end":{"line":63,"column":11}},"24":{"start":{"line":67,"column":6},"end":{"line":70,"column":9}},"25":{"start":{"line":76,"column":0},"end":{"line":127,"column":2}},"26":{"start":{"line":78,"column":2},"end":{"line":83,"column":3}},"27":{"start":{"line":79,"column":4},"end":{"line":81,"column":7}},"28":{"start":{"line":82,"column":4},"end":{"line":82,"column":11}},"29":{"start":{"line":85,"column":13},"end":{"line":85,"column":26}},"30":{"start":{"line":86,"column":28},"end":{"line":106,"column":3}},"31":{"start":{"line":108,"column":2},"end":{"line":125,"column":7}},"32":{"start":{"line":111,"column":4},"end":{"line":119,"column":5}},"33":{"start":{"line":112,"column":6},"end":{"line":114,"column":9}},"34":{"start":{"line":116,"column":6},"end":{"line":118,"column":9}},"35":{"start":{"line":122,"column":6},"end":{"line":124,"column":9}},"36":{"start":{"line":130,"column":0},"end":{"line":220,"column":2}},"37":{"start":{"line":132,"column":2},"end":{"line":137,"column":3}},"38":{"start":{"line":133,"column":4},"end":{"line":135,"column":7}},"39":{"start":{"line":136,"column":4},"end":{"line":136,"column":11}},"40":{"start":{"line":139,"column":15},"end":{"line":143,"column":3}},"41":{"start":{"line":146,"column":2},"end":{"line":218,"column":7}},"42":{"start":{"line":148,"column":31},"end":{"line":177,"column":7}},"43":{"start":{"line":178,"column":6},"end":{"line":211,"column":9}},"44":{"start":{"line":179,"column":8},"end":{"line":205,"column":9}},"45":{"start":{"line":180,"column":29},"end":{"line":184,"column":11}},"46":{"start":{"line":185,"column":10},"end":{"line":192,"column":13}},"47":{"start":{"line":186,"column":12},"end":{"line":186,"column":90}},"48":{"start":{"line":188,"column":12},"end":{"line":191,"column":15}},"49":{"start":{"line":194,"column":26},"end":{"line":196,"column":11}},"50":{"start":{"line":197,"column":10},"end":{"line":204,"column":13}},"51":{"start":{"line":198,"column":12},"end":{"line":198,"column":90}},"52":{"start":{"line":200,"column":12},"end":{"line":203,"column":15}},"53":{"start":{"line":207,"column":8},"end":{"line":210,"column":11}},"54":{"start":{"line":214,"column":6},"end":{"line":217,"column":9}},"55":{"start":{"line":223,"column":0},"end":{"line":274,"column":2}},"56":{"start":{"line":224,"column":13},"end":{"line":224,"column":26}},"57":{"start":{"line":226,"column":27},"end":{"line":254,"column":3}},"58":{"start":{"line":256,"column":2},"end":{"line":272,"column":5}},"59":{"start":{"line":259,"column":4},"end":{"line":267,"column":5}},"60":{"start":{"line":260,"column":6},"end":{"line":262,"column":9}},"61":{"start":{"line":264,"column":6},"end":{"line":266,"column":9}},"62":{"start":{"line":269,"column":4},"end":{"line":271,"column":7}},"63":{"start":{"line":277,"column":0},"end":{"line":321,"column":2}},"64":{"start":{"line":279,"column":2},"end":{"line":284,"column":3}},"65":{"start":{"line":280,"column":4},"end":{"line":282,"column":7}},"66":{"start":{"line":283,"column":4},"end":{"line":283,"column":11}},"67":{"start":{"line":285,"column":15},"end":{"line":289,"column":3}},"68":{"start":{"line":292,"column":2},"end":{"line":320,"column":7}},"69":{"start":{"line":294,"column":29},"end":{"line":296,"column":7}},"70":{"start":{"line":297,"column":6},"end":{"line":313,"column":8}},"71":{"start":{"line":298,"column":8},"end":{"line":304,"column":10}},"72":{"start":{"line":299,"column":10},"end":{"line":302,"column":12}},"73":{"start":{"line":305,"column":8},"end":{"line":311,"column":10}},"74":{"start":{"line":306,"column":10},"end":{"line":309,"column":12}},"75":{"start":{"line":314,"column":6},"end":{"line":314,"column":84}},"76":{"start":{"line":316,"column":6},"end":{"line":319,"column":9}},"77":{"start":{"line":324,"column":0},"end":{"line":373,"column":2}},"78":{"start":{"line":325,"column":13},"end":{"line":325,"column":26}},"79":{"start":{"line":327,"column":25},"end":{"line":329,"column":3}},"80":{"start":{"line":330,"column":2},"end":{"line":371,"column":7}},"81":{"start":{"line":333,"column":4},"end":{"line":365,"column":5}},"82":{"start":{"line":334,"column":6},"end":{"line":336,"column":8}},"83":{"start":{"line":337,"column":6},"end":{"line":342,"column":8}},"84":{"start":{"line":338,"column":8},"end":{"line":341,"column":10}},"85":{"start":{"line":344,"column":6},"end":{"line":346,"column":8}},"86":{"start":{"line":347,"column":6},"end":{"line":352,"column":8}},"87":{"start":{"line":348,"column":8},"end":{"line":351,"column":10}},"88":{"start":{"line":353,"column":6},"end":{"line":360,"column":11}},"89":{"start":{"line":357,"column":10},"end":{"line":359,"column":13}},"90":{"start":{"line":362,"column":6},"end":{"line":364,"column":9}},"91":{"start":{"line":368,"column":6},"end":{"line":370,"column":9}},"92":{"start":{"line":376,"column":0},"end":{"line":395,"column":2}},"93":{"start":{"line":377,"column":16},"end":{"line":377,"column":32}},"94":{"start":{"line":378,"column":2},"end":{"line":393,"column":4}},"95":{"start":{"line":379,"column":4},"end":{"line":392,"column":5}},"96":{"start":{"line":380,"column":6},"end":{"line":380,"column":94}},"97":{"start":{"line":382,"column":6},"end":{"line":391,"column":10}},"98":{"start":{"line":388,"column":10},"end":{"line":388,"column":28}},"99":{"start":{"line":390,"column":10},"end":{"line":390,"column":40}},"100":{"start":{"line":399,"column":0},"end":{"line":410,"column":2}},"101":{"start":{"line":400,"column":13},"end":{"line":400,"column":26}},"102":{"start":{"line":401,"column":2},"end":{"line":409,"column":6}},"103":{"start":{"line":406,"column":6},"end":{"line":406,"column":24}},"104":{"start":{"line":408,"column":6},"end":{"line":408,"column":36}},"105":{"start":{"line":413,"column":0},"end":{"line":424,"column":2}},"106":{"start":{"line":414,"column":13},"end":{"line":414,"column":26}},"107":{"start":{"line":415,"column":2},"end":{"line":423,"column":6}},"108":{"start":{"line":420,"column":6},"end":{"line":420,"column":24}},"109":{"start":{"line":422,"column":6},"end":{"line":422,"column":36}},"110":{"start":{"line":426,"column":0},"end":{"line":436,"column":2}},"111":{"start":{"line":427,"column":13},"end":{"line":427,"column":26}},"112":{"start":{"line":428,"column":2},"end":{"line":435,"column":5}},"113":{"start":{"line":429,"column":4},"end":{"line":429,"column":27}},"114":{"start":{"line":431,"column":4},"end":{"line":434,"column":7}},"115":{"start":{"line":438,"column":0},"end":{"line":448,"column":2}},"116":{"start":{"line":439,"column":13},"end":{"line":439,"column":26}},"117":{"start":{"line":440,"column":2},"end":{"line":447,"column":5}},"118":{"start":{"line":441,"column":4},"end":{"line":441,"column":27}},"119":{"start":{"line":443,"column":4},"end":{"line":446,"column":7}},"120":{"start":{"line":451,"column":0},"end":{"line":463,"column":2}},"121":{"start":{"line":452,"column":13},"end":{"line":452,"column":26}},"122":{"start":{"line":453,"column":2},"end":{"line":462,"column":6}},"123":{"start":{"line":459,"column":6},"end":{"line":459,"column":24}},"124":{"start":{"line":461,"column":6},"end":{"line":461,"column":36}},"125":{"start":{"line":466,"column":0},"end":{"line":478,"column":2}},"126":{"start":{"line":467,"column":13},"end":{"line":467,"column":26}},"127":{"start":{"line":468,"column":2},"end":{"line":477,"column":6}},"128":{"start":{"line":474,"column":6},"end":{"line":474,"column":24}},"129":{"start":{"line":476,"column":6},"end":{"line":476,"column":36}},"130":{"start":{"line":481,"column":0},"end":{"line":491,"column":1}},"131":{"start":{"line":482,"column":13},"end":{"line":482,"column":26}},"132":{"start":{"line":483,"column":2},"end":{"line":490,"column":5}},"133":{"start":{"line":484,"column":4},"end":{"line":484,"column":27}},"134":{"start":{"line":486,"column":4},"end":{"line":489,"column":7}},"135":{"start":{"line":494,"column":0},"end":{"line":506,"column":2}},"136":{"start":{"line":495,"column":13},"end":{"line":495,"column":26}},"137":{"start":{"line":496,"column":2},"end":{"line":505,"column":5}},"138":{"start":{"line":501,"column":6},"end":{"line":501,"column":25}},"139":{"start":{"line":504,"column":6},"end":{"line":504,"column":22}},"140":{"start":{"line":509,"column":0},"end":{"line":523,"column":2}},"141":{"start":{"line":510,"column":16},"end":{"line":510,"column":32}},"142":{"start":{"line":511,"column":2},"end":{"line":521,"column":4}},"143":{"start":{"line":512,"column":4},"end":{"line":520,"column":5}},"144":{"start":{"line":513,"column":6},"end":{"line":513,"column":94}},"145":{"start":{"line":515,"column":6},"end":{"line":519,"column":8}},"146":{"start":{"line":516,"column":8},"end":{"line":516,"column":31}},"147":{"start":{"line":518,"column":8},"end":{"line":518,"column":38}},"148":{"start":{"line":526,"column":0},"end":{"line":592,"column":1}},"149":{"start":{"line":527,"column":11},"end":{"line":527,"column":24}},"150":{"start":{"line":528,"column":2},"end":{"line":534,"column":5}},"151":{"start":{"line":531,"column":4},"end":{"line":533,"column":7}},"152":{"start":{"line":536,"column":2},"end":{"line":542,"column":5}},"153":{"start":{"line":539,"column":4},"end":{"line":541,"column":7}},"154":{"start":{"line":544,"column":2},"end":{"line":550,"column":5}},"155":{"start":{"line":547,"column":4},"end":{"line":549,"column":7}},"156":{"start":{"line":552,"column":2},"end":{"line":558,"column":5}},"157":{"start":{"line":555,"column":4},"end":{"line":557,"column":7}},"158":{"start":{"line":559,"column":2},"end":{"line":565,"column":5}},"159":{"start":{"line":562,"column":4},"end":{"line":564,"column":7}},"160":{"start":{"line":566,"column":2},"end":{"line":572,"column":5}},"161":{"start":{"line":569,"column":4},"end":{"line":571,"column":7}},"162":{"start":{"line":573,"column":2},"end":{"line":591,"column":5}},"163":{"start":{"line":578,"column":4},"end":{"line":586,"column":5}},"164":{"start":{"line":579,"column":6},"end":{"line":581,"column":9}},"165":{"start":{"line":583,"column":6},"end":{"line":585,"column":9}},"166":{"start":{"line":588,"column":4},"end":{"line":590,"column":7}},"167":{"start":{"line":594,"column":0},"end":{"line":605,"column":1}},"168":{"start":{"line":595,"column":2},"end":{"line":595,"column":28}},"169":{"start":{"line":596,"column":2},"end":{"line":596,"column":24}},"170":{"start":{"line":597,"column":2},"end":{"line":604,"column":5}},"171":{"start":{"line":598,"column":4},"end":{"line":598,"column":24}},"172":{"start":{"line":600,"column":4},"end":{"line":603,"column":7}}},"fnMap":{"0":{"name":"(anonymous_0)","decl":{"start":{"line":16,"column":31},"end":{"line":16,"column":32}},"loc":{"start":{"line":16,"column":45},"end":{"line":73,"column":1}},"line":16},"1":{"name":"(anonymous_1)","decl":{"start":{"line":33,"column":10},"end":{"line":33,"column":11}},"loc":{"start":{"line":33,"column":18},"end":{"line":65,"column":5}},"line":33},"2":{"name":"(anonymous_2)","decl":{"start":{"line":57,"column":52},"end":{"line":57,"column":53}},"loc":{"start":{"line":57,"column":60},"end":{"line":59,"column":7}},"line":57},"3":{"name":"(anonymous_3)","decl":{"start":{"line":59,"column":15},"end":{"line":59,"column":16}},"loc":{"start":{"line":59,"column":22},"end":{"line":64,"column":7}},"line":59},"4":{"name":"(anonymous_4)","decl":{"start":{"line":66,"column":11},"end":{"line":66,"column":12}},"loc":{"start":{"line":66,"column":18},"end":{"line":71,"column":5}},"line":66},"5":{"name":"(anonymous_5)","decl":{"start":{"line":76,"column":31},"end":{"line":76,"column":32}},"loc":{"start":{"line":76,"column":45},"end":{"line":127,"column":1}},"line":76},"6":{"name":"(anonymous_6)","decl":{"start":{"line":110,"column":10},"end":{"line":110,"column":11}},"loc":{"start":{"line":110,"column":17},"end":{"line":120,"column":3}},"line":110},"7":{"name":"(anonymous_7)","decl":{"start":{"line":121,"column":11},"end":{"line":121,"column":12}},"loc":{"start":{"line":121,"column":18},"end":{"line":125,"column":5}},"line":121},"8":{"name":"(anonymous_8)","decl":{"start":{"line":130,"column":33},"end":{"line":130,"column":34}},"loc":{"start":{"line":130,"column":47},"end":{"line":220,"column":1}},"line":130},"9":{"name":"(anonymous_9)","decl":{"start":{"line":147,"column":10},"end":{"line":147,"column":11}},"loc":{"start":{"line":147,"column":18},"end":{"line":212,"column":5}},"line":147},"10":{"name":"(anonymous_10)","decl":{"start":{"line":178,"column":53},"end":{"line":178,"column":54}},"loc":{"start":{"line":178,"column":61},"end":{"line":206,"column":7}},"line":178},"11":{"name":"(anonymous_11)","decl":{"start":{"line":185,"column":42},"end":{"line":185,"column":43}},"loc":{"start":{"line":185,"column":50},"end":{"line":187,"column":11}},"line":185},"12":{"name":"(anonymous_12)","decl":{"start":{"line":187,"column":19},"end":{"line":187,"column":20}},"loc":{"start":{"line":187,"column":26},"end":{"line":192,"column":11}},"line":187},"13":{"name":"(anonymous_13)","decl":{"start":{"line":197,"column":39},"end":{"line":197,"column":40}},"loc":{"start":{"line":197,"column":47},"end":{"line":199,"column":11}},"line":197},"14":{"name":"(anonymous_14)","decl":{"start":{"line":199,"column":19},"end":{"line":199,"column":20}},"loc":{"start":{"line":199,"column":26},"end":{"line":204,"column":11}},"line":199},"15":{"name":"(anonymous_15)","decl":{"start":{"line":206,"column":15},"end":{"line":206,"column":16}},"loc":{"start":{"line":206,"column":22},"end":{"line":211,"column":7}},"line":206},"16":{"name":"(anonymous_16)","decl":{"start":{"line":213,"column":11},"end":{"line":213,"column":12}},"loc":{"start":{"line":213,"column":18},"end":{"line":218,"column":5}},"line":213},"17":{"name":"(anonymous_17)","decl":{"start":{"line":223,"column":33},"end":{"line":223,"column":34}},"loc":{"start":{"line":223,"column":47},"end":{"line":274,"column":1}},"line":223},"18":{"name":"(anonymous_18)","decl":{"start":{"line":258,"column":10},"end":{"line":258,"column":11}},"loc":{"start":{"line":258,"column":17},"end":{"line":268,"column":3}},"line":258},"19":{"name":"(anonymous_19)","decl":{"start":{"line":268,"column":11},"end":{"line":268,"column":12}},"loc":{"start":{"line":268,"column":18},"end":{"line":272,"column":3}},"line":268},"20":{"name":"(anonymous_20)","decl":{"start":{"line":277,"column":28},"end":{"line":277,"column":29}},"loc":{"start":{"line":277,"column":42},"end":{"line":321,"column":1}},"line":277},"21":{"name":"(anonymous_21)","decl":{"start":{"line":293,"column":10},"end":{"line":293,"column":11}},"loc":{"start":{"line":293,"column":18},"end":{"line":315,"column":5}},"line":293},"22":{"name":"(anonymous_22)","decl":{"start":{"line":297,"column":46},"end":{"line":297,"column":47}},"loc":{"start":{"line":297,"column":54},"end":{"line":313,"column":7}},"line":297},"23":{"name":"(anonymous_23)","decl":{"start":{"line":298,"column":36},"end":{"line":298,"column":37}},"loc":{"start":{"line":298,"column":52},"end":{"line":304,"column":9}},"line":298},"24":{"name":"(anonymous_24)","decl":{"start":{"line":305,"column":36},"end":{"line":305,"column":37}},"loc":{"start":{"line":305,"column":51},"end":{"line":311,"column":9}},"line":305},"25":{"name":"(anonymous_25)","decl":{"start":{"line":315,"column":13},"end":{"line":315,"column":14}},"loc":{"start":{"line":315,"column":20},"end":{"line":320,"column":5}},"line":315},"26":{"name":"(anonymous_26)","decl":{"start":{"line":324,"column":28},"end":{"line":324,"column":29}},"loc":{"start":{"line":324,"column":42},"end":{"line":373,"column":1}},"line":324},"27":{"name":"(anonymous_27)","decl":{"start":{"line":332,"column":10},"end":{"line":332,"column":11}},"loc":{"start":{"line":332,"column":17},"end":{"line":366,"column":3}},"line":332},"28":{"name":"(anonymous_28)","decl":{"start":{"line":337,"column":34},"end":{"line":337,"column":35}},"loc":{"start":{"line":337,"column":50},"end":{"line":342,"column":7}},"line":337},"29":{"name":"(anonymous_29)","decl":{"start":{"line":347,"column":34},"end":{"line":347,"column":35}},"loc":{"start":{"line":347,"column":49},"end":{"line":352,"column":7}},"line":347},"30":{"name":"(anonymous_30)","decl":{"start":{"line":356,"column":15},"end":{"line":356,"column":16}},"loc":{"start":{"line":356,"column":22},"end":{"line":360,"column":9}},"line":356},"31":{"name":"(anonymous_31)","decl":{"start":{"line":367,"column":11},"end":{"line":367,"column":12}},"loc":{"start":{"line":367,"column":18},"end":{"line":371,"column":5}},"line":367},"32":{"name":"(anonymous_32)","decl":{"start":{"line":376,"column":22},"end":{"line":376,"column":23}},"loc":{"start":{"line":376,"column":39},"end":{"line":395,"column":1}},"line":376},"33":{"name":"(anonymous_33)","decl":{"start":{"line":378,"column":35},"end":{"line":378,"column":36}},"loc":{"start":{"line":378,"column":53},"end":{"line":393,"column":3}},"line":378},"34":{"name":"(anonymous_34)","decl":{"start":{"line":387,"column":14},"end":{"line":387,"column":15}},"loc":{"start":{"line":387,"column":22},"end":{"line":389,"column":9}},"line":387},"35":{"name":"(anonymous_35)","decl":{"start":{"line":389,"column":17},"end":{"line":389,"column":18}},"loc":{"start":{"line":389,"column":26},"end":{"line":391,"column":9}},"line":389},"36":{"name":"(anonymous_36)","decl":{"start":{"line":399,"column":22},"end":{"line":399,"column":23}},"loc":{"start":{"line":399,"column":39},"end":{"line":410,"column":1}},"line":399},"37":{"name":"(anonymous_37)","decl":{"start":{"line":405,"column":10},"end":{"line":405,"column":11}},"loc":{"start":{"line":405,"column":18},"end":{"line":407,"column":5}},"line":405},"38":{"name":"(anonymous_38)","decl":{"start":{"line":407,"column":13},"end":{"line":407,"column":14}},"loc":{"start":{"line":407,"column":22},"end":{"line":409,"column":5}},"line":407},"39":{"name":"(anonymous_39)","decl":{"start":{"line":413,"column":44},"end":{"line":413,"column":45}},"loc":{"start":{"line":413,"column":61},"end":{"line":424,"column":1}},"line":413},"40":{"name":"(anonymous_40)","decl":{"start":{"line":419,"column":10},"end":{"line":419,"column":11}},"loc":{"start":{"line":419,"column":18},"end":{"line":421,"column":5}},"line":419},"41":{"name":"(anonymous_41)","decl":{"start":{"line":421,"column":13},"end":{"line":421,"column":14}},"loc":{"start":{"line":421,"column":22},"end":{"line":423,"column":5}},"line":421},"42":{"name":"(anonymous_42)","decl":{"start":{"line":426,"column":41},"end":{"line":426,"column":42}},"loc":{"start":{"line":426,"column":58},"end":{"line":436,"column":1}},"line":426},"43":{"name":"(anonymous_43)","decl":{"start":{"line":428,"column":151},"end":{"line":428,"column":152}},"loc":{"start":{"line":428,"column":162},"end":{"line":430,"column":3}},"line":428},"44":{"name":"(anonymous_44)","decl":{"start":{"line":430,"column":11},"end":{"line":430,"column":12}},"loc":{"start":{"line":430,"column":18},"end":{"line":435,"column":3}},"line":430},"45":{"name":"(anonymous_45)","decl":{"start":{"line":438,"column":41},"end":{"line":438,"column":42}},"loc":{"start":{"line":438,"column":58},"end":{"line":448,"column":1}},"line":438},"46":{"name":"(anonymous_46)","decl":{"start":{"line":440,"column":87},"end":{"line":440,"column":88}},"loc":{"start":{"line":440,"column":98},"end":{"line":442,"column":3}},"line":440},"47":{"name":"(anonymous_47)","decl":{"start":{"line":442,"column":11},"end":{"line":442,"column":12}},"loc":{"start":{"line":442,"column":18},"end":{"line":447,"column":3}},"line":442},"48":{"name":"(anonymous_48)","decl":{"start":{"line":451,"column":36},"end":{"line":451,"column":37}},"loc":{"start":{"line":451,"column":53},"end":{"line":463,"column":1}},"line":451},"49":{"name":"(anonymous_49)","decl":{"start":{"line":458,"column":10},"end":{"line":458,"column":11}},"loc":{"start":{"line":458,"column":18},"end":{"line":460,"column":5}},"line":458},"50":{"name":"(anonymous_50)","decl":{"start":{"line":460,"column":13},"end":{"line":460,"column":14}},"loc":{"start":{"line":460,"column":22},"end":{"line":462,"column":5}},"line":460},"51":{"name":"(anonymous_51)","decl":{"start":{"line":466,"column":35},"end":{"line":466,"column":36}},"loc":{"start":{"line":466,"column":52},"end":{"line":478,"column":1}},"line":466},"52":{"name":"(anonymous_52)","decl":{"start":{"line":473,"column":10},"end":{"line":473,"column":11}},"loc":{"start":{"line":473,"column":18},"end":{"line":475,"column":5}},"line":473},"53":{"name":"(anonymous_53)","decl":{"start":{"line":475,"column":13},"end":{"line":475,"column":14}},"loc":{"start":{"line":475,"column":22},"end":{"line":477,"column":5}},"line":475},"54":{"name":"(anonymous_54)","decl":{"start":{"line":481,"column":22},"end":{"line":481,"column":23}},"loc":{"start":{"line":481,"column":39},"end":{"line":491,"column":1}},"line":481},"55":{"name":"(anonymous_55)","decl":{"start":{"line":483,"column":331},"end":{"line":483,"column":332}},"loc":{"start":{"line":483,"column":342},"end":{"line":485,"column":3}},"line":483},"56":{"name":"(anonymous_56)","decl":{"start":{"line":485,"column":11},"end":{"line":485,"column":12}},"loc":{"start":{"line":485,"column":18},"end":{"line":490,"column":3}},"line":485},"57":{"name":"(anonymous_57)","decl":{"start":{"line":494,"column":24},"end":{"line":494,"column":25}},"loc":{"start":{"line":494,"column":41},"end":{"line":506,"column":1}},"line":494},"58":{"name":"(anonymous_58)","decl":{"start":{"line":500,"column":10},"end":{"line":500,"column":11}},"loc":{"start":{"line":501,"column":6},"end":{"line":501,"column":25}},"line":501},"59":{"name":"(anonymous_59)","decl":{"start":{"line":503,"column":11},"end":{"line":503,"column":12}},"loc":{"start":{"line":504,"column":6},"end":{"line":504,"column":22}},"line":504},"60":{"name":"(anonymous_60)","decl":{"start":{"line":509,"column":35},"end":{"line":509,"column":36}},"loc":{"start":{"line":509,"column":52},"end":{"line":523,"column":1}},"line":509},"61":{"name":"(anonymous_61)","decl":{"start":{"line":511,"column":35},"end":{"line":511,"column":36}},"loc":{"start":{"line":511,"column":53},"end":{"line":521,"column":3}},"line":511},"62":{"name":"(anonymous_62)","decl":{"start":{"line":515,"column":267},"end":{"line":515,"column":268}},"loc":{"start":{"line":515,"column":278},"end":{"line":517,"column":7}},"line":515},"63":{"name":"(anonymous_63)","decl":{"start":{"line":517,"column":15},"end":{"line":517,"column":16}},"loc":{"start":{"line":517,"column":24},"end":{"line":519,"column":7}},"line":517},"64":{"name":"(anonymous_64)","decl":{"start":{"line":526,"column":21},"end":{"line":526,"column":22}},"loc":{"start":{"line":526,"column":38},"end":{"line":592,"column":1}},"line":526},"65":{"name":"(anonymous_65)","decl":{"start":{"line":530,"column":11},"end":{"line":530,"column":12}},"loc":{"start":{"line":530,"column":18},"end":{"line":534,"column":3}},"line":530},"66":{"name":"(anonymous_66)","decl":{"start":{"line":538,"column":11},"end":{"line":538,"column":12}},"loc":{"start":{"line":538,"column":18},"end":{"line":542,"column":3}},"line":538},"67":{"name":"(anonymous_67)","decl":{"start":{"line":546,"column":11},"end":{"line":546,"column":12}},"loc":{"start":{"line":546,"column":18},"end":{"line":550,"column":3}},"line":546},"68":{"name":"(anonymous_68)","decl":{"start":{"line":554,"column":11},"end":{"line":554,"column":12}},"loc":{"start":{"line":554,"column":18},"end":{"line":558,"column":3}},"line":554},"69":{"name":"(anonymous_69)","decl":{"start":{"line":561,"column":11},"end":{"line":561,"column":12}},"loc":{"start":{"line":561,"column":18},"end":{"line":565,"column":3}},"line":561},"70":{"name":"(anonymous_70)","decl":{"start":{"line":568,"column":11},"end":{"line":568,"column":12}},"loc":{"start":{"line":568,"column":18},"end":{"line":572,"column":3}},"line":568},"71":{"name":"(anonymous_71)","decl":{"start":{"line":577,"column":10},"end":{"line":577,"column":11}},"loc":{"start":{"line":577,"column":17},"end":{"line":587,"column":3}},"line":577},"72":{"name":"(anonymous_72)","decl":{"start":{"line":587,"column":11},"end":{"line":587,"column":12}},"loc":{"start":{"line":587,"column":18},"end":{"line":591,"column":3}},"line":587},"73":{"name":"(anonymous_73)","decl":{"start":{"line":594,"column":31},"end":{"line":594,"column":32}},"loc":{"start":{"line":594,"column":45},"end":{"line":605,"column":1}},"line":594},"74":{"name":"(anonymous_74)","decl":{"start":{"line":597,"column":492},"end":{"line":597,"column":493}},"loc":{"start":{"line":597,"column":503},"end":{"line":599,"column":3}},"line":597},"75":{"name":"(anonymous_75)","decl":{"start":{"line":599,"column":11},"end":{"line":599,"column":12}},"loc":{"start":{"line":599,"column":18},"end":{"line":604,"column":3}},"line":599}},"branchMap":{"0":{"loc":{"start":{"line":18,"column":2},"end":{"line":23,"column":3}},"type":"if","locations":[{"start":{"line":18,"column":2},"end":{"line":23,"column":3}},{"start":{"line":18,"column":2},"end":{"line":23,"column":3}}],"line":18},"1":{"loc":{"start":{"line":42,"column":28},"end":{"line":42,"column":100}},"type":"cond-expr","locations":[{"start":{"line":42,"column":63},"end":{"line":42,"column":95}},{"start":{"line":42,"column":98},"end":{"line":42,"column":100}}],"line":42},"2":{"loc":{"start":{"line":62,"column":12},"end":{"line":62,"column":67}},"type":"binary-expr","locations":[{"start":{"line":62,"column":12},"end":{"line":62,"column":23}},{"start":{"line":62,"column":27},"end":{"line":62,"column":67}}],"line":62},"3":{"loc":{"start":{"line":69,"column":10},"end":{"line":69,"column":65}},"type":"binary-expr","locations":[{"start":{"line":69,"column":10},"end":{"line":69,"column":21}},{"start":{"line":69,"column":25},"end":{"line":69,"column":65}}],"line":69},"4":{"loc":{"start":{"line":78,"column":2},"end":{"line":83,"column":3}},"type":"if","locations":[{"start":{"line":78,"column":2},"end":{"line":83,"column":3}},{"start":{"line":78,"column":2},"end":{"line":83,"column":3}}],"line":78},"5":{"loc":{"start":{"line":93,"column":24},"end":{"line":93,"column":96}},"type":"cond-expr","locations":[{"start":{"line":93,"column":59},"end":{"line":93,"column":91}},{"start":{"line":93,"column":94},"end":{"line":93,"column":96}}],"line":93},"6":{"loc":{"start":{"line":111,"column":4},"end":{"line":119,"column":5}},"type":"if","locations":[{"start":{"line":111,"column":4},"end":{"line":119,"column":5}},{"start":{"line":111,"column":4},"end":{"line":119,"column":5}}],"line":111},"7":{"loc":{"start":{"line":132,"column":2},"end":{"line":137,"column":3}},"type":"if","locations":[{"start":{"line":132,"column":2},"end":{"line":137,"column":3}},{"start":{"line":132,"column":2},"end":{"line":137,"column":3}}],"line":132},"8":{"loc":{"start":{"line":152,"column":22},"end":{"line":152,"column":74}},"type":"cond-expr","locations":[{"start":{"line":152,"column":62},"end":{"line":152,"column":66}},{"start":{"line":152,"column":69},"end":{"line":152,"column":74}}],"line":152},"9":{"loc":{"start":{"line":159,"column":27},"end":{"line":159,"column":84}},"type":"cond-expr","locations":[{"start":{"line":159,"column":72},"end":{"line":159,"column":76}},{"start":{"line":159,"column":79},"end":{"line":159,"column":84}}],"line":159},"10":{"loc":{"start":{"line":167,"column":18},"end":{"line":167,"column":66}},"type":"cond-expr","locations":[{"start":{"line":167,"column":54},"end":{"line":167,"column":58}},{"start":{"line":167,"column":61},"end":{"line":167,"column":66}}],"line":167},"11":{"loc":{"start":{"line":168,"column":16},"end":{"line":168,"column":62}},"type":"cond-expr","locations":[{"start":{"line":168,"column":50},"end":{"line":168,"column":54}},{"start":{"line":168,"column":57},"end":{"line":168,"column":62}}],"line":168},"12":{"loc":{"start":{"line":169,"column":26},"end":{"line":169,"column":82}},"type":"cond-expr","locations":[{"start":{"line":169,"column":70},"end":{"line":169,"column":74}},{"start":{"line":169,"column":77},"end":{"line":169,"column":82}}],"line":169},"13":{"loc":{"start":{"line":176,"column":21},"end":{"line":176,"column":72}},"type":"cond-expr","locations":[{"start":{"line":176,"column":60},"end":{"line":176,"column":64}},{"start":{"line":176,"column":67},"end":{"line":176,"column":72}}],"line":176},"14":{"loc":{"start":{"line":179,"column":8},"end":{"line":205,"column":9}},"type":"if","locations":[{"start":{"line":179,"column":8},"end":{"line":205,"column":9}},{"start":{"line":179,"column":8},"end":{"line":205,"column":9}}],"line":179},"15":{"loc":{"start":{"line":190,"column":16},"end":{"line":190,"column":71}},"type":"binary-expr","locations":[{"start":{"line":190,"column":16},"end":{"line":190,"column":27}},{"start":{"line":190,"column":31},"end":{"line":190,"column":71}}],"line":190},"16":{"loc":{"start":{"line":202,"column":16},"end":{"line":202,"column":71}},"type":"binary-expr","locations":[{"start":{"line":202,"column":16},"end":{"line":202,"column":27}},{"start":{"line":202,"column":31},"end":{"line":202,"column":71}}],"line":202},"17":{"loc":{"start":{"line":209,"column":12},"end":{"line":209,"column":70}},"type":"binary-expr","locations":[{"start":{"line":209,"column":12},"end":{"line":209,"column":23}},{"start":{"line":209,"column":27},"end":{"line":209,"column":70}}],"line":209},"18":{"loc":{"start":{"line":216,"column":10},"end":{"line":216,"column":65}},"type":"binary-expr","locations":[{"start":{"line":216,"column":10},"end":{"line":216,"column":21}},{"start":{"line":216,"column":25},"end":{"line":216,"column":65}}],"line":216},"19":{"loc":{"start":{"line":229,"column":18},"end":{"line":229,"column":70}},"type":"cond-expr","locations":[{"start":{"line":229,"column":58},"end":{"line":229,"column":62}},{"start":{"line":229,"column":65},"end":{"line":229,"column":70}}],"line":229},"20":{"loc":{"start":{"line":236,"column":23},"end":{"line":236,"column":80}},"type":"cond-expr","locations":[{"start":{"line":236,"column":68},"end":{"line":236,"column":72}},{"start":{"line":236,"column":75},"end":{"line":236,"column":80}}],"line":236},"21":{"loc":{"start":{"line":244,"column":14},"end":{"line":244,"column":62}},"type":"cond-expr","locations":[{"start":{"line":244,"column":50},"end":{"line":244,"column":54}},{"start":{"line":244,"column":57},"end":{"line":244,"column":62}}],"line":244},"22":{"loc":{"start":{"line":245,"column":12},"end":{"line":245,"column":58}},"type":"cond-expr","locations":[{"start":{"line":245,"column":46},"end":{"line":245,"column":50}},{"start":{"line":245,"column":53},"end":{"line":245,"column":58}}],"line":245},"23":{"loc":{"start":{"line":246,"column":22},"end":{"line":246,"column":78}},"type":"cond-expr","locations":[{"start":{"line":246,"column":66},"end":{"line":246,"column":70}},{"start":{"line":246,"column":73},"end":{"line":246,"column":78}}],"line":246},"24":{"loc":{"start":{"line":253,"column":17},"end":{"line":253,"column":68}},"type":"cond-expr","locations":[{"start":{"line":253,"column":56},"end":{"line":253,"column":60}},{"start":{"line":253,"column":63},"end":{"line":253,"column":68}}],"line":253},"25":{"loc":{"start":{"line":259,"column":4},"end":{"line":267,"column":5}},"type":"if","locations":[{"start":{"line":259,"column":4},"end":{"line":267,"column":5}},{"start":{"line":259,"column":4},"end":{"line":267,"column":5}}],"line":259},"26":{"loc":{"start":{"line":279,"column":2},"end":{"line":284,"column":3}},"type":"if","locations":[{"start":{"line":279,"column":2},"end":{"line":284,"column":3}},{"start":{"line":279,"column":2},"end":{"line":284,"column":3}}],"line":279},"27":{"loc":{"start":{"line":318,"column":10},"end":{"line":318,"column":65}},"type":"binary-expr","locations":[{"start":{"line":318,"column":10},"end":{"line":318,"column":21}},{"start":{"line":318,"column":25},"end":{"line":318,"column":65}}],"line":318},"28":{"loc":{"start":{"line":333,"column":4},"end":{"line":365,"column":5}},"type":"if","locations":[{"start":{"line":333,"column":4},"end":{"line":365,"column":5}},{"start":{"line":333,"column":4},"end":{"line":365,"column":5}}],"line":333},"29":{"loc":{"start":{"line":379,"column":4},"end":{"line":392,"column":5}},"type":"if","locations":[{"start":{"line":379,"column":4},"end":{"line":392,"column":5}},{"start":{"line":379,"column":4},"end":{"line":392,"column":5}}],"line":379},"30":{"loc":{"start":{"line":433,"column":8},"end":{"line":433,"column":66}},"type":"binary-expr","locations":[{"start":{"line":433,"column":8},"end":{"line":433,"column":19}},{"start":{"line":433,"column":23},"end":{"line":433,"column":66}}],"line":433},"31":{"loc":{"start":{"line":445,"column":8},"end":{"line":445,"column":66}},"type":"binary-expr","locations":[{"start":{"line":445,"column":8},"end":{"line":445,"column":19}},{"start":{"line":445,"column":23},"end":{"line":445,"column":66}}],"line":445},"32":{"loc":{"start":{"line":488,"column":8},"end":{"line":488,"column":63}},"type":"binary-expr","locations":[{"start":{"line":488,"column":8},"end":{"line":488,"column":19}},{"start":{"line":488,"column":23},"end":{"line":488,"column":63}}],"line":488},"33":{"loc":{"start":{"line":512,"column":4},"end":{"line":520,"column":5}},"type":"if","locations":[{"start":{"line":512,"column":4},"end":{"line":520,"column":5}},{"start":{"line":512,"column":4},"end":{"line":520,"column":5}}],"line":512},"34":{"loc":{"start":{"line":532,"column":15},"end":{"line":532,"column":86}},"type":"binary-expr","locations":[{"start":{"line":532,"column":15},"end":{"line":532,"column":26}},{"start":{"line":532,"column":30},"end":{"line":532,"column":86}}],"line":532},"35":{"loc":{"start":{"line":540,"column":15},"end":{"line":540,"column":86}},"type":"binary-expr","locations":[{"start":{"line":540,"column":15},"end":{"line":540,"column":26}},{"start":{"line":540,"column":30},"end":{"line":540,"column":86}}],"line":540},"36":{"loc":{"start":{"line":548,"column":15},"end":{"line":548,"column":86}},"type":"binary-expr","locations":[{"start":{"line":548,"column":15},"end":{"line":548,"column":26}},{"start":{"line":548,"column":30},"end":{"line":548,"column":86}}],"line":548},"37":{"loc":{"start":{"line":556,"column":15},"end":{"line":556,"column":86}},"type":"binary-expr","locations":[{"start":{"line":556,"column":15},"end":{"line":556,"column":26}},{"start":{"line":556,"column":30},"end":{"line":556,"column":86}}],"line":556},"38":{"loc":{"start":{"line":563,"column":15},"end":{"line":563,"column":86}},"type":"binary-expr","locations":[{"start":{"line":563,"column":15},"end":{"line":563,"column":26}},{"start":{"line":563,"column":30},"end":{"line":563,"column":86}}],"line":563},"39":{"loc":{"start":{"line":570,"column":15},"end":{"line":570,"column":86}},"type":"binary-expr","locations":[{"start":{"line":570,"column":15},"end":{"line":570,"column":26}},{"start":{"line":570,"column":30},"end":{"line":570,"column":86}}],"line":570},"40":{"loc":{"start":{"line":578,"column":4},"end":{"line":586,"column":5}},"type":"if","locations":[{"start":{"line":578,"column":4},"end":{"line":586,"column":5}},{"start":{"line":578,"column":4},"end":{"line":586,"column":5}}],"line":578},"41":{"loc":{"start":{"line":589,"column":15},"end":{"line":589,"column":86}},"type":"binary-expr","locations":[{"start":{"line":589,"column":15},"end":{"line":589,"column":26}},{"start":{"line":589,"column":30},"end":{"line":589,"column":86}}],"line":589},"42":{"loc":{"start":{"line":602,"column":8},"end":{"line":602,"column":72}},"type":"binary-expr","locations":[{"start":{"line":602,"column":8},"end":{"line":602,"column":19}},{"start":{"line":602,"column":23},"end":{"line":602,"column":72}}],"line":602}},"s":{"0":1,"1":1,"2":1,"3":1,"4":1,"5":1,"6":1,"7":1,"8":1,"9":1,"10":1,"11":1,"12":1,"13":1,"14":0,"15":0,"16":0,"17":0,"18":0,"19":0,"20":0,"21":0,"22":0,"23":0,"24":0,"25":1,"26":0,"27":0,"28":0,"29":0,"30":0,"31":0,"32":0,"33":0,"34":0,"35":0,"36":1,"37":0,"38":0,"39":0,"40":0,"41":0,"42":0,"43":0,"44":0,"45":0,"46":0,"47":0,"48":0,"49":0,"50":0,"51":0,"52":0,"53":0,"54":0,"55":1,"56":0,"57":0,"58":0,"59":0,"60":0,"61":0,"62":0,"63":1,"64":0,"65":0,"66":0,"67":0,"68":0,"69":0,"70":0,"71":0,"72":0,"73":0,"74":0,"75":0,"76":0,"77":1,"78":0,"79":0,"80":0,"81":0,"82":0,"83":0,"84":0,"85":0,"86":0,"87":0,"88":0,"89":0,"90":0,"91":0,"92":1,"93":0,"94":0,"95":0,"96":0,"97":0,"98":0,"99":0,"100":1,"101":0,"102":0,"103":0,"104":0,"105":1,"106":0,"107":0,"108":0,"109":0,"110":1,"111":0,"112":0,"113":0,"114":0,"115":1,"116":0,"117":0,"118":0,"119":0,"120":1,"121":0,"122":0,"123":0,"124":0,"125":1,"126":0,"127":0,"128":0,"129":0,"130":1,"131":0,"132":0,"133":0,"134":0,"135":1,"136":0,"137":0,"138":0,"139":0,"140":1,"141":0,"142":0,"143":0,"144":0,"145":0,"146":0,"147":0,"148":1,"149":0,"150":0,"151":0,"152":0,"153":0,"154":0,"155":0,"156":0,"157":0,"158":0,"159":0,"160":0,"161":0,"162":0,"163":0,"164":0,"165":0,"166":0,"167":1,"168":0,"169":0,"170":0,"171":0,"172":0},"f":{"0":0,"1":0,"2":0,"3":0,"4":0,"5":0,"6":0,"7":0,"8":0,"9":0,"10":0,"11":0,"12":0,"13":0,"14":0,"15":0,"16":0,"17":0,"18":0,"19":0,"20":0,"21":0,"22":0,"23":0,"24":0,"25":0,"26":0,"27":0,"28":0,"29":0,"30":0,"31":0,"32":0,"33":0,"34":0,"35":0,"36":0,"37":0,"38":0,"39":0,"40":0,"41":0,"42":0,"43":0,"44":0,"45":0,"46":0,"47":0,"48":0,"49":0,"50":0,"51":0,"52":0,"53":0,"54":0,"55":0,"56":0,"57":0,"58":0,"59":0,"60":0,"61":0,"62":0,"63":0,"64":0,"65":0,"66":0,"67":0,"68":0,"69":0,"70":0,"71":0,"72":0,"73":0,"74":0,"75":0},"b":{"0":[0,0],"1":[0,0],"2":[0,0],"3":[0,0],"4":[0,0],"5":[0,0],"6":[0,0],"7":[0,0],"8":[0,0],"9":[0,0],"10":[0,0],"11":[0,0],"12":[0,0],"13":[0,0],"14":[0,0],"15":[0,0],"16":[0,0],"17":[0,0],"18":[0,0],"19":[0,0],"20":[0,0],"21":[0,0],"22":[0,0],"23":[0,0],"24":[0,0],"25":[0,0],"26":[0,0],"27":[0,0],"28":[0,0],"29":[0,0],"30":[0,0],"31":[0,0],"32":[0,0],"33":[0,0],"34":[0,0],"35":[0,0],"36":[0,0],"37":[0,0],"38":[0,0],"39":[0,0],"40":[0,0],"41":[0,0],"42":[0,0]},"_coverageSchema":"1a1c01bbd47fc00a2c39e90264f33305004495a9","hash":"33689665adf9ca82cde8763382db05bfc80d9944"}
,"C:\\Users\\joane\\sosracismo\\server\\controllers\\cita.js": {"path":"C:\\Users\\joane\\sosracismo\\server\\controllers\\cita.js","statementMap":{"0":{"start":{"line":1,"column":11},"end":{"line":1,"column":31}},"1":{"start":{"line":2,"column":13},"end":{"line":2,"column":21}},"2":{"start":{"line":3,"column":32},"end":{"line":3,"column":58}},"3":{"start":{"line":4,"column":18},"end":{"line":4,"column":38}},"4":{"start":{"line":5,"column":18},"end":{"line":5,"column":38}},"5":{"start":{"line":6,"column":36},"end":{"line":6,"column":56}},"6":{"start":{"line":9,"column":0},"end":{"line":51,"column":2}},"7":{"start":{"line":11,"column":4},"end":{"line":16,"column":5}},"8":{"start":{"line":12,"column":8},"end":{"line":14,"column":11}},"9":{"start":{"line":15,"column":8},"end":{"line":15,"column":15}},"10":{"start":{"line":18,"column":17},"end":{"line":23,"column":5}},"11":{"start":{"line":26,"column":4},"end":{"line":49,"column":11}},"12":{"start":{"line":28,"column":24},"end":{"line":32,"column":13}},"13":{"start":{"line":33,"column":12},"end":{"line":41,"column":19}},"14":{"start":{"line":34,"column":16},"end":{"line":34,"column":31}},"15":{"start":{"line":37,"column":20},"end":{"line":40,"column":23}},"16":{"start":{"line":42,"column":12},"end":{"line":42,"column":27}},"17":{"start":{"line":45,"column":12},"end":{"line":48,"column":15}},"18":{"start":{"line":54,"column":0},"end":{"line":63,"column":2}},"19":{"start":{"line":55,"column":4},"end":{"line":62,"column":7}},"20":{"start":{"line":56,"column":8},"end":{"line":56,"column":28}},"21":{"start":{"line":58,"column":6},"end":{"line":61,"column":9}},"22":{"start":{"line":66,"column":0},"end":{"line":97,"column":4}},"23":{"start":{"line":67,"column":19},"end":{"line":67,"column":36}},"24":{"start":{"line":68,"column":4},"end":{"line":96,"column":7}},"25":{"start":{"line":73,"column":12},"end":{"line":91,"column":13}},"26":{"start":{"line":74,"column":16},"end":{"line":86,"column":18}},"27":{"start":{"line":77,"column":20},"end":{"line":85,"column":21}},"28":{"start":{"line":78,"column":22},"end":{"line":80,"column":25}},"29":{"start":{"line":82,"column":22},"end":{"line":84,"column":25}},"30":{"start":{"line":88,"column":14},"end":{"line":90,"column":17}},"31":{"start":{"line":93,"column":6},"end":{"line":95,"column":9}}},"fnMap":{"0":{"name":"(anonymous_0)","decl":{"start":{"line":9,"column":17},"end":{"line":9,"column":18}},"loc":{"start":{"line":9,"column":31},"end":{"line":51,"column":1}},"line":9},"1":{"name":"(anonymous_1)","decl":{"start":{"line":27,"column":14},"end":{"line":27,"column":15}},"loc":{"start":{"line":27,"column":22},"end":{"line":43,"column":9}},"line":27},"2":{"name":"(anonymous_2)","decl":{"start":{"line":33,"column":53},"end":{"line":33,"column":54}},"loc":{"start":{"line":33,"column":61},"end":{"line":35,"column":13}},"line":33},"3":{"name":"(anonymous_3)","decl":{"start":{"line":36,"column":23},"end":{"line":36,"column":24}},"loc":{"start":{"line":36,"column":30},"end":{"line":41,"column":17}},"line":36},"4":{"name":"(anonymous_4)","decl":{"start":{"line":44,"column":15},"end":{"line":44,"column":16}},"loc":{"start":{"line":44,"column":22},"end":{"line":49,"column":9}},"line":44},"5":{"name":"(anonymous_5)","decl":{"start":{"line":54,"column":22},"end":{"line":54,"column":23}},"loc":{"start":{"line":54,"column":39},"end":{"line":63,"column":1}},"line":54},"6":{"name":"(anonymous_6)","decl":{"start":{"line":55,"column":318},"end":{"line":55,"column":319}},"loc":{"start":{"line":55,"column":329},"end":{"line":57,"column":5}},"line":55},"7":{"name":"(anonymous_7)","decl":{"start":{"line":57,"column":13},"end":{"line":57,"column":14}},"loc":{"start":{"line":57,"column":20},"end":{"line":62,"column":5}},"line":57},"8":{"name":"(anonymous_8)","decl":{"start":{"line":66,"column":21},"end":{"line":66,"column":22}},"loc":{"start":{"line":66,"column":42},"end":{"line":97,"column":3}},"line":66},"9":{"name":"(anonymous_9)","decl":{"start":{"line":72,"column":12},"end":{"line":72,"column":13}},"loc":{"start":{"line":72,"column":19},"end":{"line":92,"column":5}},"line":72},"10":{"name":"(anonymous_10)","decl":{"start":{"line":76,"column":26},"end":{"line":76,"column":27}},"loc":{"start":{"line":76,"column":33},"end":{"line":86,"column":17}},"line":76},"11":{"name":"(anonymous_11)","decl":{"start":{"line":92,"column":13},"end":{"line":92,"column":14}},"loc":{"start":{"line":92,"column":20},"end":{"line":96,"column":5}},"line":92}},"branchMap":{"0":{"loc":{"start":{"line":11,"column":4},"end":{"line":16,"column":5}},"type":"if","locations":[{"start":{"line":11,"column":4},"end":{"line":16,"column":5}},{"start":{"line":11,"column":4},"end":{"line":16,"column":5}}],"line":11},"1":{"loc":{"start":{"line":39,"column":28},"end":{"line":39,"column":83}},"type":"binary-expr","locations":[{"start":{"line":39,"column":28},"end":{"line":39,"column":39}},{"start":{"line":39,"column":43},"end":{"line":39,"column":83}}],"line":39},"2":{"loc":{"start":{"line":47,"column":20},"end":{"line":47,"column":75}},"type":"binary-expr","locations":[{"start":{"line":47,"column":20},"end":{"line":47,"column":31}},{"start":{"line":47,"column":35},"end":{"line":47,"column":75}}],"line":47},"3":{"loc":{"start":{"line":60,"column":10},"end":{"line":60,"column":68}},"type":"binary-expr","locations":[{"start":{"line":60,"column":10},"end":{"line":60,"column":21}},{"start":{"line":60,"column":25},"end":{"line":60,"column":68}}],"line":60},"4":{"loc":{"start":{"line":73,"column":12},"end":{"line":91,"column":13}},"type":"if","locations":[{"start":{"line":73,"column":12},"end":{"line":91,"column":13}},{"start":{"line":73,"column":12},"end":{"line":91,"column":13}}],"line":73},"5":{"loc":{"start":{"line":77,"column":20},"end":{"line":85,"column":21}},"type":"if","locations":[{"start":{"line":77,"column":20},"end":{"line":85,"column":21}},{"start":{"line":77,"column":20},"end":{"line":85,"column":21}}],"line":77},"6":{"loc":{"start":{"line":94,"column":17},"end":{"line":94,"column":92}},"type":"binary-expr","locations":[{"start":{"line":94,"column":17},"end":{"line":94,"column":28}},{"start":{"line":94,"column":32},"end":{"line":94,"column":92}}],"line":94}},"s":{"0":1,"1":1,"2":1,"3":1,"4":1,"5":1,"6":1,"7":0,"8":0,"9":0,"10":0,"11":0,"12":0,"13":0,"14":0,"15":0,"16":0,"17":0,"18":1,"19":0,"20":0,"21":0,"22":1,"23":0,"24":0,"25":0,"26":0,"27":0,"28":0,"29":0,"30":0,"31":0},"f":{"0":0,"1":0,"2":0,"3":0,"4":0,"5":0,"6":0,"7":0,"8":0,"9":0,"10":0,"11":0},"b":{"0":[0,0],"1":[0,0],"2":[0,0],"3":[0,0],"4":[0,0],"5":[0,0],"6":[0,0]},"_coverageSchema":"1a1c01bbd47fc00a2c39e90264f33305004495a9","hash":"059911ef5e0fc7551561976dcc9be464b8cdeb28"}
,"C:\\Users\\joane\\sosracismo\\server\\controllers\\intervencion.js": {"path":"C:\\Users\\joane\\sosracismo\\server\\controllers\\intervencion.js","statementMap":{"0":{"start":{"line":1,"column":11},"end":{"line":1,"column":31}},"1":{"start":{"line":2,"column":21},"end":{"line":2,"column":38}},"2":{"start":{"line":3,"column":18},"end":{"line":3,"column":31}},"3":{"start":{"line":4,"column":18},"end":{"line":4,"column":38}},"4":{"start":{"line":5,"column":18},"end":{"line":5,"column":38}},"5":{"start":{"line":6,"column":11},"end":{"line":6,"column":26}},"6":{"start":{"line":8,"column":13},"end":{"line":8,"column":30}},"7":{"start":{"line":9,"column":16},"end":{"line":14,"column":2}},"8":{"start":{"line":12,"column":8},"end":{"line":12,"column":58}},"9":{"start":{"line":16,"column":13},"end":{"line":19,"column":17}},"10":{"start":{"line":22,"column":0},"end":{"line":58,"column":1}},"11":{"start":{"line":25,"column":8},"end":{"line":55,"column":10}},"12":{"start":{"line":26,"column":12},"end":{"line":28,"column":13}},"13":{"start":{"line":27,"column":16},"end":{"line":27,"column":62}},"14":{"start":{"line":29,"column":33},"end":{"line":33,"column":13}},"15":{"start":{"line":34,"column":12},"end":{"line":34,"column":34}},"16":{"start":{"line":35,"column":12},"end":{"line":54,"column":19}},"17":{"start":{"line":37,"column":20},"end":{"line":46,"column":22}},"18":{"start":{"line":38,"column":34},"end":{"line":43,"column":25}},"19":{"start":{"line":44,"column":24},"end":{"line":45,"column":26}},"20":{"start":{"line":47,"column":20},"end":{"line":47,"column":63}},"21":{"start":{"line":50,"column":20},"end":{"line":53,"column":23}},"22":{"start":{"line":61,"column":0},"end":{"line":81,"column":2}},"23":{"start":{"line":62,"column":4},"end":{"line":80,"column":5}},"24":{"start":{"line":63,"column":17},"end":{"line":63,"column":30}},"25":{"start":{"line":64,"column":8},"end":{"line":76,"column":10}},"26":{"start":{"line":73,"column":12},"end":{"line":73,"column":78}},"27":{"start":{"line":75,"column":12},"end":{"line":75,"column":39}},"28":{"start":{"line":79,"column":8},"end":{"line":79,"column":79}},"29":{"start":{"line":84,"column":0},"end":{"line":94,"column":2}},"30":{"start":{"line":85,"column":13},"end":{"line":85,"column":30}},"31":{"start":{"line":86,"column":4},"end":{"line":93,"column":9}},"32":{"start":{"line":87,"column":8},"end":{"line":87,"column":28}},"33":{"start":{"line":89,"column":8},"end":{"line":92,"column":11}},"34":{"start":{"line":97,"column":0},"end":{"line":131,"column":1}},"35":{"start":{"line":98,"column":13},"end":{"line":98,"column":26}},"36":{"start":{"line":99,"column":4},"end":{"line":130,"column":7}},"37":{"start":{"line":104,"column":8},"end":{"line":125,"column":9}},"38":{"start":{"line":105,"column":12},"end":{"line":117,"column":14}},"39":{"start":{"line":108,"column":16},"end":{"line":116,"column":17}},"40":{"start":{"line":109,"column":20},"end":{"line":111,"column":23}},"41":{"start":{"line":113,"column":20},"end":{"line":115,"column":23}},"42":{"start":{"line":118,"column":12},"end":{"line":120,"column":15}},"43":{"start":{"line":122,"column":12},"end":{"line":124,"column":15}},"44":{"start":{"line":127,"column":8},"end":{"line":129,"column":11}}},"fnMap":{"0":{"name":"(anonymous_0)","decl":{"start":{"line":11,"column":14},"end":{"line":11,"column":15}},"loc":{"start":{"line":11,"column":39},"end":{"line":13,"column":5}},"line":11},"1":{"name":"(anonymous_1)","decl":{"start":{"line":22,"column":20},"end":{"line":22,"column":21}},"loc":{"start":{"line":22,"column":34},"end":{"line":58,"column":1}},"line":22},"2":{"name":"(anonymous_2)","decl":{"start":{"line":25,"column":25},"end":{"line":25,"column":26}},"loc":{"start":{"line":25,"column":34},"end":{"line":55,"column":9}},"line":25},"3":{"name":"(anonymous_3)","decl":{"start":{"line":36,"column":22},"end":{"line":36,"column":23}},"loc":{"start":{"line":36,"column":30},"end":{"line":48,"column":17}},"line":36},"4":{"name":"(anonymous_4)","decl":{"start":{"line":37,"column":34},"end":{"line":37,"column":35}},"loc":{"start":{"line":37,"column":42},"end":{"line":46,"column":21}},"line":37},"5":{"name":"(anonymous_5)","decl":{"start":{"line":44,"column":51},"end":{"line":44,"column":52}},"loc":{"start":{"line":44,"column":59},"end":{"line":45,"column":25}},"line":44},"6":{"name":"(anonymous_6)","decl":{"start":{"line":49,"column":23},"end":{"line":49,"column":24}},"loc":{"start":{"line":49,"column":30},"end":{"line":54,"column":17}},"line":49},"7":{"name":"(anonymous_7)","decl":{"start":{"line":61,"column":29},"end":{"line":61,"column":30}},"loc":{"start":{"line":61,"column":43},"end":{"line":81,"column":1}},"line":61},"8":{"name":"(anonymous_8)","decl":{"start":{"line":69,"column":16},"end":{"line":69,"column":17}},"loc":{"start":{"line":69,"column":24},"end":{"line":74,"column":9}},"line":69},"9":{"name":"(anonymous_9)","decl":{"start":{"line":74,"column":17},"end":{"line":74,"column":18}},"loc":{"start":{"line":74,"column":26},"end":{"line":76,"column":9}},"line":74},"10":{"name":"(anonymous_10)","decl":{"start":{"line":84,"column":23},"end":{"line":84,"column":24}},"loc":{"start":{"line":84,"column":37},"end":{"line":94,"column":1}},"line":84},"11":{"name":"(anonymous_11)","decl":{"start":{"line":86,"column":250},"end":{"line":86,"column":251}},"loc":{"start":{"line":86,"column":261},"end":{"line":88,"column":5}},"line":86},"12":{"name":"(anonymous_12)","decl":{"start":{"line":88,"column":13},"end":{"line":88,"column":14}},"loc":{"start":{"line":88,"column":20},"end":{"line":93,"column":7}},"line":88},"13":{"name":"(anonymous_13)","decl":{"start":{"line":97,"column":21},"end":{"line":97,"column":22}},"loc":{"start":{"line":97,"column":38},"end":{"line":131,"column":1}},"line":97},"14":{"name":"(anonymous_14)","decl":{"start":{"line":103,"column":12},"end":{"line":103,"column":13}},"loc":{"start":{"line":103,"column":19},"end":{"line":126,"column":5}},"line":103},"15":{"name":"(anonymous_15)","decl":{"start":{"line":107,"column":20},"end":{"line":107,"column":21}},"loc":{"start":{"line":107,"column":27},"end":{"line":117,"column":13}},"line":107},"16":{"name":"(anonymous_16)","decl":{"start":{"line":126,"column":13},"end":{"line":126,"column":14}},"loc":{"start":{"line":126,"column":20},"end":{"line":130,"column":5}},"line":126}},"branchMap":{"0":{"loc":{"start":{"line":26,"column":12},"end":{"line":28,"column":13}},"type":"if","locations":[{"start":{"line":26,"column":12},"end":{"line":28,"column":13}},{"start":{"line":26,"column":12},"end":{"line":28,"column":13}}],"line":26},"1":{"loc":{"start":{"line":52,"column":28},"end":{"line":52,"column":91}},"type":"binary-expr","locations":[{"start":{"line":52,"column":28},"end":{"line":52,"column":39}},{"start":{"line":52,"column":43},"end":{"line":52,"column":91}}],"line":52},"2":{"loc":{"start":{"line":91,"column":12},"end":{"line":91,"column":81}},"type":"binary-expr","locations":[{"start":{"line":91,"column":12},"end":{"line":91,"column":23}},{"start":{"line":91,"column":27},"end":{"line":91,"column":81}}],"line":91},"3":{"loc":{"start":{"line":104,"column":8},"end":{"line":125,"column":9}},"type":"if","locations":[{"start":{"line":104,"column":8},"end":{"line":125,"column":9}},{"start":{"line":104,"column":8},"end":{"line":125,"column":9}}],"line":104},"4":{"loc":{"start":{"line":108,"column":16},"end":{"line":116,"column":17}},"type":"if","locations":[{"start":{"line":108,"column":16},"end":{"line":116,"column":17}},{"start":{"line":108,"column":16},"end":{"line":116,"column":17}}],"line":108},"5":{"loc":{"start":{"line":128,"column":21},"end":{"line":128,"column":100}},"type":"binary-expr","locations":[{"start":{"line":128,"column":21},"end":{"line":128,"column":32}},{"start":{"line":128,"column":36},"end":{"line":128,"column":100}}],"line":128}},"s":{"0":1,"1":1,"2":1,"3":1,"4":1,"5":1,"6":1,"7":1,"8":0,"9":1,"10":1,"11":0,"12":0,"13":0,"14":0,"15":0,"16":0,"17":0,"18":0,"19":0,"20":0,"21":0,"22":1,"23":0,"24":0,"25":0,"26":0,"27":0,"28":0,"29":1,"30":0,"31":0,"32":0,"33":0,"34":1,"35":0,"36":0,"37":0,"38":0,"39":0,"40":0,"41":0,"42":0,"43":0,"44":0},"f":{"0":0,"1":0,"2":0,"3":0,"4":0,"5":0,"6":0,"7":0,"8":0,"9":0,"10":0,"11":0,"12":0,"13":0,"14":0,"15":0,"16":0},"b":{"0":[0,0],"1":[0,0],"2":[0,0],"3":[0,0],"4":[0,0],"5":[0,0]},"_coverageSchema":"1a1c01bbd47fc00a2c39e90264f33305004495a9","hash":"913f4ec885156b2779086f4496b04c52ff0fad4e"}
,"C:\\Users\\joane\\sosracismo\\server\\controllers\\sede.js": {"path":"C:\\Users\\joane\\sosracismo\\server\\controllers\\sede.js","statementMap":{"0":{"start":{"line":1,"column":11},"end":{"line":1,"column":31}},"1":{"start":{"line":2,"column":13},"end":{"line":2,"column":21}},"2":{"start":{"line":3,"column":18},"end":{"line":3,"column":38}},"3":{"start":{"line":4,"column":18},"end":{"line":4,"column":38}},"4":{"start":{"line":7,"column":0},"end":{"line":33,"column":2}},"5":{"start":{"line":9,"column":4},"end":{"line":14,"column":5}},"6":{"start":{"line":10,"column":8},"end":{"line":12,"column":11}},"7":{"start":{"line":13,"column":8},"end":{"line":13,"column":15}},"8":{"start":{"line":17,"column":17},"end":{"line":20,"column":5}},"9":{"start":{"line":23,"column":4},"end":{"line":32,"column":11}},"10":{"start":{"line":25,"column":8},"end":{"line":25,"column":35}},"11":{"start":{"line":28,"column":8},"end":{"line":31,"column":11}},"12":{"start":{"line":36,"column":0},"end":{"line":45,"column":2}},"13":{"start":{"line":37,"column":4},"end":{"line":44,"column":7}},"14":{"start":{"line":39,"column":6},"end":{"line":39,"column":24}},"15":{"start":{"line":41,"column":6},"end":{"line":43,"column":9}}},"fnMap":{"0":{"name":"(anonymous_0)","decl":{"start":{"line":7,"column":17},"end":{"line":7,"column":18}},"loc":{"start":{"line":7,"column":31},"end":{"line":33,"column":1}},"line":7},"1":{"name":"(anonymous_1)","decl":{"start":{"line":24,"column":14},"end":{"line":24,"column":15}},"loc":{"start":{"line":24,"column":22},"end":{"line":26,"column":9}},"line":24},"2":{"name":"(anonymous_2)","decl":{"start":{"line":27,"column":15},"end":{"line":27,"column":16}},"loc":{"start":{"line":27,"column":22},"end":{"line":32,"column":9}},"line":27},"3":{"name":"(anonymous_3)","decl":{"start":{"line":36,"column":22},"end":{"line":36,"column":23}},"loc":{"start":{"line":36,"column":37},"end":{"line":45,"column":1}},"line":36},"4":{"name":"(anonymous_4)","decl":{"start":{"line":38,"column":10},"end":{"line":38,"column":11}},"loc":{"start":{"line":38,"column":18},"end":{"line":40,"column":5}},"line":38},"5":{"name":"(anonymous_5)","decl":{"start":{"line":40,"column":13},"end":{"line":40,"column":14}},"loc":{"start":{"line":40,"column":20},"end":{"line":44,"column":5}},"line":40}},"branchMap":{"0":{"loc":{"start":{"line":9,"column":4},"end":{"line":14,"column":5}},"type":"if","locations":[{"start":{"line":9,"column":4},"end":{"line":14,"column":5}},{"start":{"line":9,"column":4},"end":{"line":14,"column":5}}],"line":9},"1":{"loc":{"start":{"line":30,"column":12},"end":{"line":30,"column":67}},"type":"binary-expr","locations":[{"start":{"line":30,"column":12},"end":{"line":30,"column":23}},{"start":{"line":30,"column":27},"end":{"line":30,"column":67}}],"line":30},"2":{"loc":{"start":{"line":42,"column":17},"end":{"line":42,"column":78}},"type":"binary-expr","locations":[{"start":{"line":42,"column":17},"end":{"line":42,"column":28}},{"start":{"line":42,"column":32},"end":{"line":42,"column":78}}],"line":42}},"s":{"0":1,"1":1,"2":1,"3":1,"4":1,"5":2,"6":1,"7":1,"8":1,"9":1,"10":1,"11":0,"12":1,"13":1,"14":1,"15":0},"f":{"0":2,"1":1,"2":0,"3":1,"4":1,"5":0},"b":{"0":[1,1],"1":[0,0],"2":[0,0]},"_coverageSchema":"1a1c01bbd47fc00a2c39e90264f33305004495a9","hash":"7cdaf6090ff9a769ad21774d6ca6f99905e19fc4"}
,"C:\\Users\\joane\\sosracismo\\server\\controllers\\trabajador.js": {"path":"C:\\Users\\joane\\sosracismo\\server\\controllers\\trabajador.js","statementMap":{"0":{"start":{"line":1,"column":11},"end":{"line":1,"column":31}},"1":{"start":{"line":2,"column":19},"end":{"line":2,"column":34}},"2":{"start":{"line":3,"column":18},"end":{"line":3,"column":38}},"3":{"start":{"line":4,"column":18},"end":{"line":4,"column":38}},"4":{"start":{"line":5,"column":15},"end":{"line":5,"column":32}},"5":{"start":{"line":6,"column":27},"end":{"line":6,"column":29}},"6":{"start":{"line":7,"column":12},"end":{"line":7,"column":35}},"7":{"start":{"line":8,"column":15},"end":{"line":8,"column":50}},"8":{"start":{"line":9,"column":25},"end":{"line":9,"column":62}},"9":{"start":{"line":12,"column":0},"end":{"line":47,"column":2}},"10":{"start":{"line":14,"column":2},"end":{"line":19,"column":3}},"11":{"start":{"line":15,"column":4},"end":{"line":17,"column":7}},"12":{"start":{"line":18,"column":4},"end":{"line":18,"column":11}},"13":{"start":{"line":21,"column":21},"end":{"line":27,"column":3}},"14":{"start":{"line":29,"column":2},"end":{"line":42,"column":6}},"15":{"start":{"line":31,"column":6},"end":{"line":31,"column":47}},"16":{"start":{"line":32,"column":6},"end":{"line":41,"column":9}},"17":{"start":{"line":34,"column":8},"end":{"line":34,"column":35}},"18":{"start":{"line":37,"column":8},"end":{"line":40,"column":11}},"19":{"start":{"line":50,"column":0},"end":{"line":59,"column":2}},"20":{"start":{"line":51,"column":2},"end":{"line":58,"column":7}},"21":{"start":{"line":53,"column":6},"end":{"line":53,"column":24}},"22":{"start":{"line":55,"column":6},"end":{"line":57,"column":9}},"23":{"start":{"line":62,"column":0},"end":{"line":77,"column":2}},"24":{"start":{"line":63,"column":21},"end":{"line":63,"column":41}},"25":{"start":{"line":64,"column":2},"end":{"line":76,"column":5}},"26":{"start":{"line":67,"column":4},"end":{"line":71,"column":5}},"27":{"start":{"line":68,"column":6},"end":{"line":68,"column":68}},"28":{"start":{"line":70,"column":6},"end":{"line":70,"column":24}},"29":{"start":{"line":73,"column":4},"end":{"line":75,"column":7}},"30":{"start":{"line":79,"column":0},"end":{"line":116,"column":1}},"31":{"start":{"line":80,"column":2},"end":{"line":115,"column":5}},"32":{"start":{"line":85,"column":4},"end":{"line":85,"column":27}},"33":{"start":{"line":86,"column":4},"end":{"line":114,"column":5}},"34":{"start":{"line":87,"column":6},"end":{"line":87,"column":74}},"35":{"start":{"line":88,"column":11},"end":{"line":114,"column":5}},"36":{"start":{"line":89,"column":28},"end":{"line":92,"column":7}},"37":{"start":{"line":94,"column":6},"end":{"line":99,"column":7}},"38":{"start":{"line":95,"column":8},"end":{"line":98,"column":11}},"39":{"start":{"line":101,"column":6},"end":{"line":110,"column":11}},"40":{"start":{"line":104,"column":10},"end":{"line":106,"column":13}},"41":{"start":{"line":109,"column":10},"end":{"line":109,"column":73}},"42":{"start":{"line":113,"column":6},"end":{"line":113,"column":70}},"43":{"start":{"line":120,"column":0},"end":{"line":156,"column":1}},"44":{"start":{"line":121,"column":2},"end":{"line":155,"column":5}},"45":{"start":{"line":126,"column":4},"end":{"line":128,"column":5}},"46":{"start":{"line":127,"column":6},"end":{"line":127,"column":69}},"47":{"start":{"line":130,"column":26},"end":{"line":133,"column":5}},"48":{"start":{"line":135,"column":4},"end":{"line":140,"column":5}},"49":{"start":{"line":136,"column":6},"end":{"line":139,"column":9}},"50":{"start":{"line":142,"column":16},"end":{"line":144,"column":6}},"51":{"start":{"line":146,"column":4},"end":{"line":146,"column":139}},"52":{"start":{"line":154,"column":4},"end":{"line":154,"column":54}},"53":{"start":{"line":159,"column":0},"end":{"line":178,"column":2}},"54":{"start":{"line":160,"column":21},"end":{"line":160,"column":41}},"55":{"start":{"line":161,"column":2},"end":{"line":177,"column":5}},"56":{"start":{"line":164,"column":4},"end":{"line":172,"column":5}},"57":{"start":{"line":165,"column":6},"end":{"line":167,"column":9}},"58":{"start":{"line":169,"column":6},"end":{"line":171,"column":9}},"59":{"start":{"line":174,"column":4},"end":{"line":176,"column":7}},"60":{"start":{"line":181,"column":0},"end":{"line":194,"column":2}},"61":{"start":{"line":182,"column":2},"end":{"line":193,"column":5}},"62":{"start":{"line":186,"column":4},"end":{"line":188,"column":7}},"63":{"start":{"line":190,"column":4},"end":{"line":192,"column":7}}},"fnMap":{"0":{"name":"(anonymous_0)","decl":{"start":{"line":12,"column":17},"end":{"line":12,"column":18}},"loc":{"start":{"line":12,"column":31},"end":{"line":47,"column":1}},"line":12},"1":{"name":"(anonymous_1)","decl":{"start":{"line":30,"column":10},"end":{"line":30,"column":11}},"loc":{"start":{"line":30,"column":28},"end":{"line":42,"column":5}},"line":30},"2":{"name":"(anonymous_2)","decl":{"start":{"line":33,"column":12},"end":{"line":33,"column":13}},"loc":{"start":{"line":33,"column":20},"end":{"line":35,"column":7}},"line":33},"3":{"name":"(anonymous_3)","decl":{"start":{"line":36,"column":13},"end":{"line":36,"column":14}},"loc":{"start":{"line":36,"column":20},"end":{"line":41,"column":7}},"line":36},"4":{"name":"(anonymous_4)","decl":{"start":{"line":50,"column":29},"end":{"line":50,"column":30}},"loc":{"start":{"line":50,"column":44},"end":{"line":59,"column":1}},"line":50},"5":{"name":"(anonymous_5)","decl":{"start":{"line":52,"column":10},"end":{"line":52,"column":11}},"loc":{"start":{"line":52,"column":18},"end":{"line":54,"column":5}},"line":52},"6":{"name":"(anonymous_6)","decl":{"start":{"line":54,"column":13},"end":{"line":54,"column":14}},"loc":{"start":{"line":54,"column":20},"end":{"line":58,"column":5}},"line":54},"7":{"name":"(anonymous_7)","decl":{"start":{"line":62,"column":31},"end":{"line":62,"column":32}},"loc":{"start":{"line":62,"column":52},"end":{"line":77,"column":1}},"line":62},"8":{"name":"(anonymous_8)","decl":{"start":{"line":66,"column":10},"end":{"line":66,"column":11}},"loc":{"start":{"line":66,"column":18},"end":{"line":72,"column":3}},"line":66},"9":{"name":"(anonymous_9)","decl":{"start":{"line":72,"column":11},"end":{"line":72,"column":12}},"loc":{"start":{"line":72,"column":18},"end":{"line":76,"column":3}},"line":72},"10":{"name":"(anonymous_10)","decl":{"start":{"line":79,"column":32},"end":{"line":79,"column":33}},"loc":{"start":{"line":79,"column":53},"end":{"line":116,"column":1}},"line":79},"11":{"name":"(anonymous_11)","decl":{"start":{"line":84,"column":10},"end":{"line":84,"column":11}},"loc":{"start":{"line":84,"column":24},"end":{"line":115,"column":3}},"line":84},"12":{"name":"(anonymous_12)","decl":{"start":{"line":103,"column":14},"end":{"line":103,"column":15}},"loc":{"start":{"line":103,"column":32},"end":{"line":107,"column":9}},"line":103},"13":{"name":"(anonymous_13)","decl":{"start":{"line":108,"column":14},"end":{"line":108,"column":15}},"loc":{"start":{"line":108,"column":20},"end":{"line":110,"column":9}},"line":108},"14":{"name":"(anonymous_14)","decl":{"start":{"line":120,"column":16},"end":{"line":120,"column":17}},"loc":{"start":{"line":120,"column":37},"end":{"line":156,"column":1}},"line":120},"15":{"name":"(anonymous_15)","decl":{"start":{"line":125,"column":10},"end":{"line":125,"column":11}},"loc":{"start":{"line":125,"column":18},"end":{"line":153,"column":3}},"line":125},"16":{"name":"(anonymous_16)","decl":{"start":{"line":153,"column":11},"end":{"line":153,"column":12}},"loc":{"start":{"line":153,"column":18},"end":{"line":155,"column":3}},"line":153},"17":{"name":"(anonymous_17)","decl":{"start":{"line":159,"column":34},"end":{"line":159,"column":35}},"loc":{"start":{"line":159,"column":55},"end":{"line":178,"column":1}},"line":159},"18":{"name":"(anonymous_18)","decl":{"start":{"line":163,"column":10},"end":{"line":163,"column":11}},"loc":{"start":{"line":163,"column":17},"end":{"line":173,"column":3}},"line":163},"19":{"name":"(anonymous_19)","decl":{"start":{"line":173,"column":11},"end":{"line":173,"column":12}},"loc":{"start":{"line":173,"column":18},"end":{"line":177,"column":3}},"line":173},"20":{"name":"(anonymous_20)","decl":{"start":{"line":181,"column":32},"end":{"line":181,"column":33}},"loc":{"start":{"line":181,"column":53},"end":{"line":194,"column":1}},"line":181},"21":{"name":"(anonymous_21)","decl":{"start":{"line":185,"column":10},"end":{"line":185,"column":11}},"loc":{"start":{"line":185,"column":18},"end":{"line":189,"column":3}},"line":185},"22":{"name":"(anonymous_22)","decl":{"start":{"line":189,"column":11},"end":{"line":189,"column":12}},"loc":{"start":{"line":189,"column":18},"end":{"line":193,"column":3}},"line":189}},"branchMap":{"0":{"loc":{"start":{"line":14,"column":2},"end":{"line":19,"column":3}},"type":"if","locations":[{"start":{"line":14,"column":2},"end":{"line":19,"column":3}},{"start":{"line":14,"column":2},"end":{"line":19,"column":3}}],"line":14},"1":{"loc":{"start":{"line":24,"column":11},"end":{"line":24,"column":38}},"type":"cond-expr","locations":[{"start":{"line":24,"column":33},"end":{"line":24,"column":34}},{"start":{"line":24,"column":37},"end":{"line":24,"column":38}}],"line":24},"2":{"loc":{"start":{"line":39,"column":12},"end":{"line":39,"column":70}},"type":"binary-expr","locations":[{"start":{"line":39,"column":12},"end":{"line":39,"column":23}},{"start":{"line":39,"column":27},"end":{"line":39,"column":70}}],"line":39},"3":{"loc":{"start":{"line":56,"column":17},"end":{"line":56,"column":78}},"type":"binary-expr","locations":[{"start":{"line":56,"column":17},"end":{"line":56,"column":28}},{"start":{"line":56,"column":32},"end":{"line":56,"column":78}}],"line":56},"4":{"loc":{"start":{"line":67,"column":4},"end":{"line":71,"column":5}},"type":"if","locations":[{"start":{"line":67,"column":4},"end":{"line":71,"column":5}},{"start":{"line":67,"column":4},"end":{"line":71,"column":5}}],"line":67},"5":{"loc":{"start":{"line":74,"column":15},"end":{"line":74,"column":106}},"type":"binary-expr","locations":[{"start":{"line":74,"column":15},"end":{"line":74,"column":26}},{"start":{"line":74,"column":30},"end":{"line":74,"column":106}}],"line":74},"6":{"loc":{"start":{"line":86,"column":4},"end":{"line":114,"column":5}},"type":"if","locations":[{"start":{"line":86,"column":4},"end":{"line":114,"column":5}},{"start":{"line":86,"column":4},"end":{"line":114,"column":5}}],"line":86},"7":{"loc":{"start":{"line":88,"column":11},"end":{"line":114,"column":5}},"type":"if","locations":[{"start":{"line":88,"column":11},"end":{"line":114,"column":5}},{"start":{"line":88,"column":11},"end":{"line":114,"column":5}}],"line":88},"8":{"loc":{"start":{"line":94,"column":6},"end":{"line":99,"column":7}},"type":"if","locations":[{"start":{"line":94,"column":6},"end":{"line":99,"column":7}},{"start":{"line":94,"column":6},"end":{"line":99,"column":7}}],"line":94},"9":{"loc":{"start":{"line":126,"column":4},"end":{"line":128,"column":5}},"type":"if","locations":[{"start":{"line":126,"column":4},"end":{"line":128,"column":5}},{"start":{"line":126,"column":4},"end":{"line":128,"column":5}}],"line":126},"10":{"loc":{"start":{"line":135,"column":4},"end":{"line":140,"column":5}},"type":"if","locations":[{"start":{"line":135,"column":4},"end":{"line":140,"column":5}},{"start":{"line":135,"column":4},"end":{"line":140,"column":5}}],"line":135},"11":{"loc":{"start":{"line":164,"column":4},"end":{"line":172,"column":5}},"type":"if","locations":[{"start":{"line":164,"column":4},"end":{"line":172,"column":5}},{"start":{"line":164,"column":4},"end":{"line":172,"column":5}}],"line":164},"12":{"loc":{"start":{"line":175,"column":15},"end":{"line":175,"column":100}},"type":"binary-expr","locations":[{"start":{"line":175,"column":15},"end":{"line":175,"column":26}},{"start":{"line":175,"column":30},"end":{"line":175,"column":100}}],"line":175},"13":{"loc":{"start":{"line":191,"column":15},"end":{"line":191,"column":95}},"type":"binary-expr","locations":[{"start":{"line":191,"column":15},"end":{"line":191,"column":26}},{"start":{"line":191,"column":30},"end":{"line":191,"column":95}}],"line":191}},"s":{"0":1,"1":1,"2":1,"3":1,"4":1,"5":1,"6":1,"7":1,"8":1,"9":1,"10":3,"11":1,"12":1,"13":2,"14":2,"15":2,"16":2,"17":1,"18":1,"19":1,"20":1,"21":1,"22":0,"23":1,"24":2,"25":2,"26":2,"27":0,"28":1,"29":1,"30":1,"31":1,"32":1,"33":1,"34":0,"35":1,"36":1,"37":1,"38":0,"39":1,"40":1,"41":1,"42":0,"43":1,"44":2,"45":2,"46":0,"47":2,"48":2,"49":0,"50":2,"51":2,"52":0,"53":1,"54":1,"55":1,"56":1,"57":0,"58":1,"59":0,"60":1,"61":0,"62":0,"63":0},"f":{"0":3,"1":2,"2":1,"3":1,"4":1,"5":1,"6":0,"7":2,"8":2,"9":1,"10":1,"11":1,"12":1,"13":1,"14":2,"15":2,"16":0,"17":1,"18":1,"19":0,"20":0,"21":0,"22":0},"b":{"0":[1,2],"1":[2,0],"2":[1,0],"3":[0,0],"4":[0,1],"5":[1,0],"6":[0,1],"7":[1,0],"8":[0,1],"9":[0,2],"10":[0,2],"11":[0,1],"12":[0,0],"13":[0,0]},"_coverageSchema":"1a1c01bbd47fc00a2c39e90264f33305004495a9","hash":"bdde72506bb682a1d00132e193fd77628333352c"}
,"C:\\Users\\joane\\sosracismo\\server\\controllers\\usuario.js": {"path":"C:\\Users\\joane\\sosracismo\\server\\controllers\\usuario.js","statementMap":{"0":{"start":{"line":1,"column":11},"end":{"line":1,"column":31}},"1":{"start":{"line":2,"column":16},"end":{"line":2,"column":27}},"2":{"start":{"line":3,"column":21},"end":{"line":3,"column":38}},"3":{"start":{"line":4,"column":18},"end":{"line":4,"column":38}},"4":{"start":{"line":5,"column":18},"end":{"line":5,"column":38}},"5":{"start":{"line":6,"column":12},"end":{"line":6,"column":35}},"6":{"start":{"line":7,"column":15},"end":{"line":7,"column":50}},"7":{"start":{"line":10,"column":0},"end":{"line":51,"column":2}},"8":{"start":{"line":12,"column":2},"end":{"line":17,"column":3}},"9":{"start":{"line":13,"column":4},"end":{"line":15,"column":7}},"10":{"start":{"line":16,"column":4},"end":{"line":16,"column":11}},"11":{"start":{"line":20,"column":18},"end":{"line":36,"column":3}},"12":{"start":{"line":38,"column":2},"end":{"line":50,"column":7}},"13":{"start":{"line":40,"column":6},"end":{"line":42,"column":8}},"14":{"start":{"line":41,"column":8},"end":{"line":41,"column":104}},"15":{"start":{"line":43,"column":6},"end":{"line":43,"column":21}},"16":{"start":{"line":46,"column":6},"end":{"line":49,"column":9}},"17":{"start":{"line":54,"column":0},"end":{"line":67,"column":2}},"18":{"start":{"line":55,"column":16},"end":{"line":55,"column":32}},"19":{"start":{"line":56,"column":2},"end":{"line":66,"column":4}},"20":{"start":{"line":57,"column":4},"end":{"line":65,"column":5}},"21":{"start":{"line":58,"column":6},"end":{"line":58,"column":94}},"22":{"start":{"line":60,"column":6},"end":{"line":64,"column":8}},"23":{"start":{"line":61,"column":8},"end":{"line":61,"column":31}},"24":{"start":{"line":63,"column":8},"end":{"line":63,"column":38}},"25":{"start":{"line":70,"column":0},"end":{"line":81,"column":2}},"26":{"start":{"line":71,"column":15},"end":{"line":71,"column":30}},"27":{"start":{"line":72,"column":2},"end":{"line":80,"column":4}},"28":{"start":{"line":73,"column":4},"end":{"line":77,"column":5}},"29":{"start":{"line":74,"column":6},"end":{"line":74,"column":66}},"30":{"start":{"line":76,"column":6},"end":{"line":76,"column":29}},"31":{"start":{"line":79,"column":4},"end":{"line":79,"column":34}},"32":{"start":{"line":84,"column":0},"end":{"line":98,"column":2}},"33":{"start":{"line":85,"column":16},"end":{"line":85,"column":32}},"34":{"start":{"line":86,"column":2},"end":{"line":96,"column":4}},"35":{"start":{"line":87,"column":4},"end":{"line":95,"column":5}},"36":{"start":{"line":88,"column":6},"end":{"line":88,"column":94}},"37":{"start":{"line":90,"column":6},"end":{"line":94,"column":8}},"38":{"start":{"line":91,"column":8},"end":{"line":91,"column":31}},"39":{"start":{"line":93,"column":8},"end":{"line":93,"column":38}},"40":{"start":{"line":101,"column":0},"end":{"line":121,"column":2}},"41":{"start":{"line":102,"column":16},"end":{"line":102,"column":32}},"42":{"start":{"line":103,"column":2},"end":{"line":119,"column":4}},"43":{"start":{"line":104,"column":4},"end":{"line":118,"column":5}},"44":{"start":{"line":105,"column":6},"end":{"line":105,"column":94}},"45":{"start":{"line":107,"column":6},"end":{"line":117,"column":10}},"46":{"start":{"line":114,"column":10},"end":{"line":114,"column":28}},"47":{"start":{"line":116,"column":10},"end":{"line":116,"column":40}},"48":{"start":{"line":124,"column":0},"end":{"line":133,"column":1}},"49":{"start":{"line":125,"column":2},"end":{"line":132,"column":5}},"50":{"start":{"line":126,"column":4},"end":{"line":126,"column":24}},"51":{"start":{"line":128,"column":4},"end":{"line":131,"column":7}},"52":{"start":{"line":136,"column":0},"end":{"line":145,"column":1}},"53":{"start":{"line":137,"column":2},"end":{"line":144,"column":5}},"54":{"start":{"line":138,"column":4},"end":{"line":138,"column":24}},"55":{"start":{"line":140,"column":4},"end":{"line":143,"column":7}},"56":{"start":{"line":149,"column":0},"end":{"line":198,"column":2}},"57":{"start":{"line":150,"column":13},"end":{"line":150,"column":26}},"58":{"start":{"line":152,"column":18},"end":{"line":168,"column":3}},"59":{"start":{"line":170,"column":2},"end":{"line":197,"column":7}},"60":{"start":{"line":174,"column":6},"end":{"line":190,"column":7}},"61":{"start":{"line":175,"column":8},"end":{"line":179,"column":10}},"62":{"start":{"line":180,"column":8},"end":{"line":182,"column":10}},"63":{"start":{"line":181,"column":10},"end":{"line":181,"column":88}},"64":{"start":{"line":183,"column":8},"end":{"line":185,"column":11}},"65":{"start":{"line":187,"column":8},"end":{"line":189,"column":11}},"66":{"start":{"line":193,"column":6},"end":{"line":196,"column":9}},"67":{"start":{"line":200,"column":0},"end":{"line":222,"column":1}},"68":{"start":{"line":201,"column":13},"end":{"line":201,"column":28}},"69":{"start":{"line":203,"column":2},"end":{"line":221,"column":5}},"70":{"start":{"line":208,"column":4},"end":{"line":216,"column":5}},"71":{"start":{"line":209,"column":6},"end":{"line":211,"column":9}},"72":{"start":{"line":213,"column":6},"end":{"line":215,"column":9}},"73":{"start":{"line":218,"column":4},"end":{"line":220,"column":7}},"74":{"start":{"line":224,"column":0},"end":{"line":243,"column":1}},"75":{"start":{"line":225,"column":14},"end":{"line":225,"column":33}},"76":{"start":{"line":226,"column":2},"end":{"line":242,"column":6}},"77":{"start":{"line":233,"column":6},"end":{"line":238,"column":7}},"78":{"start":{"line":234,"column":8},"end":{"line":234,"column":39}},"79":{"start":{"line":237,"column":8},"end":{"line":237,"column":40}},"80":{"start":{"line":241,"column":6},"end":{"line":241,"column":33}}},"fnMap":{"0":{"name":"(anonymous_0)","decl":{"start":{"line":10,"column":17},"end":{"line":10,"column":18}},"loc":{"start":{"line":10,"column":31},"end":{"line":51,
[...]
,"C:\\Users\\joane\\sosracismo\\server\\models\\externa.js": {"path":"C:\\Users\\joane\\sosracismo\\server\\models\\externa.js","statementMap":{"0":{"start":{"line":4,"column":4},"end":{"line":4,"column":24}},"1":{"start":{"line":5,"column":0},"end":{"line":23,"column":2}},"2":{"start":{"line":16,"column":2},"end":{"line":21,"column":5}},"3":{"start":{"line":22,"column":2},"end":{"line":22,"column":17}}},"fnMap":{"0":{"name":"(anonymous_0)","decl":{"start":{"line":5,"column":17},"end":{"line":5,"column":18}},"loc":{"start":{"line":5,"column":43},"end":{"line":23,"column":1}},"line":5},"1":{"name":"(anonymous_1)","decl":{"start":{"line":12,"column":4},"end":{"line":12,"column":5}},"loc":{"start":{"line":12,"column":29},"end":{"line":14,"column":5}},"line":12}},"branchMap":{},"s":{"0":1,"1":1,"2":1,"3":1},"f":{"0":1,"1":0},"b":{},"_coverageSchema":"1a1c01bbd47fc00a2c39e90264f33305004495a9","hash":"c146287a705bcb1673e60987f89b34be295aac29"}
,"C:\\Users\\joane\\sosracismo\\server\\models\\extranjeria.js": {"path":"C:\\Users\\joane\\sosracismo\\server\\models\\extranjeria.js","statementMap":{"0":{"start":{"line":4,"column":4},"end":{"line":4,"column":24}},"1":{"start":{"line":5,"column":0},"end":{"line":23,"column":2}},"2":{"start":{"line":16,"column":2},"end":{"line":21,"column":5}},"3":{"start":{"line":22,"column":2},"end":{"line":22,"column":21}}},"fnMap":{"0":{"name":"(anonymous_0)","decl":{"start":{"line":5,"column":17},"end":{"line":5,"column":18}},"loc":{"start":{"line":5,"column":43},"end":{"line":23,"column":1}},"line":5},"1":{"name":"(anonymous_1)","decl":{"start":{"line":12,"column":4},"end":{"line":12,"column":5}},"loc":{"start":{"line":12,"column":29},"end":{"line":14,"column":5}},"line":12}},"branchMap":{},"s":{"0":1,"1":1,"2":1,"3":1},"f":{"0":1,"1":0},"b":{},"_coverageSchema":"1a1c01bbd47fc00a2c39e90264f33305004495a9","hash":"03c1c26c7163a639b7f06b1346f59ace95c8c0b3"}
,"C:\\Users\\joane\\sosracismo\\server\\models\\index.js": {"path":"C:\\Users\\joane\\sosracismo\\server\\models\\index.js","statementMap":{"0":{"start":{"line":1,"column":17},"end":{"line":1,"column":47}},"1":{"start":{"line":2,"column":18},"end":{"line":2,"column":38}},"2":{"start":{"line":3,"column":17},"end":{"line":13,"column":2}},"3":{"start":{"line":15,"column":11},"end":{"line":15,"column":13}},"4":{"start":{"line":16,"column":0},"end":{"line":16,"column":25}},"5":{"start":{"line":17,"column":0},"end":{"line":17,"column":27}},"6":{"start":{"line":24,"column":0},"end":{"line":24,"column":63}},"7":{"start":{"line":25,"column":0},"end":{"line":25,"column":50}},"8":{"start":{"line":26,"column":0},"end":{"line":26,"column":56}},"9":{"start":{"line":27,"column":0},"end":{"line":27,"column":67}},"10":{"start":{"line":28,"column":0},"end":{"line":28,"column":50}},"11":{"start":{"line":29,"column":0},"end":{"line":29,"column":87}},"12":{"start":{"line":30,"column":0},"end":{"line":30,"column":50}},"13":{"start":{"line":31,"column":0},"end":{"line":31,"column":71}},"14":{"start":{"line":32,"column":0},"end":{"line":32,"column":75}},"15":{"start":{"line":33,"column":0},"end":{"line":33,"column":56}},"16":{"start":{"line":34,"column":0},"end":{"line":34,"column":56}},"17":{"start":{"line":35,"column":0},"end":{"line":35,"column":64}},"18":{"start":{"line":36,"column":0},"end":{"line":36,"column":81}},"19":{"start":{"line":37,"column":0},"end":{"line":37,"column":79}},"20":{"start":{"line":38,"column":0},"end":{"line":38,"column":67}},"21":{"start":{"line":39,"column":0},"end":{"line":39,"column":60}},"22":{"start":{"line":41,"column":0},"end":{"line":41,"column":74}},"23":{"start":{"line":42,"column":0},"end":{"line":42,"column":70}},"24":{"start":{"line":43,"column":0},"end":{"line":43,"column":89}},"25":{"start":{"line":45,"column":0},"end":{"line":45,"column":80}},"26":{"start":{"line":46,"column":0},"end":{"line":46,"column":83}},"27":{"start":{"line":47,"column":0},"end":{"line":47,"column":99}},"28":{"start":{"line":49,"column":0},"end":{"line":49,"column":86}},"29":{"start":{"line":50,"column":0},"end":{"line":50,"column":81}},"30":{"start":{"line":51,"column":0},"end":{"line":51,"column":73}},"31":{"start":{"line":52,"column":0},"end":{"line":52,"column":75}},"32":{"start":{"line":53,"column":0},"end":{"line":53,"column":69}},"33":{"start":{"line":54,"column":0},"end":{"line":54,"column":78}},"34":{"start":{"line":55,"column":0},"end":{"line":55,"column":78}},"35":{"start":{"line":56,"column":0},"end":{"line":56,"column":86}},"36":{"start":{"line":57,"column":0},"end":{"line":57,"column":84}},"37":{"start":{"line":59,"column":0},"end":{"line":59,"column":70}},"38":{"start":{"line":60,"column":0},"end":{"line":60,"column":91}},"39":{"start":{"line":62,"column":0},"end":{"line":62,"column":73}},"40":{"start":{"line":63,"column":0},"end":{"line":63,"column":20}}},"fnMap":{},"branchMap":{},"s":{"0":1,"1":1,"2":1,"3":1,"4":1,"5":1,"6":1,"7":1,"8":1,"9":1,"10":1,"11":1,"12":1,"13":1,"14":1,"15":1,"16":1,"17":1,"18":1,"19":1,"20":1,"21":1,"22":1,"23":1,"24":1,"25":1,"26":1,"27":1,"28":1,"29":1,"30":1,"31":1,"32":1,"33":1,"34":1,"35":1,"36":1,"37":1,"38":1,"39":1,"40":1},"f":{},"b":{},"_coverageSchema":"1a1c01bbd47fc00a2c39e90264f33305004495a9","hash":"f5ed001b409fcdda223ad896fb5866fdf61249e3"}
,"C:\\Users\\joane\\sosracismo\\server\\models\\interna.js": {"path":"C:\\Users\\joane\\sosracismo\\server\\models\\interna.js","statementMap":{"0":{"start":{"line":4,"column":4},"end":{"line":4,"column":24}},"1":{"start":{"line":5,"column":0},"end":{"line":25,"column":2}},"2":{"start":{"line":16,"column":2},"end":{"line":23,"column":5}},"3":{"start":{"line":24,"column":2},"end":{"line":24,"column":17}}},"fnMap":{"0":{"name":"(anonymous_0)","decl":{"start":{"line":5,"column":17},"end":{"line":5,"column":18}},"loc":{"start":{"line":5,"column":43},"end":{"line":25,"column":1}},"line":5},"1":{"name":"(anonymous_1)","decl":{"start":{"line":12,"column":4},"end":{"line":12,"column":5}},"loc":{"start":{"line":12,"column":29},"end":{"line":14,"column":5}},"line":12}},"branchMap":{},"s":{"0":1,"1":1,"2":1,"3":1},"f":{"0":1,"1":0},"b":{},"_coverageSchema":"1a1c01bbd47fc00a2c39e90264f33305004495a9","hash":"386b43df5dcb528719356737fbcd06ba9c90cdc0"}
,"C:\\Users\\joane\\sosracismo\\server\\models\\intervencion.js": {"path":"C:\\Users\\joane\\sosracismo\\server\\models\\intervencion.js","statementMap":{"0":{"start":{"line":4,"column":4},"end":{"line":4,"column":24}},"1":{"start":{"line":5,"column":0},"end":{"line":25,"column":2}},"2":{"start":{"line":16,"column":2},"end":{"line":23,"column":5}},"3":{"start":{"line":24,"column":2},"end":{"line":24,"column":22}}},"fnMap":{"0":{"name":"(anonymous_0)","decl":{"start":{"line":5,"column":17},"end":{"line":5,"column":18}},"loc":{"start":{"line":5,"column":43},"end":{"line":25,"column":1}},"line":5},"1":{"name":"(anonymous_1)","decl":{"start":{"line":12,"column":4},"end":{"line":12,"column":5}},"loc":{"start":{"line":12,"column":29},"end":{"line":14,"column":5}},"line":12}},"branchMap":{},"s":{"0":1,"1":1,"2":1,"3":1},"f":{"0":1,"1":0},"b":{},"_coverageSchema":"1a1c01bbd47fc00a2c39e90264f33305004495a9","hash":"242f0737481c5e6b40b00108bca2911189b061e0"}
,"C:\\Users\\joane\\sosracismo\\server\\models\\nacionalidad.js": {"path":"C:\\Users\\joane\\sosracismo\\server\\models\\nacionalidad.js","statementMap":{"0":{"start":{"line":4,"column":4},"end":{"line":4,"column":24}},"1":{"start":{"line":5,"column":0},"end":{"line":25,"column":2}},"2":{"start":{"line":16,"column":2},"end":{"line":22,"column":5}},"3":{"start":{"line":23,"column":2},"end":{"line":23,"column":37}},"4":{"start":{"line":24,"column":2},"end":{"line":24,"column":22}}},"fnMap":{"0":{"name":"(anonymous_0)","decl":{"start":{"line":5,"column":17},"end":{"line":5,"column":18}},"loc":{"start":{"line":5,"column":43},"end":{"line":25,"column":1}},"line":5},"1":{"name":"(anonymous_1)","decl":{"start":{"line":12,"column":4},"end":{"line":12,"column":5}},"loc":{"start":{"line":12,"column":29},"end":{"line":14,"column":5}},"line":12}},"branchMap":{},"s":{"0":1,"1":1,"2":1,"3":1,"4":1},"f":{"0":1,"1":0},"b":{},"_coverageSchema":"1a1c01bbd47fc00a2c39e90264f33305004495a9","hash":"eb60f4d5e3d9a830df25e95632d0d46fb0b4cd79"}
,"C:\\Users\\joane\\sosracismo\\server\\models\\necesidadextranjeria.js": {"path":"C:\\Users\\joane\\sosracismo\\server\\models\\necesidadextranjeria.js","statementMap":{"0":{"start":{"line":4,"column":4},"end":{"line":4,"column":24}},"1":{"start":{"line":5,"column":0},"end":{"line":24,"column":2}},"2":{"start":{"line":16,"column":2},"end":{"line":22,"column":5}},"3":{"start":{"line":23,"column":2},"end":{"line":23,"column":30}}},"fnMap":{"0":{"name":"(anonymous_0)","decl":{"start":{"line":5,"column":17},"end":{"line":5,"column":18}},"loc":{"start":{"line":5,"column":43},"end":{"line":24,"column":1}},"line":5},"1":{"name":"(anonymous_1)","decl":{"start":{"line":12,"column":4},"end":{"line":12,"column":5}},"loc":{"start":{"line":12,"column":29},"end":{"line":14,"column":5}},"line":12}},"branchMap":{},"s":{"0":1,"1":1,"2":1,"3":1},"f":{"0":1,"1":0},"b":{},"_coverageSchema":"1a1c01bbd47fc00a2c39e90264f33305004495a9","hash":"15ed181ab1ba8f5a0a0da639dbbf2cca90e407df"}
,"C:\\Users\\joane\\sosracismo\\server\\models\\proyectoextranjeria.js": {"path":"C:\\Users\\joane\\sosracismo\\server\\models\\proyectoextranjeria.js","statementMap":{"0":{"start":{"line":4,"column":4},"end":{"line":4,"column":24}},"1":{"start":{"line":5,"column":0},"end":{"line":24,"column":2}},"2":{"start":{"line":16,"column":2},"end":{"line":22,"column":5}},"3":{"start":{"line":23,"column":2},"end":{"line":23,"column":29}}},"fnMap":{"0":{"name":"(anonymous_0)","decl":{"start":{"line":5,"column":17},"end":{"line":5,"column":18}},"loc":{"start":{"line":5,"column":43},"end":{"line":24,"column":1}},"line":5},"1":{"name":"(anonymous_1)","decl":{"start":{"line":12,"column":4},"end":{"line":12,"column":5}},"loc":{"start":{"line":12,"column":29},"end":{"line":14,"column":5}},"line":12}},"branchMap":{},"s":{"0":1,"1":1,"2":1,"3":1},"f":{"0":1,"1":0},"b":{},"_coverageSchema":"1a1c01bbd47fc00a2c39e90264f33305004495a9","hash":"c608a423c61820dde4e98b6f798251df0ee9e0aa"}
,"C:\\Users\\joane\\sosracismo\\server\\models\\sede.js": {"path":"C:\\Users\\joane\\sosracismo\\server\\models\\sede.js","statementMap":{"0":{"start":{"line":4,"column":4},"end":{"line":4,"column":24}},"1":{"start":{"line":5,"column":0},"end":{"line":36,"column":2}},"2":{"start":{"line":16,"column":2},"end":{"line":34,"column":5}},"3":{"start":{"line":35,"column":2},"end":{"line":35,"column":14}}},"fnMap":{"0":{"name":"(anonymous_0)","decl":{"start":{"line":5,"column":17},"end":{"line":5,"column":18}},"loc":{"start":{"line":5,"column":43},"end":{"line":36,"column":1}},"line":5},"1":{"name":"(anonymous_1)","decl":{"start":{"line":12,"column":4},"end":{"line":12,"column":5}},"loc":{"start":{"line":12,"column":29},"end":{"line":14,"column":5}},"line":12}},"branchMap":{},"s":{"0":1,"1":1,"2":1,"3":1},"f":{"0":1,"1":0},"b":{},"_coverageSchema":"1a1c01bbd47fc00a2c39e90264f33305004495a9","hash":"d36070ef435be42bba705f1e16c55e9d8bba7339"}
,"C:\\Users\\joane\\sosracismo\\server\\models\\trabajador.js": {"path":"C:\\Users\\joane\\sosracismo\\server\\models\\trabajador.js","statementMap":{"0":{"start":{"line":4,"column":4},"end":{"line":4,"column":24}},"1":{"start":{"line":7,"column":0},"end":{"line":49,"column":2}},"2":{"start":{"line":18,"column":2},"end":{"line":45,"column":5}},"3":{"start":{"line":47,"column":2},"end":{"line":47,"column":20}}},"fnMap":{"0":{"name":"(anonymous_0)","decl":{"start":{"line":7,"column":17},"end":{"line":7,"column":18}},"loc":{"start":{"line":7,"column":43},"end":{"line":49,"column":1}},"line":7},"1":{"name":"(anonymous_1)","decl":{"start":{"line":14,"column":4},"end":{"line":14,"column":5}},"loc":{"start":{"line":14,"column":29},"end":{"line":16,"column":5}},"line":14}},"branchMap":{},"s":{"0":1,"1":1,"2":1,"3":1},"f":{"0":1,"1":0},"b":{},"_coverageSchema":"1a1c01bbd47fc00a2c39e90264f33305004495a9","hash":"62b95f91a711a7058359cb9401a2dde012157da5"}
,"C:\\Users\\joane\\sosracismo\\server\\models\\trabajadorahogar.js": {"path":"C:\\Users\\joane\\sosracismo\\server\\models\\trabajadorahogar.js","statementMap":{"0":{"start":{"line":4,"column":4},"end":{"line":4,"column":24}},"1":{"start":{"line":5,"column":0},"end":{"line":50,"column":2}},"2":{"start":{"line":16,"column":2},"end":{"line":48,"column":5}},"3":{"start":{"line":49,"column":2},"end":{"line":49,"column":26}}},"fnMap":{"0":{"name":"(anonymous_0)","decl":{"start":{"line":5,"column":17},"end":{"line":5,"column":18}},"loc":{"start":{"line":5,"column":43},"end":{"line":50,"column":1}},"line":5},"1":{"name":"(anonymous_1)","decl":{"start":{"line":12,"column":4},"end":{"line":12,"column":5}},"loc":{"start":{"line":12,"column":29},"end":{"line":14,"column":5}},"line":12}},"branchMap":{},"s":{"0":1,"1":1,"2":1,"3":1},"f":{"0":1,"1":0},"b":{},"_coverageSchema":"1a1c01bbd47fc00a2c39e90264f33305004495a9","hash":"5890bb77aad9a5326a1890de52a8534af4d3d5a7"}
,"C:\\Users\\joane\\sosracismo\\server\\models\\usuario.js": {"path":"C:\\Users\\joane\\sosracismo\\server\\models\\usuario.js","statementMap":{"0":{"start":{"line":4,"column":4},"end":{"line":4,"column":24}},"1":{"start":{"line":5,"column":0},"end":{"line":68,"column":2}},"2":{"start":{"line":16,"column":2},"end":{"line":66,"column":5}},"3":{"start":{"line":67,"column":2},"end":{"line":67,"column":17}}},"fnMap":{"0":{"name":"(anonymous_0)","decl":{"start":{"line":5,"column":17},"end":{"line":5,"column":18}},"loc":{"start":{"line":5,"column":43},"end":{"line":68,"column":1}},"line":5},"1":{"name":"(anonymous_1)","decl":{"start":{"line":12,"column":4},"end":{"line":12,"column":5}},"loc":{"start":{"line":12,"column":29},"end":{"line":14,"column":5}},"line":12}},"branchMap":{},"s":{"0":1,"1":1,"2":1,"3":1},"f":{"0":1,"1":0},"b":{},"_coverageSchema":"1a1c01bbd47fc00a2c39e90264f33305004495a9","hash":"9f9bb62ee15d43610aff02eae66c6467105465d7"}
,"C:\\Users\\joane\\sosracismo\\server\\routes\\index.js": {"path":"C:\\Users\\joane\\sosracismo\\server\\routes\\index.js","statementMap":{"0":{"start":{"line":2,"column":13},"end":{"line":2,"column":43}},"1":{"start":{"line":3,"column":16},"end":{"line":3,"column":49}},"2":{"start":{"line":4,"column":13},"end":{"line":4,"column":43}},"3":{"start":{"line":5,"column":13},"end":{"line":5,"column":43}},"4":{"start":{"line":6,"column":21},"end":{"line":6,"column":59}},"5":{"start":{"line":7,"column":16},"end":{"line":7,"column":34}},"6":{"start":{"line":8,"column":15},"end":{"line":8,"column":31}},"7":{"start":{"line":9,"column":12},"end":{"line":9,"column":35}},"8":{"start":{"line":10,"column":15},"end":{"line":10,"column":50}},"9":{"start":{"line":11,"column":19},"end":{"line":11,"column":55}},"10":{"start":{"line":13,"column":18},"end":{"line":27,"column":1}},"11":{"start":{"line":14,"column":18},"end":{"line":14,"column":47}},"12":{"start":{"line":16,"column":4},"end":{"line":26,"column":5}},"13":{"start":{"line":17,"column":8},"end":{"line":17,"column":72}},"14":{"start":{"line":19,"column":8},"end":{"line":25,"column":10}},"15":{"start":{"line":20,"column":12},"end":{"line":24,"column":13}},"16":{"start":{"line":21,"column":16},"end":{"line":21,"column":99}},"17":{"start":{"line":23,"column":16},"end":{"line":23,"column":141}},"18":{"start":{"line":29,"column":0},"end":{"line":29,"column":54}},"19":{"start":{"line":31,"column":0},"end":{"line":31,"column":63}},"20":{"start":{"line":33,"column":0},"end":{"line":33,"column":66}},"21":{"start":{"line":35,"column":0},"end":{"line":35,"column":67}},"22":{"start":{"line":37,"column":0},"end":{"line":37,"column":79}},"23":{"start":{"line":39,"column":0},"end":{"line":39,"column":75}},"24":{"start":{"line":41,"column":0},"end":{"line":41,"column":51}},"25":{"start":{"line":43,"column":0},"end":{"line":43,"column":51}},"26":{"start":{"line":46,"column":0},"end":{"line":46,"column":41}},"27":{"start":{"line":48,"column":0},"end":{"line":48,"column":43}},"28":{"start":{"line":51,"column":0},"end":{"line":51,"column":47}},"29":{"start":{"line":53,"column":0},"end":{"line":53,"column":51}},"30":{"start":{"line":55,"column":0},"end":{"line":55,"column":59}},"31":{"start":{"line":57,"column":0},"end":{"line":57,"column":85}},"32":{"start":{"line":59,"column":0},"end":{"line":59,"column":70}},"33":{"start":{"line":61,"column":0},"end":{"line":61,"column":73}},"34":{"start":{"line":63,"column":0},"end":{"line":63,"column":57}},"35":{"start":{"line":65,"column":0},"end":{"line":65,"column":80}},"36":{"start":{"line":67,"column":0},"end":{"line":67,"column":73}},"37":{"start":{"line":69,"column":0},"end":{"line":69,"column":60}},"38":{"start":{"line":72,"column":0},"end":{"line":72,"column":42}},"39":{"start":{"line":74,"column":0},"end":{"line":74,"column":43}},"40":{"start":{"line":76,"column":0},"end":{"line":76,"column":51}},"41":{"start":{"line":79,"column":0},"end":{"line":79,"column":71}},"42":{"start":{"line":81,"column":0},"end":{"line":81,"column":75}},"43":{"start":{"line":83,"column":0},"end":{"line":83,"column":75}},"44":{"start":{"line":85,"column":0},"end":{"line":85,"column":79}},"45":{"start":{"line":87,"column":0},"end":{"line":87,"column":65}},"46":{"start":{"line":89,"column":0},"end":{"line":89,"column":69}},"47":{"start":{"line":91,"column":0},"end":{"line":91,"column":50}},"48":{"start":{"line":93,"column":0},"end":{"line":93,"column":69}},"49":{"start":{"line":95,"column":0},"end":{"line":95,"column":42}},"50":{"start":{"line":97,"column":0},"end":{"line":97,"column":89}},"51":{"start":{"line":99,"column":0},"end":{"line":99,"column":83}},"52":{"start":{"line":101,"column":0},"end":{"line":101,"column":83}},"53":{"start":{"line":103,"column":0},"end":{"line":103,"column":61}},"54":{"start":{"line":105,"column":0},"end":{"line":105,"column":59}},"55":{"start":{"line":107,"column":0},"end":{"line":107,"column":46}},"56":{"start":{"line":109,"column":0},"end":{"line":109,"column":61}},"57":{"start":{"line":111,"column":0},"end":{"line":111,"column":54}},"58":{"start":{"line":113,"column":0},"end":{"line":113,"column":50}},"59":{"start":{"line":116,"column":0},"end":{"line":116,"column":62}},"60":{"start":{"line":118,"column":0},"end":{"line":118,"column":66}},"61":{"start":{"line":120,"column":0},"end":{"line":120,"column":65}},"62":{"start":{"line":122,"column":0},"end":{"line":122,"column":69}},"63":{"start":{"line":124,"column":0},"end":{"line":124,"column":24}}},"fnMap":{"0":{"name":"(anonymous_0)","decl":{"start":{"line":13,"column":18},"end":{"line":13,"column":19}},"loc":{"start":{"line":13,"column":36},"end":{"line":27,"column":1}},"line":13},"1":{"name":"(anonymous_1)","decl":{"start":{"line":19,"column":42},"end":{"line":19,"column":43}},"loc":{"start":{"line":19,"column":60},"end":{"line":25,"column":9}},"line":19}},"branchMap":{"0":{"loc":{"start":{"line":16,"column":4},"end":{"line":26,"column":5}},"type":"if","locations":[{"start":{"line":16,"column":4},"end":{"line":26,"column":5}},{"start":{"line":16,"column":4},"end":{"line":26,"column":5}}],"line":16},"1":{"loc":{"start":{"line":20,"column":12},"end":{"line":24,"column":13}},"type":"if","locations":[{"start":{"line":20,"column":12},"end":{"line":24,"column":13}},{"start":{"line":20,"column":12},"end":{"line":24,"column":13}}],"line":20}},"s":{"0":1,"1":1,"2":1,"3":1,"4":1,"5":1,"6":1,"7":1,"8":1,"9":1,"10":1,"11":0,"12":0,"13":0,"14":0,"15":0,"16":0,"17":0,"18":1,"19":1,"20":1,"21":1,"22":1,"23":1,"24":1,"25":1,"26":1,"27":1,"28":1,"29":1,"30":1,"31":1,"32":1,"33":1,"34":1,"35":1,"36":1,"37":1,"38":1,"39":1,"40":1,"41":1,"42":1,"43":1,"44":1,"45":1,"46":1,"47":1,"48":1,"49":1,"50":1,"51":1,"52":1,"53":1,"54":1,"55":1,"56":1,"57":1,"58":1,"59":1,"60":1,"61":1,"62":1,"63":1},"f":{"0":0,"1":0},"b":{"0":[0,0],"1":[0,0]},"_coverageSchema":"1a1c01bbd47fc00a2c39e90264f33305004495a9","hash":"2a8ffa32868ae5703cab710f337be40c10566491"}
}
