TN:
SF:server.js
FN:17,(anonymous_0)
FN:27,(anonymous_1)
FNF:2
FNH:0
FNDA:0,(anonymous_0)
FNDA:0,(anonymous_1)
DA:1,1
DA:2,1
DA:3,1
DA:4,1
DA:6,1
DA:10,1
DA:11,1
DA:13,1
DA:15,1
DA:16,1
DA:17,1
DA:18,0
DA:19,0
DA:20,0
DA:21,0
DA:22,0
DA:27,1
DA:28,0
DA:32,1
DA:34,1
LF:20
LH:14
BRDA:32,0,0,1
BRDA:32,0,1,1
BRF:2
BRH:2
end_of_record
TN:
SF:config\auth.config.js
FNF:0
FNH:0
DA:1,1
LF:1
LH:1
BRF:0
BRH:0
end_of_record
TN:
SF:config\db.config.js
FNF:0
FNH:0
DA:1,1
LF:1
LH:1
BRF:0
BRH:0
end_of_record
TN:
SF:controllers\caso.js
FN:16,(anonymous_0)
FN:33,(anonymous_1)
FN:57,(anonymous_2)
FN:59,(anonymous_3)
FN:66,(anonymous_4)
FN:76,(anonymous_5)
FN:110,(anonymous_6)
FN:121,(anonymous_7)
FN:130,(anonymous_8)
FN:147,(anonymous_9)
FN:178,(anonymous_10)
FN:185,(anonymous_11)
FN:187,(anonymous_12)
FN:197,(anonymous_13)
FN:199,(anonymous_14)
FN:206,(anonymous_15)
FN:213,(anonymous_16)
FN:223,(anonymous_17)
FN:258,(anonymous_18)
FN:268,(anonymous_19)
FN:277,(anonymous_20)
FN:293,(anonymous_21)
FN:297,(anonymous_22)
FN:298,(anonymous_23)
FN:305,(anonymous_24)
FN:315,(anonymous_25)
FN:324,(anonymous_26)
FN:332,(anonymous_27)
FN:337,(anonymous_28)
FN:347,(anonymous_29)
FN:356,(anonymous_30)
FN:367,(anonymous_31)
FN:376,(anonymous_32)
FN:378,(anonymous_33)
FN:387,(anonymous_34)
FN:389,(anonymous_35)
FN:399,(anonymous_36)
FN:405,(anonymous_37)
FN:407,(anonymous_38)
FN:413,(anonymous_39)
FN:419,(anonymous_40)
FN:421,(anonymous_41)
FN:426,(anonymous_42)
FN:428,(anonymous_43)
FN:430,(anonymous_44)
FN:438,(anonymous_45)
FN:440,(anonymous_46)
FN:442,(anonymous_47)
FN:451,(anonymous_48)
FN:458,(anonymous_49)
FN:460,(anonymous_50)
FN:466,(anonymous_51)
FN:473,(anonymous_52)
FN:475,(anonymous_53)
FN:481,(anonymous_54)
FN:483,(anonymous_55)
FN:485,(anonymous_56)
FN:494,(anonymous_57)
FN:500,(anonymous_58)
FN:503,(anonymous_59)
FN:509,(anonymous_60)
FN:511,(anonymous_61)
FN:515,(anonymous_62)
FN:517,(anonymous_63)
FN:526,(anonymous_64)
FN:530,(anonymous_65)
FN:538,(anonymous_66)
FN:546,(anonymous_67)
FN:554,(anonymous_68)
FN:561,(anonymous_69)
FN:568,(anonymous_70)
FN:577,(anonymous_71)
FN:587,(anonymous_72)
FN:594,(anonymous_73)
FN:597,(anonymous_74)
FN:599,(anonymous_75)
FNF:76
FNH:0
FNDA:0,(anonymous_0)
FNDA:0,(anonymous_1)
FNDA:0,(anonymous_2)
FNDA:0,(anonymous_3)
FNDA:0,(anonymous_4)
FNDA:0,(anonymous_5)
FNDA:0,(anonymous_6)
FNDA:0,(anonymous_7)
FNDA:0,(anonymous_8)
FNDA:0,(anonymous_9)
FNDA:0,(anonymous_10)
FNDA:0,(anonymous_11)
FNDA:0,(anonymous_12)
FNDA:0,(anonymous_13)
FNDA:0,(anonymous_14)
FNDA:0,(anonymous_15)
FNDA:0,(anonymous_16)
FNDA:0,(anonymous_17)
FNDA:0,(anonymous_18)
FNDA:0,(anonymous_19)
FNDA:0,(anonymous_20)
FNDA:0,(anonymous_21)
FNDA:0,(anonymous_22)
FNDA:0,(anonymous_23)
FNDA:0,(anonymous_24)
FNDA:0,(anonymous_25)
FNDA:0,(anonymous_26)
FNDA:0,(anonymous_27)
FNDA:0,(anonymous_28)
FNDA:0,(anonymous_29)
FNDA:0,(anonymous_30)
FNDA:0,(anonymous_31)
FNDA:0,(anonymous_32)
FNDA:0,(anonymous_33)
FNDA:0,(anonymous_34)
FNDA:0,(anonymous_35)
FNDA:0,(anonymous_36)
FNDA:0,(anonymous_37)
FNDA:0,(anonymous_38)
FNDA:0,(anonymous_39)
FNDA:0,(anonymous_40)
FNDA:0,(anonymous_41)
FNDA:0,(anonymous_42)
FNDA:0,(anonymous_43)
FNDA:0,(anonymous_44)
FNDA:0,(anonymous_45)
FNDA:0,(anonymous_46)
FNDA:0,(anonymous_47)
FNDA:0,(anonymous_48)
FNDA:0,(anonymous_49)
FNDA:0,(anonymous_50)
FNDA:0,(anonymous_51)
FNDA:0,(anonymous_52)
FNDA:0,(anonymous_53)
FNDA:0,(anonymous_54)
FNDA:0,(anonymous_55)
FNDA:0,(anonymous_56)
FNDA:0,(anonymous_57)
FNDA:0,(anonymous_58)
FNDA:0,(anonymous_59)
FNDA:0,(anonymous_60)
FNDA:0,(anonymous_61)
FNDA:0,(anonymous_62)
FNDA:0,(anonymous_63)
FNDA:0,(anonymous_64)
FNDA:0,(anonymous_65)
FNDA:0,(anonymous_66)
FNDA:0,(anonymous_67)
FNDA:0,(anonymous_68)
FNDA:0,(anonymous_69)
FNDA:0,(anonymous_70)
FNDA:0,(anonymous_71)
FNDA:0,(anonymous_72)
FNDA:0,(anonymous_73)
FNDA:0,(anonymous_74)
FNDA:0,(anonymous_75)
DA:1,1
DA:2,1
DA:3,1
DA:4,1
DA:5,1
DA:6,1
DA:7,1
DA:8,1
DA:9,1
DA:10,1
DA:11,1
DA:12,1
DA:13,1
DA:16,1
DA:18,0
DA:19,0
DA:22,0
DA:25,0
DA:32,0
DA:34,0
DA:56,0
DA:57,0
DA:58,0
DA:60,0
DA:67,0
DA:76,1
DA:78,0
DA:79,0
DA:82,0
DA:85,0
DA:86,0
DA:108,0
DA:111,0
DA:112,0
DA:116,0
DA:122,0
DA:130,1
DA:132,0
DA:133,0
DA:136,0
DA:139,0
DA:146,0
DA:148,0
DA:178,0
DA:179,0
DA:180,0
DA:185,0
DA:186,0
DA:188,0
DA:194,0
DA:197,0
DA:198,0
DA:200,0
DA:207,0
DA:214,0
DA:223,1
DA:224,0
DA:226,0
DA:256,0
DA:259,0
DA:260,0
DA:264,0
DA:269,0
DA:277,1
DA:279,0
DA:280,0
DA:283,0
DA:285,0
DA:292,0
DA:294,0
DA:297,0
DA:298,0
DA:299,0
DA:305,0
DA:306,0
DA:314,0
DA:316,0
DA:324,1
DA:325,0
DA:327,0
DA:330,0
DA:333,0
DA:334,0
DA:337,0
DA:338,0
DA:344,0
DA:347,0
DA:348,0
DA:353,0
DA:357,0
DA:362,0
DA:368,0
DA:376,1
DA:377,0
DA:378,0
DA:379,0
DA:380,0
DA:382,0
DA:388,0
DA:390,0
DA:399,1
DA:400,0
DA:401,0
DA:406,0
DA:408,0
DA:413,1
DA:414,0
DA:415,0
DA:420,0
DA:422,0
DA:426,1
DA:427,0
DA:428,0
DA:429,0
DA:431,0
DA:438,1
DA:439,0
DA:440,0
DA:441,0
DA:443,0
DA:451,1
DA:452,0
DA:453,0
DA:459,0
DA:461,0
DA:466,1
DA:467,0
DA:468,0
DA:474,0
DA:476,0
DA:481,1
DA:482,0
DA:483,0
DA:484,0
DA:486,0
DA:494,1
DA:495,0
DA:496,0
DA:501,0
DA:504,0
DA:509,1
DA:510,0
DA:511,0
DA:512,0
DA:513,0
DA:515,0
DA:516,0
DA:518,0
DA:526,1
DA:527,0
DA:528,0
DA:531,0
DA:536,0
DA:539,0
DA:544,0
DA:547,0
DA:552,0
DA:555,0
DA:559,0
DA:562,0
DA:566,0
DA:569,0
DA:573,0
DA:578,0
DA:579,0
DA:583,0
DA:588,0
DA:594,1
DA:595,0
DA:596,0
DA:597,0
DA:598,0
DA:600,0
LF:173
LH:31
BRDA:18,0,0,0
BRDA:18,0,1,0
BRDA:42,1,0,0
BRDA:42,1,1,0
BRDA:62,2,0,0
BRDA:62,2,1,0
BRDA:69,3,0,0
BRDA:69,3,1,0
BRDA:78,4,0,0
BRDA:78,4,1,0
BRDA:93,5,0,0
BRDA:93,5,1,0
BRDA:111,6,0,0
BRDA:111,6,1,0
BRDA:132,7,0,0
BRDA:132,7,1,0
BRDA:152,8,0,0
BRDA:152,8,1,0
BRDA:159,9,0,0
BRDA:159,9,1,0
BRDA:167,10,0,0
BRDA:167,10,1,0
BRDA:168,11,0,0
BRDA:168,11,1,0
BRDA:169,12,0,0
BRDA:169,12,1,0
BRDA:176,13,0,0
BRDA:176,13,1,0
BRDA:179,14,0,0
BRDA:179,14,1,0
BRDA:190,15,0,0
BRDA:190,15,1,0
BRDA:202,16,0,0
BRDA:202,16,1,0
BRDA:209,17,0,0
BRDA:209,17,1,0
BRDA:216,18,0,0
BRDA:216,18,1,0
BRDA:229,19,0,0
BRDA:229,19,1,0
BRDA:236,20,0,0
BRDA:236,20,1,0
BRDA:244,21,0,0
BRDA:244,21,1,0
BRDA:245,22,0,0
BRDA:245,22,1,0
BRDA:246,23,0,0
BRDA:246,23,1,0
BRDA:253,24,0,0
BRDA:253,24,1,0
BRDA:259,25,0,0
BRDA:259,25,1,0
BRDA:279,26,0,0
BRDA:279,26,1,0
BRDA:318,27,0,0
BRDA:318,27,1,0
BRDA:333,28,0,0
BRDA:333,28,1,0
BRDA:379,29,0,0
BRDA:379,29,1,0
BRDA:433,30,0,0
BRDA:433,30,1,0
BRDA:445,31,0,0
BRDA:445,31,1,0
BRDA:488,32,0,0
BRDA:488,32,1,0
BRDA:512,33,0,0
BRDA:512,33,1,0
BRDA:532,34,0,0
BRDA:532,34,1,0
BRDA:540,35,0,0
BRDA:540,35,1,0
BRDA:548,36,0,0
BRDA:548,36,1,0
BRDA:556,37,0,0
BRDA:556,37,1,0
BRDA:563,38,0,0
BRDA:563,38,1,0
BRDA:570,39,0,0
BRDA:570,39,1,0
BRDA:578,40,0,0
BRDA:578,40,1,0
BRDA:589,41,0,0
BRDA:589,41,1,0
BRDA:602,42,0,0
BRDA:602,42,1,0
BRF:86
BRH:0
end_of_record
TN:
SF:controllers\cita.js
FN:9,(anonymous_0)
FN:27,(anonymous_1)
FN:33,(anonymous_2)
FN:36,(anonymous_3)
FN:44,(anonymous_4)
FN:54,(anonymous_5)
FN:55,(anonymous_6)
FN:57,(anonymous_7)
FN:66,(anonymous_8)
FN:72,(anonymous_9)
FN:76,(anonymous_10)
FN:92,(anonymous_11)
FNF:12
FNH:0
FNDA:0,(anonymous_0)
FNDA:0,(anonymous_1)
FNDA:0,(anonymous_2)
FNDA:0,(anonymous_3)
FNDA:0,(anonymous_4)
FNDA:0,(anonymous_5)
FNDA:0,(anonymous_6)
FNDA:0,(anonymous_7)
FNDA:0,(anonymous_8)
FNDA:0,(anonymous_9)
FNDA:0,(anonymous_10)
FNDA:0,(anonymous_11)
DA:1,1
DA:2,1
DA:3,1
DA:4,1
DA:5,1
DA:6,1
DA:9,1
DA:11,0
DA:12,0
DA:15,0
DA:18,0
DA:26,0
DA:28,0
DA:33,0
DA:34,0
DA:37,0
DA:42,0
DA:45,0
DA:54,1
DA:55,0
DA:56,0
DA:58,0
DA:66,1
DA:67,0
DA:68,0
DA:73,0
DA:74,0
DA:77,0
DA:78,0
DA:82,0
DA:88,0
DA:93,0
LF:32
LH:9
BRDA:11,0,0,0
BRDA:11,0,1,0
BRDA:39,1,0,0
BRDA:39,1,1,0
BRDA:47,2,0,0
BRDA:47,2,1,0
BRDA:60,3,0,0
BRDA:60,3,1,0
BRDA:73,4,0,0
BRDA:73,4,1,0
BRDA:77,5,0,0
BRDA:77,5,1,0
BRDA:94,6,0,0
BRDA:94,6,1,0
BRF:14
BRH:0
end_of_record
TN:
SF:controllers\intervencion.js
FN:11,(anonymous_0)
FN:22,(anonymous_1)
FN:25,(anonymous_2)
FN:36,(anonymous_3)
FN:37,(anonymous_4)
FN:44,(anonymous_5)
FN:49,(anonymous_6)
FN:61,(anonymous_7)
FN:69,(anonymous_8)
FN:74,(anonymous_9)
FN:84,(anonymous_10)
FN:86,(anonymous_11)
FN:88,(anonymous_12)
FN:97,(anonymous_13)
FN:103,(anonymous_14)
FN:107,(anonymous_15)
FN:126,(anonymous_16)
FNF:17
FNH:0
FNDA:0,(anonymous_0)
FNDA:0,(anonymous_1)
FNDA:0,(anonymous_2)
FNDA:0,(anonymous_3)
FNDA:0,(anonymous_4)
FNDA:0,(anonymous_5)
FNDA:0,(anonymous_6)
FNDA:0,(anonymous_7)
FNDA:0,(anonymous_8)
FNDA:0,(anonymous_9)
FNDA:0,(anonymous_10)
FNDA:0,(anonymous_11)
FNDA:0,(anonymous_12)
FNDA:0,(anonymous_13)
FNDA:0,(anonymous_14)
FNDA:0,(anonymous_15)
FNDA:0,(anonymous_16)
DA:1,1
DA:2,1
DA:3,1
DA:4,1
DA:5,1
DA:6,1
DA:8,1
DA:9,1
DA:12,0
DA:16,1
DA:22,1
DA:25,0
DA:26,0
DA:27,0
DA:29,0
DA:34,0
DA:35,0
DA:37,0
DA:38,0
DA:44,0
DA:47,0
DA:50,0
DA:61,1
DA:62,0
DA:63,0
DA:64,0
DA:73,0
DA:75,0
DA:79,0
DA:84,1
DA:85,0
DA:86,0
DA:87,0
DA:89,0
DA:97,1
DA:98,0
DA:99,0
DA:104,0
DA:105,0
DA:108,0
DA:109,0
DA:113,0
DA:118,0
DA:122,0
DA:127,0
LF:45
LH:13
BRDA:26,0,0,0
BRDA:26,0,1,0
BRDA:52,1,0,0
BRDA:52,1,1,0
BRDA:91,2,0,0
BRDA:91,2,1,0
BRDA:104,3,0,0
BRDA:104,3,1,0
BRDA:108,4,0,0
BRDA:108,4,1,0
BRDA:128,5,0,0
BRDA:128,5,1,0
BRF:12
BRH:0
end_of_record
TN:
SF:controllers\sede.js
FN:7,(anonymous_0)
FN:24,(anonymous_1)
FN:27,(anonymous_2)
FN:36,(anonymous_3)
FN:38,(anonymous_4)
FN:40,(anonymous_5)
FNF:6
FNH:4
FNDA:2,(anonymous_0)
FNDA:1,(anonymous_1)
FNDA:0,(anonymous_2)
FNDA:1,(anonymous_3)
FNDA:1,(anonymous_4)
FNDA:0,(anonymous_5)
DA:1,1
DA:2,1
DA:3,1
DA:4,1
DA:7,1
DA:9,2
DA:10,1
DA:13,1
DA:17,1
DA:23,1
DA:25,1
DA:28,0
DA:36,1
DA:37,1
DA:39,1
DA:41,0
LF:16
LH:14
BRDA:9,0,0,1
BRDA:9,0,1,1
BRDA:30,1,0,0
BRDA:30,1,1,0
BRDA:42,2,0,0
BRDA:42,2,1,0
BRF:6
BRH:2
end_of_record
TN:
SF:controllers\trabajador.js
FN:12,(anonymous_0)
FN:30,(anonymous_1)
FN:33,(anonymous_2)
FN:36,(anonymous_3)
FN:50,(anonymous_4)
FN:52,(anonymous_5)
FN:54,(anonymous_6)
FN:62,(anonymous_7)
FN:66,(anonymous_8)
FN:72,(anonymous_9)
FN:79,(anonymous_10)
FN:84,(anonymous_11)
FN:103,(anonymous_12)
FN:108,(anonymous_13)
FN:120,(anonymous_14)
FN:125,(anonymous_15)
FN:153,(anonymous_16)
FN:159,(anonymous_17)
FN:163,(anonymous_18)
FN:173,(anonymous_19)
FN:181,(anonymous_20)
FN:185,(anonymous_21)
FN:189,(anonymous_22)
FNF:23
FNH:17
FNDA:3,(anonymous_0)
FNDA:2,(anonymous_1)
FNDA:1,(anonymous_2)
FNDA:1,(anonymous_3)
FNDA:1,(anonymous_4)
FNDA:1,(anonymous_5)
FNDA:0,(anonymous_6)
FNDA:2,(anonymous_7)
FNDA:2,(anonymous_8)
FNDA:1,(anonymous_9)
FNDA:1,(anonymous_10)
FNDA:1,(anonymous_11)
FNDA:1,(anonymous_12)
FNDA:1,(anonymous_13)
FNDA:2,(anonymous_14)
FNDA:2,(anonymous_15)
FNDA:0,(anonymous_16)
FNDA:1,(anonymous_17)
FNDA:1,(anonymous_18)
FNDA:0,(anonymous_19)
FNDA:0,(anonymous_20)
FNDA:0,(anonymous_21)
FNDA:0,(anonymous_22)
DA:1,1
DA:2,1
DA:3,1
DA:4,1
DA:5,1
DA:6,1
DA:7,1
DA:8,1
DA:9,1
DA:12,1
DA:14,3
DA:15,1
DA:18,1
DA:21,2
DA:29,2
DA:31,2
DA:32,2
DA:34,1
DA:37,1
DA:50,1
DA:51,1
DA:53,1
DA:55,0
DA:62,1
DA:63,2
DA:64,2
DA:67,2
DA:68,0
DA:70,1
DA:73,1
DA:79,1
DA:80,1
DA:85,1
DA:86,1
DA:87,0
DA:88,1
DA:89,1
DA:94,1
DA:95,0
DA:101,1
DA:104,1
DA:109,1
DA:113,0
DA:120,1
DA:121,2
DA:126,2
DA:127,0
DA:130,2
DA:135,2
DA:136,0
DA:142,2
DA:146,2
DA:154,0
DA:159,1
DA:160,1
DA:161,1
DA:164,1
DA:165,0
DA:169,1
DA:174,0
DA:181,1
DA:182,0
DA:186,0
DA:190,0
LF:64
LH:51
BRDA:14,0,0,1
BRDA:14,0,1,2
BRDA:24,1,0,2
BRDA:24,1,1,0
BRDA:39,2,0,1
BRDA:39,2,1,0
BRDA:56,3,0,0
BRDA:56,3,1,0
BRDA:67,4,0,0
BRDA:67,4,1,1
BRDA:74,5,0,1
BRDA:74,5,1,0
BRDA:86,6,0,0
BRDA:86,6,1,1
BRDA:88,7,0,1
BRDA:88,7,1,0
BRDA:94,8,0,0
BRDA:94,8,1,1
BRDA:126,9,0,0
BRDA:126,9,1,2
BRDA:135,10,0,0
BRDA:135,10,1,2
BRDA:164,11,0,0
BRDA:164,11,1,1
BRDA:175,12,0,0
BRDA:175,12,1,0
BRDA:191,13,0,0
BRDA:191,13,1,0
BRF:28
BRH:12
end_of_record
TN:
SF:controllers\usuario.js
FN:10,(anonymous_0)
FN:39,(anonymous_1)
FN:40,(anonymous_2)
FN:45,(anonymous_3)
FN:54,(anonymous_4)
FN:56,(anonymous_5)
FN:60,(anonymous_6)
FN:62,(anonymous_7)
FN:70,(anonymous_8)
FN:72,(anonymous_9)
FN:78,(anonymous_10)
FN:84,(anonymous_11)
FN:86,(anonymous_12)
FN:90,(anonymous_13)
FN:92,(anonymous_14)
FN:101,(anonymous_15)
FN:103,(anonymous_16)
FN:113,(anonymous_17)
FN:115,(anonymous_18)
FN:124,(anonymous_19)
FN:125,(anonymous_20)
FN:127,(anonymous_21)
FN:136,(anonymous_22)
FN:137,(anonymous_23)
FN:139,(anonymous_24)
FN:149,(anonymous_25)
FN:173,(anonymous_26)
FN:180,(anonymous_27)
FN:192,(anonymous_28)
FN:200,(anonymous_29)
FN:207,(anonymous_30)
FN:217,(anonymous_31)
FN:224,(anonymous_32)
FN:232,(anonymous_33)
FN:240,(anonymous_34)
FNF:35
FNH:22
FNDA:3,(anonymous_0)
FNDA:1,(anonymous_1)
FNDA:2,(anonymous_2)
FNDA:1,(anonymous_3)
FNDA:1,(anonymous_4)
FNDA:1,(anonymous_5)
FNDA:1,(anonymous_6)
FNDA:0,(anonymous_7)
FNDA:2,(anonymous_8)
FNDA:2,(anonymous_9)
FNDA:0,(anonymous_10)
FNDA:2,(anonymous_11)
FNDA:2,(anonymous_12)
FNDA:1,(anonymous_13)
FNDA:0,(anonymous_14)
FNDA:2,(anonymous_15)
FNDA:2,(anonymous_16)
FNDA:1,(anonymous_17)
FNDA:0,(anonymous_18)
FNDA:1,(anonymous_19)
FNDA:1,(anonymous_20)
FNDA:0,(anonymous_21)
FNDA:0,(anonymous_22)
FNDA:0,(anonymous_23)
FNDA:0,(anonymous_24)
FNDA:1,(anonymous_25)
FNDA:1,(anonymous_26)
FNDA:1,(anonymous_27)
FNDA:0,(anonymous_28)
FNDA:0,(anonymous_29)
FNDA:0,(anonymous_30)
FNDA:0,(anonymous_31)
FNDA:2,(anonymous_32)
FNDA:2,(anonymous_33)
FNDA:0,(anonymous_34)
DA:1,1
DA:2,1
DA:3,1
DA:4,1
DA:5,1
DA:6,1
DA:7,1
DA:10,1
DA:12,3
DA:13,1
DA:16,1
DA:20,2
DA:38,2
DA:40,1
DA:41,2
DA:43,1
DA:46,1
DA:54,1
DA:55,1
DA:56,1
DA:57,1
DA:58,0
DA:60,1
DA:61,1
DA:63,0
DA:70,1
DA:71,2
DA:72,2
DA:73,2
DA:74,1
DA:76,1
DA:79,0
DA:84,1
DA:85,2
DA:86,2
DA:87,2
DA:88,1
DA:90,1
DA:91,1
DA:93,0
DA:101,1
DA:102,2
DA:103,2
DA:104,2
DA:105,1
DA:107,1
DA:114,1
DA:116,0
DA:124,1
DA:125,1
DA:126,1
DA:128,0
DA:136,1
DA:137,0
DA:138,0
DA:140,0
DA:149,1
DA:150,1
DA:152,1
DA:170,1
DA:174,1
DA:175,1
DA:180,1
DA:181,1
DA:183,1
DA:187,0
DA:193,0
DA:200,1
DA:201,0
DA:203,0
DA:208,0
DA:209,0
DA:213,0
DA:218,0
DA:224,1
DA:225,2
DA:226,2
DA:233,2
DA:234,1
DA:237,1
DA:241,0
LF:81
LH:63
BRDA:12,0,0,1
BRDA:12,0,1,2
BRDA:28,1,0,2
BRDA:28,1,1,0
BRDA:31,2,0,2
BRDA:31,2,1,0
BRDA:48,3,0,1
BRDA:48,3,1,0
BRDA:57,4,0,0
BRDA:57,4,1,1
BRDA:73,5,0,1
BRDA:73,5,1,1
BRDA:87,6,0,1
BRDA:87,6,1,1
BRDA:104,7,0,1
BRDA:104,7,1,1
BRDA:130,8,0,0
BRDA:130,8,1,0
BRDA:142,9,0,0
BRDA:142,9,1,0
BRDA:160,10,0,1
BRDA:160,10,1,0
BRDA:163,11,0,1
BRDA:163,11,1,0
BRDA:174,12,0,1
BRDA:174,12,1,0
BRDA:208,13,0,0
BRDA:208,13,1,0
BRDA:219,14,0,0
BRDA:219,14,1,0
BRDA:233,15,0,1
BRDA:233,15,1,1
BRF:32
BRH:17
end_of_record
TN:
SF:models\caso.js
FN:5,(anonymous_0)
FN:12,(anonymous_1)
FNF:2
FNH:1
FNDA:1,(anonymous_0)
FNDA:0,(anonymous_1)
DA:4,1
DA:5,1
DA:16,1
DA:23,1
LF:4
LH:4
BRF:0
BRH:0
end_of_record
TN:
SF:models\cita.js
FN:5,(anonymous_0)
FN:12,(anonymous_1)
FNF:2
FNH:1
FNDA:1,(anonymous_0)
FNDA:0,(anonymous_1)
DA:4,1
DA:5,1
DA:16,1
DA:26,1
LF:4
LH:4
BRF:0
BRH:0
end_of_record
TN:
SF:models\cita_usuario_trabajador.js
FN:5,(anonymous_0)
FN:12,(anonymous_1)
FNF:2
FNH:1
FNDA:1,(anonymous_0)
FNDA:0,(anonymous_1)
DA:4,1
DA:5,1
DA:16,1
DA:22,1
LF:4
LH:4
BRF:0
BRH:0
end_of_record
TN:
SF:models\discriminacion.js
FN:5,(anonymous_0)
FN:12,(anonymous_1)
FNF:2
FNH:1
FNDA:1,(anonymous_0)
FNDA:0,(anonymous_1)
DA:4,1
DA:5,1
DA:16,1
DA:117,1
LF:4
LH:4
BRF:0
BRH:0
end_of_record
TN:
SF:models\documento.js
FN:5,(anonymous_0)
FN:12,(anonymous_1)
FNF:2
FNH:1
FNDA:1,(anonymous_0)
FNDA:0,(anonymous_1)
DA:4,1
DA:5,1
DA:16,1
DA:24,1
LF:4
LH:4
BRF:0
BRH:0
end_of_record
TN:
SF:models\externa.js
FN:5,(anonymous_0)
FN:12,(anonymous_1)
FNF:2
FNH:1
FNDA:1,(anonymous_0)
FNDA:0,(anonymous_1)
DA:4,1
DA:5,1
DA:16,1
DA:22,1
LF:4
LH:4
BRF:0
BRH:0
end_of_record
TN:
SF:models\extranjeria.js
FN:5,(anonymous_0)
FN:12,(anonymous_1)
FNF:2
FNH:1
FNDA:1,(anonymous_0)
FNDA:0,(anonymous_1)
DA:4,1
DA:5,1
DA:16,1
DA:22,1
LF:4
LH:4
BRF:0
BRH:0
end_of_record
TN:
SF:models\index.js
FNF:0
FNH:0
DA:1,1
DA:2,1
DA:3,1
DA:15,1
DA:16,1
DA:17,1
DA:24,1
DA:25,1
DA:26,1
DA:27,1
DA:28,1
DA:29,1
DA:30,1
DA:31,1
DA:32,1
DA:33,1
DA:34,1
DA:35,1
DA:36,1
DA:37,1
DA:38,1
DA:39,1
DA:41,1
DA:42,1
DA:43,1
DA:45,1
DA:46,1
DA:47,1
DA:49,1
DA:50,1
DA:51,1
DA:52,1
DA:53,1
DA:54,1
DA:55,1
DA:56,1
DA:57,1
DA:59,1
DA:60,1
DA:62,1
DA:63,1
LF:41
LH:41
BRF:0
BRH:0
end_of_record
TN:
SF:models\interna.js
FN:5,(anonymous_0)
FN:12,(anonymous_1)
FNF:2
FNH:1
FNDA:1,(anonymous_0)
FNDA:0,(anonymous_1)
DA:4,1
DA:5,1
DA:16,1
DA:24,1
LF:4
LH:4
BRF:0
BRH:0
end_of_record
TN:
SF:models\intervencion.js
FN:5,(anonymous_0)
FN:12,(anonymous_1)
FNF:2
FNH:1
FNDA:1,(anonymous_0)
FNDA:0,(anonymous_1)
DA:4,1
DA:5,1
DA:16,1
DA:24,1
LF:4
LH:4
BRF:0
BRH:0
end_of_record
TN:
SF:models\nacionalidad.js
FN:5,(anonymous_0)
FN:12,(anonymous_1)
FNF:2
FNH:1
FNDA:1,(anonymous_0)
FNDA:0,(anonymous_1)
DA:4,1
DA:5,1
DA:16,1
DA:23,1
DA:24,1
LF:5
LH:5
BRF:0
BRH:0
end_of_record
TN:
SF:models\necesidadextranjeria.js
FN:5,(anonymous_0)
FN:12,(anonymous_1)
FNF:2
FNH:1
FNDA:1,(anonymous_0)
FNDA:0,(anonymous_1)
DA:4,1
DA:5,1
DA:16,1
DA:23,1
LF:4
LH:4
BRF:0
BRH:0
end_of_record
TN:
SF:models\proyectoextranjeria.js
FN:5,(anonymous_0)
FN:12,(anonymous_1)
FNF:2
FNH:1
FNDA:1,(anonymous_0)
FNDA:0,(anonymous_1)
DA:4,1
DA:5,1
DA:16,1
DA:23,1
LF:4
LH:4
BRF:0
BRH:0
end_of_record
TN:
SF:models\sede.js
FN:5,(anonymous_0)
FN:12,(anonymous_1)
FNF:2
FNH:1
FNDA:1,(anonymous_0)
FNDA:0,(anonymous_1)
DA:4,1
DA:5,1
DA:16,1
DA:35,1
LF:4
LH:4
BRF:0
BRH:0
end_of_record
TN:
SF:models\trabajador.js
FN:7,(anonymous_0)
FN:14,(anonymous_1)
FNF:2
FNH:1
FNDA:1,(anonymous_0)
FNDA:0,(anonymous_1)
DA:4,1
DA:7,1
DA:18,1
DA:47,1
LF:4
LH:4
BRF:0
BRH:0
end_of_record
TN:
SF:models\trabajadorahogar.js
FN:5,(anonymous_0)
FN:12,(anonymous_1)
FNF:2
FNH:1
FNDA:1,(anonymous_0)
FNDA:0,(anonymous_1)
DA:4,1
DA:5,1
DA:16,1
DA:49,1
LF:4
LH:4
BRF:0
BRH:0
end_of_record
TN:
SF:models\usuario.js
FN:5,(anonymous_0)
FN:12,(anonymous_1)
FNF:2
FNH:1
FNDA:1,(anonymous_0)
FNDA:0,(anonymous_1)
DA:4,1
DA:5,1
DA:16,1
DA:67,1
LF:4
LH:4
BRF:0
BRH:0
end_of_record
TN:
SF:routes\index.js
FN:13,(anonymous_0)
FN:19,(anonymous_1)
FNF:2
FNH:0
FNDA:0,(anonymous_0)
FNDA:0,(anonymous_1)
DA:2,1
DA:3,1
DA:4,1
DA:5,1
DA:6,1
DA:7,1
DA:8,1
DA:9,1
DA:10,1
DA:11,1
DA:13,1
DA:14,0
DA:16,0
DA:17,0
DA:19,0
DA:20,0
DA:21,0
DA:23,0
DA:29,1
DA:31,1
DA:33,1
DA:35,1
DA:37,1
DA:39,1
DA:41,1
DA:43,1
DA:46,1
DA:48,1
DA:51,1
DA:53,1
DA:55,1
DA:57,1
DA:59,1
DA:61,1
DA:63,1
DA:65,1
DA:67,1
DA:69,1
DA:72,1
DA:74,1
DA:76,1
DA:79,1
DA:81,1
DA:83,1
DA:85,1
DA:87,1
DA:89,1
DA:91,1
DA:93,1
DA:95,1
DA:97,1
DA:99,1
DA:101,1
DA:103,1
DA:105,1
DA:107,1
DA:109,1
DA:111,1
DA:113,1
DA:116,1
DA:118,1
DA:120,1
DA:122,1
DA:124,1
LF:64
LH:57
BRDA:16,0,0,0
BRDA:16,0,1,0
BRDA:20,1,0,0
BRDA:20,1,1,0
BRF:4
BRH:0
end_of_record
