TN:
SF:server.js
FN:17,(anonymous_0)
FN:27,(anonymous_1)
FNF:2
FNH:0
FNDA:0,(anonymous_0)
FNDA:0,(anonymous_1)
DA:1,1
DA:2,1
DA:3,1
DA:4,1
DA:6,1
DA:10,1
DA:11,1
DA:13,1
DA:15,1
DA:16,1
DA:17,1
DA:18,0
DA:19,0
DA:20,0
DA:21,0
DA:22,0
DA:27,1
DA:28,0
DA:32,1
DA:34,1
DA:42,1
LF:21
LH:15
BRDA:32,0,0,1
BRDA:32,0,1,1
BRF:2
BRH:2
end_of_record
TN:
SF:config\auth.config.js
FNF:0
FNH:0
DA:1,1
LF:1
LH:1
BRF:0
BRH:0
end_of_record
TN:
SF:config\db.config.js
FNF:0
FNH:0
DA:1,1
LF:1
LH:1
BRF:0
BRH:0
end_of_record
TN:
SF:controllers\caso.js
FN:16,(anonymous_0)
FN:33,(anonymous_1)
FN:56,(anonymous_2)
FN:58,(anonymous_3)
FN:65,(anonymous_4)
FN:75,(anonymous_5)
FN:109,(anonymous_6)
FN:120,(anonymous_7)
FN:129,(anonymous_8)
FN:146,(anonymous_9)
FN:178,(anonymous_10)
FN:185,(anonymous_11)
FN:187,(anonymous_12)
FN:197,(anonymous_13)
FN:199,(anonymous_14)
FN:206,(anonymous_15)
FN:213,(anonymous_16)
FN:223,(anonymous_17)
FN:258,(anonymous_18)
FN:269,(anonymous_19)
FN:278,(anonymous_20)
FN:294,(anonymous_21)
FN:299,(anonymous_22)
FN:300,(anonymous_23)
FN:307,(anonymous_24)
FN:317,(anonymous_25)
FN:326,(anonymous_26)
FN:334,(anonymous_27)
FN:339,(anonymous_28)
FN:348,(anonymous_29)
FN:357,(anonymous_30)
FN:368,(anonymous_31)
FN:377,(anonymous_32)
FN:379,(anonymous_33)
FN:388,(anonymous_34)
FN:390,(anonymous_35)
FN:400,(anonymous_36)
FN:406,(anonymous_37)
FN:408,(anonymous_38)
FN:414,(anonymous_39)
FN:420,(anonymous_40)
FN:422,(anonymous_41)
FN:427,(anonymous_42)
FN:429,(anonymous_43)
FN:431,(anonymous_44)
FN:439,(anonymous_45)
FN:441,(anonymous_46)
FN:443,(anonymous_47)
FN:452,(anonymous_48)
FN:459,(anonymous_49)
FN:461,(anonymous_50)
FN:467,(anonymous_51)
FN:474,(anonymous_52)
FN:476,(anonymous_53)
FN:482,(anonymous_54)
FN:484,(anonymous_55)
FN:486,(anonymous_56)
FN:495,(anonymous_57)
FN:500,(anonymous_58)
FN:502,(anonymous_59)
FN:508,(anonymous_60)
FN:510,(anonymous_61)
FN:514,(anonymous_62)
FN:516,(anonymous_63)
FN:524,(anonymous_64)
FN:525,(anonymous_65)
FN:527,(anonymous_66)
FN:534,(anonymous_67)
FN:540,(anonymous_68)
FN:550,(anonymous_69)
FN:557,(anonymous_70)
FN:560,(anonymous_71)
FN:562,(anonymous_72)
FNF:73
FNH:38
FNDA:1,(anonymous_0)
FNDA:1,(anonymous_1)
FNDA:1,(anonymous_2)
FNDA:0,(anonymous_3)
FNDA:0,(anonymous_4)
FNDA:1,(anonymous_5)
FNDA:1,(anonymous_6)
FNDA:0,(anonymous_7)
FNDA:1,(anonymous_8)
FNDA:1,(anonymous_9)
FNDA:1,(anonymous_10)
FNDA:0,(anonymous_11)
FNDA:0,(anonymous_12)
FNDA:1,(anonymous_13)
FNDA:0,(anonymous_14)
FNDA:0,(anonymous_15)
FNDA:0,(anonymous_16)
FNDA:1,(anonymous_17)
FNDA:1,(anonymous_18)
FNDA:0,(anonymous_19)
FNDA:1,(anonymous_20)
FNDA:1,(anonymous_21)
FNDA:1,(anonymous_22)
FNDA:2,(anonymous_23)
FNDA:2,(anonymous_24)
FNDA:0,(anonymous_25)
FNDA:1,(anonymous_26)
FNDA:1,(anonymous_27)
FNDA:0,(anonymous_28)
FNDA:0,(anonymous_29)
FNDA:0,(anonymous_30)
FNDA:0,(anonymous_31)
FNDA:1,(anonymous_32)
FNDA:1,(anonymous_33)
FNDA:0,(anonymous_34)
FNDA:0,(anonymous_35)
FNDA:1,(anonymous_36)
FNDA:1,(anonymous_37)
FNDA:0,(anonymous_38)
FNDA:1,(anonymous_39)
FNDA:1,(anonymous_40)
FNDA:0,(anonymous_41)
FNDA:1,(anonymous_42)
FNDA:1,(anonymous_43)
FNDA:0,(anonymous_44)
FNDA:1,(anonymous_45)
FNDA:1,(anonymous_46)
FNDA:0,(anonymous_47)
FNDA:1,(anonymous_48)
FNDA:1,(anonymous_49)
FNDA:0,(anonymous_50)
FNDA:1,(anonymous_51)
FNDA:1,(anonymous_52)
FNDA:0,(anonymous_53)
FNDA:1,(anonymous_54)
FNDA:1,(anonymous_55)
FNDA:0,(anonymous_56)
FNDA:3,(anonymous_57)
FNDA:3,(anonymous_58)
FNDA:0,(anonymous_59)
FNDA:1,(anonymous_60)
FNDA:1,(anonymous_61)
FNDA:0,(anonymous_62)
FNDA:0,(anonymous_63)
FNDA:0,(anonymous_64)
FNDA:0,(anonymous_65)
FNDA:0,(anonymous_66)
FNDA:0,(anonymous_67)
FNDA:0,(anonymous_68)
FNDA:0,(anonymous_69)
FNDA:0,(anonymous_70)
FNDA:0,(anonymous_71)
FNDA:0,(anonymous_72)
DA:1,1
DA:2,1
DA:3,1
DA:4,1
DA:5,1
DA:6,1
DA:7,1
DA:8,1
DA:9,1
DA:10,1
DA:11,1
DA:12,1
DA:13,1
DA:16,1
DA:18,1
DA:19,0
DA:22,0
DA:25,1
DA:32,1
DA:34,1
DA:56,1
DA:57,1
DA:59,0
DA:66,0
DA:75,1
DA:77,1
DA:78,0
DA:81,0
DA:84,1
DA:85,1
DA:107,1
DA:110,1
DA:111,1
DA:115,0
DA:121,0
DA:129,1
DA:131,1
DA:132,0
DA:135,0
DA:138,1
DA:145,1
DA:147,1
DA:148,1
DA:178,1
DA:179,1
DA:180,0
DA:185,0
DA:186,0
DA:188,0
DA:194,1
DA:197,1
DA:198,1
DA:200,0
DA:207,0
DA:214,0
DA:223,1
DA:224,1
DA:226,1
DA:256,1
DA:259,1
DA:260,1
DA:261,1
DA:265,0
DA:270,0
DA:278,1
DA:280,1
DA:281,0
DA:284,0
DA:286,1
DA:293,1
DA:295,1
DA:296,1
DA:299,1
DA:300,1
DA:301,2
DA:307,1
DA:308,2
DA:316,1
DA:318,0
DA:326,1
DA:327,1
DA:329,1
DA:332,1
DA:335,1
DA:336,0
DA:339,0
DA:340,0
DA:345,0
DA:348,0
DA:349,0
DA:354,0
DA:358,0
DA:363,1
DA:369,0
DA:377,1
DA:378,1
DA:379,1
DA:380,1
DA:381,1
DA:383,0
DA:389,0
DA:391,0
DA:400,1
DA:401,1
DA:402,1
DA:407,1
DA:409,0
DA:414,1
DA:415,1
DA:416,1
DA:421,1
DA:423,0
DA:427,1
DA:428,1
DA:429,1
DA:430,1
DA:432,0
DA:439,1
DA:440,1
DA:441,1
DA:442,1
DA:444,0
DA:452,1
DA:453,1
DA:454,1
DA:460,1
DA:462,0
DA:467,1
DA:468,1
DA:469,1
DA:475,1
DA:477,0
DA:482,1
DA:483,1
DA:484,1
DA:485,1
DA:487,0
DA:495,1
DA:496,3
DA:497,3
DA:501,3
DA:503,0
DA:508,1
DA:509,1
DA:510,1
DA:511,1
DA:512,1
DA:514,0
DA:515,0
DA:517,0
DA:524,1
DA:525,0
DA:526,0
DA:528,0
DA:534,1
DA:535,0
DA:536,0
DA:541,0
DA:542,0
DA:546,0
DA:551,0
DA:557,1
DA:558,0
DA:559,0
DA:560,0
DA:561,0
DA:563,0
LF:167
LH:108
BRDA:18,0,0,0
BRDA:18,0,1,1
BRDA:42,1,0,0
BRDA:42,1,1,1
BRDA:61,2,0,0
BRDA:61,2,1,0
BRDA:68,3,0,0
BRDA:68,3,1,0
BRDA:77,4,0,0
BRDA:77,4,1,1
BRDA:92,5,0,0
BRDA:92,5,1,1
BRDA:110,6,0,1
BRDA:110,6,1,0
BRDA:131,7,0,0
BRDA:131,7,1,1
BRDA:152,8,0,0
BRDA:152,8,1,1
BRDA:159,9,0,0
BRDA:159,9,1,1
BRDA:167,10,0,0
BRDA:167,10,1,1
BRDA:168,11,0,0
BRDA:168,11,1,1
BRDA:169,12,0,0
BRDA:169,12,1,1
BRDA:176,13,0,0
BRDA:176,13,1,1
BRDA:179,14,0,0
BRDA:179,14,1,1
BRDA:190,15,0,0
BRDA:190,15,1,0
BRDA:202,16,0,0
BRDA:202,16,1,0
BRDA:209,17,0,0
BRDA:209,17,1,0
BRDA:216,18,0,0
BRDA:216,18,1,0
BRDA:229,19,0,0
BRDA:229,19,1,1
BRDA:236,20,0,0
BRDA:236,20,1,1
BRDA:244,21,0,0
BRDA:244,21,1,1
BRDA:245,22,0,0
BRDA:245,22,1,1
BRDA:246,23,0,0
BRDA:246,23,1,1
BRDA:253,24,0,0
BRDA:253,24,1,1
BRDA:260,25,0,1
BRDA:260,25,1,0
BRDA:280,26,0,0
BRDA:280,26,1,1
BRDA:320,27,0,0
BRDA:320,27,1,0
BRDA:335,28,0,0
BRDA:335,28,1,1
BRDA:380,29,0,1
BRDA:380,29,1,0
BRDA:434,30,0,0
BRDA:434,30,1,0
BRDA:446,31,0,0
BRDA:446,31,1,0
BRDA:489,32,0,0
BRDA:489,32,1,0
BRDA:511,33,0,1
BRDA:511,33,1,0
BRDA:541,34,0,0
BRDA:541,34,1,0
BRDA:552,35,0,0
BRDA:552,35,1,0
BRDA:565,36,0,0
BRDA:565,36,1,0
BRF:74
BRH:24
end_of_record
TN:
SF:controllers\cita.js
FN:9,(anonymous_0)
FN:27,(anonymous_1)
FN:34,(anonymous_2)
FN:37,(anonymous_3)
FN:44,(anonymous_4)
FN:54,(anonymous_5)
FN:55,(anonymous_6)
FN:57,(anonymous_7)
FN:66,(anonymous_8)
FN:72,(anonymous_9)
FN:82,(anonymous_10)
FNF:11
FNH:8
FNDA:4,(anonymous_0)
FNDA:3,(anonymous_1)
FNDA:2,(anonymous_2)
FNDA:1,(anonymous_3)
FNDA:0,(anonymous_4)
FNDA:1,(anonymous_5)
FNDA:1,(anonymous_6)
FNDA:0,(anonymous_7)
FNDA:2,(anonymous_8)
FNDA:2,(anonymous_9)
FNDA:0,(anonymous_10)
DA:1,1
DA:2,1
DA:3,1
DA:4,1
DA:5,1
DA:6,1
DA:9,1
DA:11,4
DA:12,1
DA:15,1
DA:18,3
DA:26,3
DA:28,3
DA:33,3
DA:35,2
DA:38,1
DA:45,0
DA:54,1
DA:55,1
DA:56,1
DA:58,0
DA:66,1
DA:67,2
DA:68,2
DA:73,2
DA:74,1
DA:78,1
DA:83,0
LF:28
LH:25
BRDA:11,0,0,1
BRDA:11,0,1,3
BRDA:31,1,0,1
BRDA:31,1,1,2
BRDA:40,2,0,1
BRDA:40,2,1,0
BRDA:47,3,0,0
BRDA:47,3,1,0
BRDA:60,4,0,0
BRDA:60,4,1,0
BRDA:73,5,0,1
BRDA:73,5,1,1
BRDA:84,6,0,0
BRDA:84,6,1,0
BRF:14
BRH:7
end_of_record
TN:
SF:controllers\intervencion.js
FN:11,(anonymous_0)
FN:22,(anonymous_1)
FN:24,(anonymous_2)
FN:35,(anonymous_3)
FN:37,(anonymous_4)
FN:44,(anonymous_5)
FN:51,(anonymous_6)
FN:63,(anonymous_7)
FN:66,(anonymous_8)
FN:77,(anonymous_9)
FN:79,(anonymous_10)
FN:86,(anonymous_11)
FN:93,(anonymous_12)
FN:105,(anonymous_13)
FN:113,(anonymous_14)
FN:115,(anonymous_15)
FN:125,(anonymous_16)
FN:127,(anonymous_17)
FN:129,(anonymous_18)
FN:138,(anonymous_19)
FN:140,(anonymous_20)
FN:142,(anonymous_21)
FN:151,(anonymous_22)
FN:157,(anonymous_23)
FN:161,(anonymous_24)
FN:180,(anonymous_25)
FNF:26
FNH:7
FNDA:0,(anonymous_0)
FNDA:2,(anonymous_1)
FNDA:2,(anonymous_2)
FNDA:2,(anonymous_3)
FNDA:0,(anonymous_4)
FNDA:0,(anonymous_5)
FNDA:0,(anonymous_6)
FNDA:0,(anonymous_7)
FNDA:0,(anonymous_8)
FNDA:0,(anonymous_9)
FNDA:0,(anonymous_10)
FNDA:0,(anonymous_11)
FNDA:0,(anonymous_12)
FNDA:0,(anonymous_13)
FNDA:0,(anonymous_14)
FNDA:0,(anonymous_15)
FNDA:1,(anonymous_16)
FNDA:1,(anonymous_17)
FNDA:0,(anonymous_18)
FNDA:0,(anonymous_19)
FNDA:0,(anonymous_20)
FNDA:0,(anonymous_21)
FNDA:1,(anonymous_22)
FNDA:1,(anonymous_23)
FNDA:0,(anonymous_24)
FNDA:0,(anonymous_25)
DA:1,1
DA:2,1
DA:3,1
DA:4,1
DA:5,1
DA:6,1
DA:8,1
DA:9,1
DA:12,0
DA:16,1
DA:22,1
DA:24,2
DA:25,2
DA:26,0
DA:28,2
DA:33,2
DA:34,2
DA:36,2
DA:37,0
DA:38,0
DA:44,0
DA:49,2
DA:52,0
DA:63,1
DA:65,0
DA:66,0
DA:67,0
DA:68,0
DA:70,0
DA:74,0
DA:78,0
DA:79,0
DA:80,0
DA:86,0
DA:91,0
DA:94,0
DA:105,1
DA:106,0
DA:107,0
DA:108,0
DA:114,0
DA:116,0
DA:120,0
DA:125,1
DA:126,1
DA:127,1
DA:128,1
DA:130,0
DA:138,1
DA:139,0
DA:140,0
DA:141,0
DA:143,0
DA:151,1
DA:152,1
DA:153,1
DA:158,1
DA:159,1
DA:162,0
DA:163,0
DA:167,0
DA:172,1
DA:176,0
DA:181,0
LF:64
LH:30
BRDA:25,0,0,0
BRDA:25,0,1,2
BRDA:36,1,0,0
BRDA:36,1,1,2
BRDA:54,2,0,0
BRDA:54,2,1,0
BRDA:67,3,0,0
BRDA:67,3,1,0
BRDA:78,4,0,0
BRDA:78,4,1,0
BRDA:96,5,0,0
BRDA:96,5,1,0
BRDA:132,6,0,0
BRDA:132,6,1,0
BRDA:145,7,0,0
BRDA:145,7,1,0
BRDA:158,8,0,1
BRDA:158,8,1,0
BRDA:162,9,0,0
BRDA:162,9,1,0
BRDA:182,10,0,0
BRDA:182,10,1,0
BRF:22
BRH:3
end_of_record
TN:
SF:controllers\sede.js
FN:7,(anonymous_0)
FN:24,(anonymous_1)
FN:27,(anonymous_2)
FN:35,(anonymous_3)
FN:47,(anonymous_4)
FN:55,(anonymous_5)
FN:63,(anonymous_6)
FN:65,(anonymous_7)
FN:67,(anonymous_8)
FN:75,(anonymous_9)
FN:78,(anonymous_10)
FN:85,(anonymous_11)
FN:93,(anonymous_12)
FN:99,(anonymous_13)
FN:106,(anonymous_14)
FNF:15
FNH:0
FNDA:0,(anonymous_0)
FNDA:0,(anonymous_1)
FNDA:0,(anonymous_2)
FNDA:0,(anonymous_3)
FNDA:0,(anonymous_4)
FNDA:0,(anonymous_5)
FNDA:0,(anonymous_6)
FNDA:0,(anonymous_7)
FNDA:0,(anonymous_8)
FNDA:0,(anonymous_9)
FNDA:0,(anonymous_10)
FNDA:0,(anonymous_11)
FNDA:0,(anonymous_12)
FNDA:0,(anonymous_13)
FNDA:0,(anonymous_14)
DA:1,1
DA:2,1
DA:3,1
DA:4,1
DA:7,1
DA:9,0
DA:10,0
DA:13,0
DA:17,0
DA:23,0
DA:25,0
DA:28,0
DA:35,1
DA:36,0
DA:38,0
DA:44,0
DA:48,0
DA:49,0
DA:51,0
DA:56,0
DA:63,1
DA:64,0
DA:66,0
DA:68,0
DA:75,1
DA:76,0
DA:77,0
DA:79,0
DA:80,0
DA:84,0
DA:86,0
DA:93,1
DA:94,0
DA:95,0
DA:100,0
DA:101,0
DA:105,0
DA:107,0
LF:38
LH:9
BRDA:9,0,0,0
BRDA:9,0,1,0
BRDA:30,1,0,0
BRDA:30,1,1,0
BRDA:48,2,0,0
BRDA:48,2,1,0
BRDA:52,3,0,0
BRDA:52,3,1,0
BRDA:57,4,0,0
BRDA:57,4,1,0
BRDA:69,5,0,0
BRDA:69,5,1,0
BRDA:79,6,0,0
BRDA:79,6,1,0
BRDA:81,7,0,0
BRDA:81,7,1,0
BRDA:87,8,0,0
BRDA:87,8,1,0
BRDA:100,9,0,0
BRDA:100,9,1,0
BRDA:102,10,0,0
BRDA:102,10,1,0
BRDA:108,11,0,0
BRDA:108,11,1,0
BRF:24
BRH:0
end_of_record
TN:
SF:controllers\trabajador.js
FN:13,(anonymous_0)
FN:30,(anonymous_1)
FN:33,(anonymous_2)
FN:34,(anonymous_3)
FN:42,(anonymous_4)
FN:54,(anonymous_5)
FN:71,(anonymous_6)
FN:78,(anonymous_7)
FN:91,(anonymous_8)
FN:100,(anonymous_9)
FN:102,(anonymous_10)
FN:105,(anonymous_11)
FN:114,(anonymous_12)
FN:116,(anonymous_13)
FN:122,(anonymous_14)
FN:129,(anonymous_15)
FN:134,(anonymous_16)
FN:152,(anonymous_17)
FN:157,(anonymous_18)
FN:167,(anonymous_19)
FN:172,(anonymous_20)
FN:194,(anonymous_21)
FN:200,(anonymous_22)
FN:204,(anonymous_23)
FN:214,(anonymous_24)
FNF:25
FNH:2
FNDA:0,(anonymous_0)
FNDA:0,(anonymous_1)
FNDA:0,(anonymous_2)
FNDA:0,(anonymous_3)
FNDA:0,(anonymous_4)
FNDA:0,(anonymous_5)
FNDA:0,(anonymous_6)
FNDA:0,(anonymous_7)
FNDA:0,(anonymous_8)
FNDA:0,(anonymous_9)
FNDA:0,(anonymous_10)
FNDA:0,(anonymous_11)
FNDA:0,(anonymous_12)
FNDA:0,(anonymous_13)
FNDA:0,(anonymous_14)
FNDA:0,(anonymous_15)
FNDA:0,(anonymous_16)
FNDA:0,(anonymous_17)
FNDA:0,(anonymous_18)
FNDA:2,(anonymous_19)
FNDA:2,(anonymous_20)
FNDA:0,(anonymous_21)
FNDA:0,(anonymous_22)
FNDA:0,(anonymous_23)
FNDA:0,(anonymous_24)
DA:1,1
DA:2,1
DA:3,1
DA:4,1
DA:5,1
DA:6,1
DA:7,1
DA:8,1
DA:9,1
DA:10,1
DA:13,1
DA:15,0
DA:16,0
DA:19,0
DA:22,0
DA:29,0
DA:31,0
DA:32,0
DA:34,0
DA:35,0
DA:40,0
DA:43,0
DA:44,0
DA:54,1
DA:55,0
DA:56,0
DA:59,0
DA:62,0
DA:69,0
DA:72,0
DA:73,0
DA:78,0
DA:79,0
DA:84,0
DA:86,0
DA:92,0
DA:100,1
DA:101,0
DA:103,0
DA:104,0
DA:106,0
DA:114,1
DA:115,0
DA:116,0
DA:117,0
DA:118,0
DA:120,0
DA:123,0
DA:129,1
DA:130,0
DA:135,0
DA:136,0
DA:137,0
DA:138,0
DA:143,0
DA:144,0
DA:150,0
DA:153,0
DA:158,0
DA:167,1
DA:168,2
DA:173,2
DA:174,0
DA:177,2
DA:182,2
DA:183,0
DA:189,2
DA:193,2
DA:195,0
DA:200,1
DA:201,0
DA:202,0
DA:205,0
DA:206,0
DA:210,0
DA:215,0
LF:76
LH:23
BRDA:15,0,0,0
BRDA:15,0,1,0
BRDA:25,1,0,0
BRDA:25,1,1,0
BRDA:46,2,0,0
BRDA:46,2,1,0
BRDA:55,3,0,0
BRDA:55,3,1,0
BRDA:65,4,0,0
BRDA:65,4,1,0
BRDA:72,5,0,0
BRDA:72,5,1,0
BRDA:94,6,0,0
BRDA:94,6,1,0
BRDA:107,7,0,0
BRDA:107,7,1,0
BRDA:117,8,0,0
BRDA:117,8,1,0
BRDA:124,9,0,0
BRDA:124,9,1,0
BRDA:135,10,0,0
BRDA:135,10,1,0
BRDA:137,11,0,0
BRDA:137,11,1,0
BRDA:143,12,0,0
BRDA:143,12,1,0
BRDA:173,13,0,0
BRDA:173,13,1,2
BRDA:182,14,0,0
BRDA:182,14,1,2
BRDA:205,15,0,0
BRDA:205,15,1,0
BRDA:216,16,0,0
BRDA:216,16,1,0
BRF:34
BRH:2
end_of_record
TN:
SF:controllers\usuario.js
FN:9,(anonymous_0)
FN:38,(anonymous_1)
FN:39,(anonymous_2)
FN:44,(anonymous_3)
FN:53,(anonymous_4)
FN:55,(anonymous_5)
FN:59,(anonymous_6)
FN:61,(anonymous_7)
FN:69,(anonymous_8)
FN:71,(anonymous_9)
FN:75,(anonymous_10)
FN:77,(anonymous_11)
FN:84,(anonymous_12)
FN:86,(anonymous_13)
FN:92,(anonymous_14)
FN:98,(anonymous_15)
FN:100,(anonymous_16)
FN:104,(anonymous_17)
FN:106,(anonymous_18)
FN:115,(anonymous_19)
FN:117,(anonymous_20)
FN:127,(anonymous_21)
FN:129,(anonymous_22)
FN:138,(anonymous_23)
FN:139,(anonymous_24)
FN:141,(anonymous_25)
FN:150,(anonymous_26)
FN:151,(anonymous_27)
FN:153,(anonymous_28)
FN:163,(anonymous_29)
FN:187,(anonymous_30)
FN:194,(anonymous_31)
FN:206,(anonymous_32)
FN:214,(anonymous_33)
FN:221,(anonymous_34)
FN:231,(anonymous_35)
FN:238,(anonymous_36)
FN:246,(anonymous_37)
FN:254,(anonymous_38)
FNF:39
FNH:23
FNDA:4,(anonymous_0)
FNDA:2,(anonymous_1)
FNDA:4,(anonymous_2)
FNDA:1,(anonymous_3)
FNDA:2,(anonymous_4)
FNDA:2,(anonymous_5)
FNDA:0,(anonymous_6)
FNDA:0,(anonymous_7)
FNDA:0,(anonymous_8)
FNDA:0,(anonymous_9)
FNDA:0,(anonymous_10)
FNDA:0,(anonymous_11)
FNDA:2,(anonymous_12)
FNDA:2,(anonymous_13)
FNDA:0,(anonymous_14)
FNDA:2,(anonymous_15)
FNDA:2,(anonymous_16)
FNDA:0,(anonymous_17)
FNDA:0,(anonymous_18)
FNDA:2,(anonymous_19)
FNDA:2,(anonymous_20)
FNDA:0,(anonymous_21)
FNDA:0,(anonymous_22)
FNDA:1,(anonymous_23)
FNDA:1,(anonymous_24)
FNDA:0,(anonymous_25)
FNDA:1,(anonymous_26)
FNDA:0,(anonymous_27)
FNDA:1,(anonymous_28)
FNDA:2,(anonymous_29)
FNDA:2,(anonymous_30)
FNDA:1,(anonymous_31)
FNDA:0,(anonymous_32)
FNDA:2,(anonymous_33)
FNDA:2,(anonymous_34)
FNDA:0,(anonymous_35)
FNDA:2,(anonymous_36)
FNDA:2,(anonymous_37)
FNDA:0,(anonymous_38)
DA:1,1
DA:2,1
DA:3,1
DA:4,1
DA:5,1
DA:6,1
DA:9,1
DA:11,4
DA:12,1
DA:15,1
DA:19,3
DA:37,3
DA:39,2
DA:40,4
DA:42,2
DA:45,1
DA:53,1
DA:54,2
DA:55,2
DA:56,2
DA:57,2
DA:59,0
DA:60,0
DA:62,0
DA:69,1
DA:70,0
DA:71,0
DA:72,0
DA:73,0
DA:75,0
DA:76,0
DA:78,0
DA:84,1
DA:85,2
DA:86,2
DA:87,2
DA:88,1
DA:90,1
DA:93,0
DA:98,1
DA:99,2
DA:100,2
DA:101,2
DA:102,2
DA:104,0
DA:105,0
DA:107,0
DA:115,1
DA:116,2
DA:117,2
DA:118,2
DA:119,2
DA:121,0
DA:128,0
DA:130,0
DA:138,1
DA:139,1
DA:140,1
DA:142,0
DA:150,1
DA:151,1
DA:152,0
DA:154,1
DA:163,1
DA:164,2
DA:166,2
DA:184,2
DA:188,2
DA:189,1
DA:194,1
DA:195,1
DA:197,1
DA:201,1
DA:207,0
DA:214,1
DA:215,2
DA:217,2
DA:222,2
DA:223,1
DA:227,1
DA:232,0
DA:238,1
DA:239,2
DA:240,2
DA:247,2
DA:248,1
DA:251,1
DA:255,0
LF:88
LH:66
BRDA:11,0,0,1
BRDA:11,0,1,3
BRDA:27,1,0,3
BRDA:27,1,1,0
BRDA:30,2,0,3
BRDA:30,2,1,0
BRDA:47,3,0,1
BRDA:47,3,1,0
BRDA:56,4,0,2
BRDA:56,4,1,0
BRDA:72,5,0,0
BRDA:72,5,1,0
BRDA:87,6,0,1
BRDA:87,6,1,1
BRDA:101,7,0,2
BRDA:101,7,1,0
BRDA:118,8,0,2
BRDA:118,8,1,0
BRDA:144,9,0,0
BRDA:144,9,1,0
BRDA:156,10,0,1
BRDA:156,10,1,0
BRDA:174,11,0,2
BRDA:174,11,1,0
BRDA:177,12,0,2
BRDA:177,12,1,0
BRDA:188,13,0,1
BRDA:188,13,1,1
BRDA:222,14,0,1
BRDA:222,14,1,1
BRDA:233,15,0,0
BRDA:233,15,1,0
BRDA:247,16,0,1
BRDA:247,16,1,1
BRF:34
BRH:19
end_of_record
TN:
SF:models\caso.js
FN:5,(anonymous_0)
FN:12,(anonymous_1)
FNF:2
FNH:1
FNDA:1,(anonymous_0)
FNDA:0,(anonymous_1)
DA:4,1
DA:5,1
DA:16,1
DA:23,1
LF:4
LH:4
BRF:0
BRH:0
end_of_record
TN:
SF:models\cita.js
FN:5,(anonymous_0)
FN:12,(anonymous_1)
FNF:2
FNH:1
FNDA:1,(anonymous_0)
FNDA:0,(anonymous_1)
DA:4,1
DA:5,1
DA:16,1
DA:26,1
LF:4
LH:4
BRF:0
BRH:0
end_of_record
TN:
SF:models\cita_usuario_trabajador.js
FN:5,(anonymous_0)
FN:12,(anonymous_1)
FNF:2
FNH:1
FNDA:1,(anonymous_0)
FNDA:0,(anonymous_1)
DA:4,1
DA:5,1
DA:16,1
DA:22,1
LF:4
LH:4
BRF:0
BRH:0
end_of_record
TN:
SF:models\discriminacion.js
FN:5,(anonymous_0)
FN:12,(anonymous_1)
FNF:2
FNH:1
FNDA:1,(anonymous_0)
FNDA:0,(anonymous_1)
DA:4,1
DA:5,1
DA:16,1
DA:117,1
DA:118,1
LF:5
LH:5
BRF:0
BRH:0
end_of_record
TN:
SF:models\documento.js
FN:5,(anonymous_0)
FN:12,(anonymous_1)
FNF:2
FNH:1
FNDA:1,(anonymous_0)
FNDA:0,(anonymous_1)
DA:4,1
DA:5,1
DA:16,1
DA:24,1
LF:4
LH:4
BRF:0
BRH:0
end_of_record
TN:
SF:models\externa.js
FN:5,(anonymous_0)
FN:12,(anonymous_1)
FNF:2
FNH:1
FNDA:1,(anonymous_0)
FNDA:0,(anonymous_1)
DA:4,1
DA:5,1
DA:16,1
DA:22,1
DA:23,1
LF:5
LH:5
BRF:0
BRH:0
end_of_record
TN:
SF:models\extranjeria.js
FN:5,(anonymous_0)
FN:12,(anonymous_1)
FNF:2
FNH:1
FNDA:1,(anonymous_0)
FNDA:0,(anonymous_1)
DA:4,1
DA:5,1
DA:16,1
DA:22,1
DA:23,1
LF:5
LH:5
BRF:0
BRH:0
end_of_record
TN:
SF:models\index.js
FNF:0
FNH:0
DA:1,1
DA:2,1
DA:3,1
DA:15,1
DA:16,1
DA:17,1
DA:24,1
DA:25,1
DA:26,1
DA:27,1
DA:28,1
DA:29,1
DA:30,1
DA:31,1
DA:32,1
DA:33,1
DA:34,1
DA:35,1
DA:36,1
DA:37,1
DA:38,1
DA:39,1
DA:40,1
DA:43,1
DA:44,1
DA:46,1
DA:47,1
DA:49,1
DA:50,1
DA:52,1
DA:53,1
DA:56,1
DA:57,1
DA:58,1
DA:59,1
DA:60,1
DA:61,1
DA:63,1
DA:64,1
DA:66,1
DA:67,1
DA:69,1
DA:70,1
DA:71,1
DA:72,1
DA:73,1
DA:74,1
DA:75,1
DA:76,1
DA:77,1
DA:78,1
DA:80,1
DA:81,1
DA:83,1
DA:84,1
DA:86,1
DA:87,1
DA:88,1
LF:58
LH:58
BRF:0
BRH:0
end_of_record
TN:
SF:models\interna.js
FN:5,(anonymous_0)
FN:12,(anonymous_1)
FNF:2
FNH:1
FNDA:1,(anonymous_0)
FNDA:0,(anonymous_1)
DA:4,1
DA:5,1
DA:16,1
DA:24,1
DA:25,1
LF:5
LH:5
BRF:0
BRH:0
end_of_record
TN:
SF:models\intervencion.js
FN:5,(anonymous_0)
FN:12,(anonymous_1)
FNF:2
FNH:1
FNDA:1,(anonymous_0)
FNDA:0,(anonymous_1)
DA:4,1
DA:5,1
DA:16,1
DA:24,1
LF:4
LH:4
BRF:0
BRH:0
end_of_record
TN:
SF:models\nacionalidad.js
FN:5,(anonymous_0)
FN:12,(anonymous_1)
FNF:2
FNH:1
FNDA:1,(anonymous_0)
FNDA:0,(anonymous_1)
DA:4,1
DA:5,1
DA:16,1
DA:23,1
DA:24,1
LF:5
LH:5
BRF:0
BRH:0
end_of_record
TN:
SF:models\necesidadextranjeria.js
FN:5,(anonymous_0)
FN:12,(anonymous_1)
FNF:2
FNH:1
FNDA:1,(anonymous_0)
FNDA:0,(anonymous_1)
DA:4,1
DA:5,1
DA:16,1
DA:23,1
DA:24,1
LF:5
LH:5
BRF:0
BRH:0
end_of_record
TN:
SF:models\proyectoextranjeria.js
FN:5,(anonymous_0)
FN:12,(anonymous_1)
FNF:2
FNH:1
FNDA:1,(anonymous_0)
FNDA:0,(anonymous_1)
DA:4,1
DA:5,1
DA:16,1
DA:23,1
DA:24,1
LF:5
LH:5
BRF:0
BRH:0
end_of_record
TN:
SF:models\sede.js
FN:5,(anonymous_0)
FN:12,(anonymous_1)
FNF:2
FNH:1
FNDA:1,(anonymous_0)
FNDA:0,(anonymous_1)
DA:4,1
DA:5,1
DA:16,1
DA:35,1
LF:4
LH:4
BRF:0
BRH:0
end_of_record
TN:
SF:models\trabajador.js
FN:7,(anonymous_0)
FN:14,(anonymous_1)
FNF:2
FNH:1
FNDA:1,(anonymous_0)
FNDA:0,(anonymous_1)
DA:4,1
DA:7,1
DA:18,1
DA:47,1
LF:4
LH:4
BRF:0
BRH:0
end_of_record
TN:
SF:models\trabajador_sede.js
FN:5,(anonymous_0)
FN:12,(anonymous_1)
FNF:2
FNH:1
FNDA:1,(anonymous_0)
FNDA:0,(anonymous_1)
DA:4,1
DA:5,1
DA:16,1
DA:22,1
DA:23,1
LF:5
LH:5
BRF:0
BRH:0
end_of_record
TN:
SF:models\trabajadorahogar.js
FN:5,(anonymous_0)
FN:12,(anonymous_1)
FNF:2
FNH:1
FNDA:1,(anonymous_0)
FNDA:0,(anonymous_1)
DA:4,1
DA:5,1
DA:16,1
DA:49,1
DA:50,1
LF:5
LH:5
BRF:0
BRH:0
end_of_record
TN:
SF:models\usuario.js
FN:5,(anonymous_0)
FN:12,(anonymous_1)
FNF:2
FNH:1
FNDA:1,(anonymous_0)
FNDA:0,(anonymous_1)
DA:4,1
DA:5,1
DA:16,1
DA:67,1
LF:4
LH:4
BRF:0
BRH:0
end_of_record
TN:
SF:routes\index.js
FN:13,(anonymous_0)
FN:19,(anonymous_1)
FNF:2
FNH:0
FNDA:0,(anonymous_0)
FNDA:0,(anonymous_1)
DA:2,1
DA:3,1
DA:4,1
DA:5,1
DA:6,1
DA:7,1
DA:8,1
DA:9,1
DA:10,1
DA:11,1
DA:13,1
DA:14,0
DA:16,0
DA:17,0
DA:19,0
DA:20,0
DA:21,0
DA:23,0
DA:29,1
DA:31,1
DA:33,1
DA:35,1
DA:37,1
DA:39,1
DA:43,1
DA:45,1
DA:48,1
DA:50,1
DA:52,1
DA:54,1
DA:56,1
DA:59,1
DA:61,1
DA:63,1
DA:65,1
DA:67,1
DA:69,1
DA:71,1
DA:73,1
DA:75,1
DA:77,1
DA:79,1
DA:82,1
DA:84,1
DA:86,1
DA:89,1
DA:91,1
DA:93,1
DA:95,1
DA:97,1
DA:99,1
DA:101,1
DA:103,1
DA:105,1
DA:107,1
DA:109,1
DA:111,1
DA:113,1
DA:115,1
DA:117,1
DA:119,1
DA:121,1
DA:123,1
DA:125,1
DA:128,1
DA:130,1
DA:132,1
DA:134,1
DA:136,1
DA:138,1
DA:140,1
LF:71
LH:64
BRDA:16,0,0,0
BRDA:16,0,1,0
BRDA:20,1,0,0
BRDA:20,1,1,0
BRF:4
BRH:0
end_of_record
